2024-12-12 15:13:43,431 INFO [restartedMain] org.springframework.boot.StartupInfoLogger [51] Starting PullAndSavePOSTxnDataApplication using Java 17.0.2 with PID 27416 (E:\Projects\Zambia-Recon\PullPOSTxnData\target\classes started by vinayak more in E:\Projects\Zambia-Recon\PullPOSTxnData)
2024-12-12 15:13:43,436 INFO [restartedMain] org.springframework.boot.SpringApplication [634] No active profile set, falling back to 1 default profile: "default"
2024-12-12 15:13:43,529 INFO [restartedMain] org.springframework.boot.logging.DeferredLog [250] Devtools property defaults active! Set 'spring.devtools.add-properties' to 'false' to disable
2024-12-12 15:13:43,529 INFO [restartedMain] org.springframework.boot.logging.DeferredLog [250] For additional web related logging consider setting the 'logging.level.web' property to 'DEBUG'
2024-12-12 15:13:44,551 INFO [restartedMain] org.springframework.data.repository.config.RepositoryConfigurationDelegate [138] Bootstrapping Spring Data JPA repositories in DEFAULT mode.
2024-12-12 15:13:44,630 INFO [restartedMain] org.springframework.data.repository.config.RepositoryConfigurationDelegate [208] Finished Spring Data repository scanning in 67 ms. Found 2 JPA repository interfaces.
2024-12-12 15:13:45,388 INFO [restartedMain] org.springframework.boot.web.embedded.tomcat.TomcatWebServer [108] Tomcat initialized with port(s): 7175 (http)
2024-12-12 15:13:45,399 INFO [restartedMain] org.apache.juli.logging.DirectJDKLog [173] Initializing ProtocolHandler ["http-nio-7175"]
2024-12-12 15:13:45,402 INFO [restartedMain] org.apache.juli.logging.DirectJDKLog [173] Starting service [Tomcat]
2024-12-12 15:13:45,402 INFO [restartedMain] org.apache.juli.logging.DirectJDKLog [173] Starting Servlet engine: [Apache Tomcat/10.1.12]
2024-12-12 15:13:45,490 INFO [restartedMain] org.apache.juli.logging.DirectJDKLog [173] Initializing Spring embedded WebApplicationContext
2024-12-12 15:13:45,492 INFO [restartedMain] org.springframework.boot.web.servlet.context.ServletWebServerApplicationContext [291] Root WebApplicationContext: initialization completed in 1959 ms
2024-12-12 15:13:45,663 INFO [restartedMain] com.zaxxer.hikari.HikariDataSource [110] mssql-zambia - Starting...
2024-12-12 15:13:51,576 INFO [restartedMain] com.zaxxer.hikari.pool.HikariPool [565] mssql-zambia - Added connection ConnectionID:1 ClientConnectionId: 1dd62403-c66e-4d10-9455-9cbdae4d97ce
2024-12-12 15:13:51,579 INFO [restartedMain] com.zaxxer.hikari.HikariDataSource [123] mssql-zambia - Start completed.
2024-12-12 15:13:51,635 INFO [restartedMain] org.hibernate.jpa.internal.util.LogHelper [31] HHH000204: Processing PersistenceUnitInfo [name: default]
2024-12-12 15:13:51,691 INFO [restartedMain] org.hibernate.Version [44] HHH000412: Hibernate ORM core version 6.2.7.Final
2024-12-12 15:13:51,693 INFO [restartedMain] org.hibernate.cfg.Environment [191] HHH000406: Using bytecode reflection optimizer
2024-12-12 15:13:51,819 INFO [restartedMain] org.hibernate.bytecode.internal.BytecodeProviderInitiator [53] HHH000021: Bytecode provider name : bytebuddy
2024-12-12 15:13:51,937 INFO [restartedMain] org.springframework.orm.jpa.persistenceunit.SpringPersistenceUnitInfo [87] No LoadTimeWeaver setup: ignoring JPA class transformer
2024-12-12 15:13:51,967 WARN [restartedMain] org.hibernate.engine.jdbc.dialect.internal.DialectFactoryImpl [100] HHH90000026: SQLServer2012Dialect has been deprecated; use org.hibernate.dialect.SQLServerDialect instead
2024-12-12 15:13:53,733 INFO [restartedMain] org.hibernate.bytecode.internal.BytecodeProviderInitiator [53] HHH000021: Bytecode provider name : bytebuddy
2024-12-12 15:13:54,304 INFO [restartedMain] org.hibernate.engine.transaction.jta.platform.internal.JtaPlatformInitiator [51] HHH000490: Using JtaPlatform implementation: [org.hibernate.engine.transaction.jta.platform.internal.NoJtaPlatform]
2024-12-12 15:13:54,307 INFO [restartedMain] org.springframework.orm.jpa.AbstractEntityManagerFactoryBean [437] Initialized JPA EntityManagerFactory for persistence unit 'default'
2024-12-12 15:13:54,588 INFO [restartedMain] org.springframework.data.jpa.repository.query.QueryEnhancerFactory [47] Hibernate is in classpath; If applicable, HQL parser will be used.
2024-12-12 15:13:55,523 WARN [restartedMain] org.springframework.boot.autoconfigure.orm.jpa.JpaBaseConfiguration$JpaWebConfiguration [231] spring.jpa.open-in-view is enabled by default. Therefore, database queries may be performed during view rendering. Explicitly configure spring.jpa.open-in-view to disable this warning
2024-12-12 15:13:55,894 INFO [restartedMain] org.springframework.boot.devtools.autoconfigure.OptionalLiveReloadServer [59] LiveReload server is running on port 35729
2024-12-12 15:13:55,906 INFO [restartedMain] org.apache.juli.logging.DirectJDKLog [173] Starting ProtocolHandler ["http-nio-7175"]
2024-12-12 15:13:55,935 INFO [restartedMain] org.springframework.boot.web.embedded.tomcat.TomcatWebServer [220] Tomcat started on port(s): 7175 (http) with context path ''
2024-12-12 15:13:55,952 INFO [restartedMain] org.springframework.boot.StartupInfoLogger [57] Started PullAndSavePOSTxnDataApplication in 12.979 seconds (process running for 13.855)
2024-12-12 15:17:01,774 INFO [restartedMain] org.springframework.boot.StartupInfoLogger [51] Starting PullAndSavePOSTxnDataApplication using Java 17.0.2 with PID 23776 (E:\Projects\Zambia-Recon\PullPOSTxnData\target\classes started by vinayak more in E:\Projects\Zambia-Recon\PullPOSTxnData)
2024-12-12 15:17:01,777 INFO [restartedMain] org.springframework.boot.SpringApplication [634] No active profile set, falling back to 1 default profile: "default"
2024-12-12 15:17:01,839 INFO [restartedMain] org.springframework.boot.logging.DeferredLog [250] Devtools property defaults active! Set 'spring.devtools.add-properties' to 'false' to disable
2024-12-12 15:17:01,840 INFO [restartedMain] org.springframework.boot.logging.DeferredLog [250] For additional web related logging consider setting the 'logging.level.web' property to 'DEBUG'
2024-12-12 15:17:02,445 INFO [restartedMain] org.springframework.data.repository.config.RepositoryConfigurationDelegate [138] Bootstrapping Spring Data JPA repositories in DEFAULT mode.
2024-12-12 15:17:02,515 INFO [restartedMain] org.springframework.data.repository.config.RepositoryConfigurationDelegate [208] Finished Spring Data repository scanning in 61 ms. Found 2 JPA repository interfaces.
2024-12-12 15:17:03,284 INFO [restartedMain] org.springframework.boot.web.embedded.tomcat.TomcatWebServer [108] Tomcat initialized with port(s): 7175 (http)
2024-12-12 15:17:03,296 INFO [restartedMain] org.apache.juli.logging.DirectJDKLog [173] Initializing ProtocolHandler ["http-nio-7175"]
2024-12-12 15:17:03,299 INFO [restartedMain] org.apache.juli.logging.DirectJDKLog [173] Starting service [Tomcat]
2024-12-12 15:17:03,299 INFO [restartedMain] org.apache.juli.logging.DirectJDKLog [173] Starting Servlet engine: [Apache Tomcat/10.1.12]
2024-12-12 15:17:03,379 INFO [restartedMain] org.apache.juli.logging.DirectJDKLog [173] Initializing Spring embedded WebApplicationContext
2024-12-12 15:17:03,380 INFO [restartedMain] org.springframework.boot.web.servlet.context.ServletWebServerApplicationContext [291] Root WebApplicationContext: initialization completed in 1538 ms
2024-12-12 15:17:03,546 INFO [restartedMain] com.zaxxer.hikari.HikariDataSource [110] mssql-zambia - Starting...
2024-12-12 15:17:06,707 INFO [restartedMain] com.zaxxer.hikari.pool.HikariPool [565] mssql-zambia - Added connection ConnectionID:1 ClientConnectionId: 6afce046-23f9-47e9-a9b3-39c70f7a6f0c
2024-12-12 15:17:06,708 INFO [restartedMain] com.zaxxer.hikari.HikariDataSource [123] mssql-zambia - Start completed.
2024-12-12 15:17:06,749 INFO [restartedMain] org.hibernate.jpa.internal.util.LogHelper [31] HHH000204: Processing PersistenceUnitInfo [name: default]
2024-12-12 15:17:06,805 INFO [restartedMain] org.hibernate.Version [44] HHH000412: Hibernate ORM core version 6.2.7.Final
2024-12-12 15:17:06,807 INFO [restartedMain] org.hibernate.cfg.Environment [191] HHH000406: Using bytecode reflection optimizer
2024-12-12 15:17:06,942 INFO [restartedMain] org.hibernate.bytecode.internal.BytecodeProviderInitiator [53] HHH000021: Bytecode provider name : bytebuddy
2024-12-12 15:17:07,070 INFO [restartedMain] org.springframework.orm.jpa.persistenceunit.SpringPersistenceUnitInfo [87] No LoadTimeWeaver setup: ignoring JPA class transformer
2024-12-12 15:17:07,104 WARN [restartedMain] org.hibernate.engine.jdbc.dialect.internal.DialectFactoryImpl [100] HHH90000026: SQLServer2012Dialect has been deprecated; use org.hibernate.dialect.SQLServerDialect instead
2024-12-12 15:17:08,060 INFO [restartedMain] org.hibernate.bytecode.internal.BytecodeProviderInitiator [53] HHH000021: Bytecode provider name : bytebuddy
2024-12-12 15:17:08,615 INFO [restartedMain] org.hibernate.engine.transaction.jta.platform.internal.JtaPlatformInitiator [51] HHH000490: Using JtaPlatform implementation: [org.hibernate.engine.transaction.jta.platform.internal.NoJtaPlatform]
2024-12-12 15:17:08,618 INFO [restartedMain] org.springframework.orm.jpa.AbstractEntityManagerFactoryBean [437] Initialized JPA EntityManagerFactory for persistence unit 'default'
2024-12-12 15:17:08,884 INFO [restartedMain] org.springframework.data.jpa.repository.query.QueryEnhancerFactory [47] Hibernate is in classpath; If applicable, HQL parser will be used.
2024-12-12 15:17:09,391 WARN [restartedMain] org.springframework.boot.autoconfigure.orm.jpa.JpaBaseConfiguration$JpaWebConfiguration [231] spring.jpa.open-in-view is enabled by default. Therefore, database queries may be performed during view rendering. Explicitly configure spring.jpa.open-in-view to disable this warning
2024-12-12 15:17:09,682 INFO [restartedMain] org.springframework.boot.devtools.autoconfigure.OptionalLiveReloadServer [59] LiveReload server is running on port 35729
2024-12-12 15:17:09,694 INFO [restartedMain] org.apache.juli.logging.DirectJDKLog [173] Starting ProtocolHandler ["http-nio-7175"]
2024-12-12 15:17:09,719 INFO [restartedMain] org.springframework.boot.web.embedded.tomcat.TomcatWebServer [220] Tomcat started on port(s): 7175 (http) with context path ''
2024-12-12 15:17:09,737 INFO [restartedMain] org.springframework.boot.StartupInfoLogger [57] Started PullAndSavePOSTxnDataApplication in 8.268 seconds (process running for 8.945)
2024-12-12 15:17:45,784 INFO [restartedMain] org.springframework.boot.StartupInfoLogger [51] Starting PullAndSavePOSTxnDataApplication using Java 17.0.2 with PID 23136 (E:\Projects\Zambia-Recon\PullPOSTxnData\target\classes started by vinayak more in E:\Projects\Zambia-Recon\PullPOSTxnData)
2024-12-12 15:17:45,787 INFO [restartedMain] org.springframework.boot.SpringApplication [634] No active profile set, falling back to 1 default profile: "default"
2024-12-12 15:17:45,846 INFO [restartedMain] org.springframework.boot.logging.DeferredLog [250] Devtools property defaults active! Set 'spring.devtools.add-properties' to 'false' to disable
2024-12-12 15:17:45,846 INFO [restartedMain] org.springframework.boot.logging.DeferredLog [250] For additional web related logging consider setting the 'logging.level.web' property to 'DEBUG'
2024-12-12 15:17:46,468 INFO [restartedMain] org.springframework.data.repository.config.RepositoryConfigurationDelegate [138] Bootstrapping Spring Data JPA repositories in DEFAULT mode.
2024-12-12 15:17:46,527 INFO [restartedMain] org.springframework.data.repository.config.RepositoryConfigurationDelegate [208] Finished Spring Data repository scanning in 50 ms. Found 2 JPA repository interfaces.
2024-12-12 15:17:47,362 INFO [restartedMain] org.springframework.boot.web.embedded.tomcat.TomcatWebServer [108] Tomcat initialized with port(s): 7175 (http)
2024-12-12 15:17:47,375 INFO [restartedMain] org.apache.juli.logging.DirectJDKLog [173] Initializing ProtocolHandler ["http-nio-7175"]
2024-12-12 15:17:47,379 INFO [restartedMain] org.apache.juli.logging.DirectJDKLog [173] Starting service [Tomcat]
2024-12-12 15:17:47,380 INFO [restartedMain] org.apache.juli.logging.DirectJDKLog [173] Starting Servlet engine: [Apache Tomcat/10.1.12]
2024-12-12 15:17:47,519 INFO [restartedMain] org.apache.juli.logging.DirectJDKLog [173] Initializing Spring embedded WebApplicationContext
2024-12-12 15:17:47,522 INFO [restartedMain] org.springframework.boot.web.servlet.context.ServletWebServerApplicationContext [291] Root WebApplicationContext: initialization completed in 1672 ms
2024-12-12 15:17:47,841 INFO [restartedMain] com.zaxxer.hikari.HikariDataSource [110] mssql-zambia - Starting...
2024-12-12 15:17:51,228 INFO [restartedMain] com.zaxxer.hikari.pool.HikariPool [565] mssql-zambia - Added connection ConnectionID:1 ClientConnectionId: aeda4133-5383-4a8a-8ac5-8987c22435d9
2024-12-12 15:17:51,230 INFO [restartedMain] com.zaxxer.hikari.HikariDataSource [123] mssql-zambia - Start completed.
2024-12-12 15:17:51,285 INFO [restartedMain] org.hibernate.jpa.internal.util.LogHelper [31] HHH000204: Processing PersistenceUnitInfo [name: default]
2024-12-12 15:17:51,345 INFO [restartedMain] org.hibernate.Version [44] HHH000412: Hibernate ORM core version 6.2.7.Final
2024-12-12 15:17:51,349 INFO [restartedMain] org.hibernate.cfg.Environment [191] HHH000406: Using bytecode reflection optimizer
2024-12-12 15:17:51,482 INFO [restartedMain] org.hibernate.bytecode.internal.BytecodeProviderInitiator [53] HHH000021: Bytecode provider name : bytebuddy
2024-12-12 15:17:51,597 INFO [restartedMain] org.springframework.orm.jpa.persistenceunit.SpringPersistenceUnitInfo [87] No LoadTimeWeaver setup: ignoring JPA class transformer
2024-12-12 15:17:51,627 WARN [restartedMain] org.hibernate.engine.jdbc.dialect.internal.DialectFactoryImpl [100] HHH90000026: SQLServer2012Dialect has been deprecated; use org.hibernate.dialect.SQLServerDialect instead
2024-12-12 15:17:53,079 INFO [restartedMain] org.hibernate.bytecode.internal.BytecodeProviderInitiator [53] HHH000021: Bytecode provider name : bytebuddy
2024-12-12 15:17:53,661 INFO [restartedMain] org.hibernate.engine.transaction.jta.platform.internal.JtaPlatformInitiator [51] HHH000490: Using JtaPlatform implementation: [org.hibernate.engine.transaction.jta.platform.internal.NoJtaPlatform]
2024-12-12 15:17:53,663 INFO [restartedMain] org.springframework.orm.jpa.AbstractEntityManagerFactoryBean [437] Initialized JPA EntityManagerFactory for persistence unit 'default'
2024-12-12 15:17:53,962 INFO [restartedMain] org.springframework.data.jpa.repository.query.QueryEnhancerFactory [47] Hibernate is in classpath; If applicable, HQL parser will be used.
2024-12-12 15:17:54,489 WARN [restartedMain] org.springframework.boot.autoconfigure.orm.jpa.JpaBaseConfiguration$JpaWebConfiguration [231] spring.jpa.open-in-view is enabled by default. Therefore, database queries may be performed during view rendering. Explicitly configure spring.jpa.open-in-view to disable this warning
2024-12-12 15:17:54,833 INFO [restartedMain] org.springframework.boot.devtools.autoconfigure.OptionalLiveReloadServer [59] LiveReload server is running on port 35729
2024-12-12 15:17:54,844 INFO [restartedMain] org.apache.juli.logging.DirectJDKLog [173] Starting ProtocolHandler ["http-nio-7175"]
2024-12-12 15:17:54,868 INFO [restartedMain] org.springframework.boot.web.embedded.tomcat.TomcatWebServer [220] Tomcat started on port(s): 7175 (http) with context path ''
2024-12-12 15:17:54,883 INFO [restartedMain] org.springframework.boot.StartupInfoLogger [57] Started PullAndSavePOSTxnDataApplication in 9.413 seconds (process running for 10.122)
2024-12-12 15:21:57,847 WARN [mssql-zambia housekeeper] com.zaxxer.hikari.pool.ProxyLeakTask [84] Connection leak detection triggered for ConnectionID:1 ClientConnectionId: aeda4133-5383-4a8a-8ac5-8987c22435d9 on thread scheduling-1, stack trace follows
java.lang.Exception: Apparent connection leak detected
	at com.zaxxer.hikari.HikariDataSource.getConnection(HikariDataSource.java:128)
	at org.hibernate.engine.jdbc.connections.internal.DatasourceConnectionProviderImpl.getConnection(DatasourceConnectionProviderImpl.java:122)
	at org.hibernate.internal.NonContextualJdbcConnectionAccess.obtainConnection(NonContextualJdbcConnectionAccess.java:38)
	at org.hibernate.resource.jdbc.internal.LogicalConnectionManagedImpl.acquireConnectionIfNeeded(LogicalConnectionManagedImpl.java:113)
	at org.hibernate.resource.jdbc.internal.LogicalConnectionManagedImpl.getPhysicalConnection(LogicalConnectionManagedImpl.java:143)
	at org.hibernate.resource.jdbc.internal.LogicalConnectionManagedImpl.getConnectionForTransactionManagement(LogicalConnectionManagedImpl.java:273)
	at org.hibernate.resource.jdbc.internal.LogicalConnectionManagedImpl.begin(LogicalConnectionManagedImpl.java:281)
	at org.hibernate.resource.transaction.backend.jdbc.internal.JdbcResourceLocalTransactionCoordinatorImpl$TransactionDriverControlImpl.begin(JdbcResourceLocalTransactionCoordinatorImpl.java:232)
	at org.hibernate.engine.transaction.internal.TransactionImpl.begin(TransactionImpl.java:83)
	at org.springframework.orm.jpa.vendor.HibernateJpaDialect.beginTransaction(HibernateJpaDialect.java:164)
	at org.springframework.orm.jpa.JpaTransactionManager.doBegin(JpaTransactionManager.java:420)
	at org.springframework.transaction.support.AbstractPlatformTransactionManager.startTransaction(AbstractPlatformTransactionManager.java:400)
	at org.springframework.transaction.support.AbstractPlatformTransactionManager.getTransaction(AbstractPlatformTransactionManager.java:373)
	at org.springframework.transaction.interceptor.TransactionAspectSupport.createTransactionIfNecessary(TransactionAspectSupport.java:601)
	at org.springframework.transaction.interceptor.TransactionAspectSupport.invokeWithinTransaction(TransactionAspectSupport.java:385)
	at org.springframework.transaction.interceptor.TransactionInterceptor.invoke(TransactionInterceptor.java:119)
	at org.springframework.aop.framework.ReflectiveMethodInvocation.proceed(ReflectiveMethodInvocation.java:184)
	at org.springframework.dao.support.PersistenceExceptionTranslationInterceptor.invoke(PersistenceExceptionTranslationInterceptor.java:137)
	at org.springframework.aop.framework.ReflectiveMethodInvocation.proceed(ReflectiveMethodInvocation.java:184)
	at org.springframework.data.jpa.repository.support.CrudMethodMetadataPostProcessor$CrudMethodMetadataPopulatingMethodInterceptor.invoke(CrudMethodMetadataPostProcessor.java:164)
	at org.springframework.aop.framework.ReflectiveMethodInvocation.proceed(ReflectiveMethodInvocation.java:184)
	at org.springframework.aop.interceptor.ExposeInvocationInterceptor.invoke(ExposeInvocationInterceptor.java:97)
	at org.springframework.aop.framework.ReflectiveMethodInvocation.proceed(ReflectiveMethodInvocation.java:184)
	at org.springframework.aop.framework.JdkDynamicAopProxy.invoke(JdkDynamicAopProxy.java:244)
	at jdk.proxy4/jdk.proxy4.$Proxy109.save(Unknown Source)
	at com.sil.services.pullPOSTxnData.fetchAndStoreTransactions(pullPOSTxnData.java:76)
	at com.sil.services.ScheduledTasks.runDailyTask(ScheduledTasks.java:24)
	at java.base/jdk.internal.reflect.NativeMethodAccessorImpl.invoke0(Native Method)
	at java.base/jdk.internal.reflect.NativeMethodAccessorImpl.invoke(NativeMethodAccessorImpl.java:77)
	at java.base/jdk.internal.reflect.DelegatingMethodAccessorImpl.invoke(DelegatingMethodAccessorImpl.java:43)
	at java.base/java.lang.reflect.Method.invoke(Method.java:568)
	at org.springframework.scheduling.support.ScheduledMethodRunnable.run(ScheduledMethodRunnable.java:84)
	at org.springframework.scheduling.support.DelegatingErrorHandlingRunnable.run(DelegatingErrorHandlingRunnable.java:54)
	at org.springframework.scheduling.concurrent.ReschedulingRunnable.run(ReschedulingRunnable.java:96)
	at java.base/java.util.concurrent.Executors$RunnableAdapter.call(Executors.java:539)
	at java.base/java.util.concurrent.FutureTask.run(FutureTask.java:264)
	at java.base/java.util.concurrent.ScheduledThreadPoolExecutor$ScheduledFutureTask.run(ScheduledThreadPoolExecutor.java:304)
	at java.base/java.util.concurrent.ThreadPoolExecutor.runWorker(ThreadPoolExecutor.java:1136)
	at java.base/java.util.concurrent.ThreadPoolExecutor$Worker.run(ThreadPoolExecutor.java:635)
	at java.base/java.lang.Thread.run(Thread.java:833)
2024-12-12 15:22:01,475 WARN [scheduling-1] com.zaxxer.hikari.pool.ProxyConnection [177] mssql-zambia - Connection ConnectionID:1 ClientConnectionId: aeda4133-5383-4a8a-8ac5-8987c22435d9 marked as broken because of SQLSTATE(08S01), ErrorCode(0)
com.microsoft.sqlserver.jdbc.SQLServerException: Connection reset
	at com.microsoft.sqlserver.jdbc.SQLServerConnection.terminate(SQLServerConnection.java:2435)
	at com.microsoft.sqlserver.jdbc.TDSChannel.read(IOBuffer.java:1991)
	at com.microsoft.sqlserver.jdbc.TDSReader.readPacket(IOBuffer.java:6310)
	at com.microsoft.sqlserver.jdbc.TDSCommand.startResponse(IOBuffer.java:7548)
	at com.microsoft.sqlserver.jdbc.TDSCommand.startResponse(IOBuffer.java:7507)
	at com.microsoft.sqlserver.jdbc.SQLServerConnection$1ConnectionCommand.doExecute(SQLServerConnection.java:2519)
	at com.microsoft.sqlserver.jdbc.TDSCommand.execute(IOBuffer.java:7151)
	at com.microsoft.sqlserver.jdbc.SQLServerConnection.executeCommand(SQLServerConnection.java:2478)
	at com.microsoft.sqlserver.jdbc.SQLServerConnection.connectionCommand(SQLServerConnection.java:2524)
	at com.microsoft.sqlserver.jdbc.SQLServerConnection.setAutoCommit(SQLServerConnection.java:2651)
	at com.zaxxer.hikari.pool.ProxyConnection.setAutoCommit(ProxyConnection.java:401)
	at com.zaxxer.hikari.pool.HikariProxyConnection.setAutoCommit(HikariProxyConnection.java)
	at org.hibernate.resource.jdbc.internal.AbstractLogicalConnectionImplementor.begin(AbstractLogicalConnectionImplementor.java:72)
	at org.hibernate.resource.jdbc.internal.LogicalConnectionManagedImpl.begin(LogicalConnectionManagedImpl.java:282)
	at org.hibernate.resource.transaction.backend.jdbc.internal.JdbcResourceLocalTransactionCoordinatorImpl$TransactionDriverControlImpl.begin(JdbcResourceLocalTransactionCoordinatorImpl.java:232)
	at org.hibernate.engine.transaction.internal.TransactionImpl.begin(TransactionImpl.java:83)
	at org.springframework.orm.jpa.vendor.HibernateJpaDialect.beginTransaction(HibernateJpaDialect.java:164)
	at org.springframework.orm.jpa.JpaTransactionManager.doBegin(JpaTransactionManager.java:420)
	at org.springframework.transaction.support.AbstractPlatformTransactionManager.startTransaction(AbstractPlatformTransactionManager.java:400)
	at org.springframework.transaction.support.AbstractPlatformTransactionManager.getTransaction(AbstractPlatformTransactionManager.java:373)
	at org.springframework.transaction.interceptor.TransactionAspectSupport.createTransactionIfNecessary(TransactionAspectSupport.java:601)
	at org.springframework.transaction.interceptor.TransactionAspectSupport.invokeWithinTransaction(TransactionAspectSupport.java:385)
	at org.springframework.transaction.interceptor.TransactionInterceptor.invoke(TransactionInterceptor.java:119)
	at org.springframework.aop.framework.ReflectiveMethodInvocation.proceed(ReflectiveMethodInvocation.java:184)
	at org.springframework.dao.support.PersistenceExceptionTranslationInterceptor.invoke(PersistenceExceptionTranslationInterceptor.java:137)
	at org.springframework.aop.framework.ReflectiveMethodInvocation.proceed(ReflectiveMethodInvocation.java:184)
	at org.springframework.data.jpa.repository.support.CrudMethodMetadataPostProcessor$CrudMethodMetadataPopulatingMethodInterceptor.invoke(CrudMethodMetadataPostProcessor.java:164)
	at org.springframework.aop.framework.ReflectiveMethodInvocation.proceed(ReflectiveMethodInvocation.java:184)
	at org.springframework.aop.interceptor.ExposeInvocationInterceptor.invoke(ExposeInvocationInterceptor.java:97)
	at org.springframework.aop.framework.ReflectiveMethodInvocation.proceed(ReflectiveMethodInvocation.java:184)
	at org.springframework.aop.framework.JdkDynamicAopProxy.invoke(JdkDynamicAopProxy.java:244)
	at jdk.proxy4/jdk.proxy4.$Proxy109.save(Unknown Source)
	at com.sil.services.pullPOSTxnData.fetchAndStoreTransactions(pullPOSTxnData.java:76)
	at com.sil.services.ScheduledTasks.runDailyTask(ScheduledTasks.java:24)
	at java.base/jdk.internal.reflect.NativeMethodAccessorImpl.invoke0(Native Method)
	at java.base/jdk.internal.reflect.NativeMethodAccessorImpl.invoke(NativeMethodAccessorImpl.java:77)
	at java.base/jdk.internal.reflect.DelegatingMethodAccessorImpl.invoke(DelegatingMethodAccessorImpl.java:43)
	at java.base/java.lang.reflect.Method.invoke(Method.java:568)
	at org.springframework.scheduling.support.ScheduledMethodRunnable.run(ScheduledMethodRunnable.java:84)
	at org.springframework.scheduling.support.DelegatingErrorHandlingRunnable.run(DelegatingErrorHandlingRunnable.java:54)
	at org.springframework.scheduling.concurrent.ReschedulingRunnable.run(ReschedulingRunnable.java:96)
	at java.base/java.util.concurrent.Executors$RunnableAdapter.call(Executors.java:539)
	at java.base/java.util.concurrent.FutureTask.run(FutureTask.java:264)
	at java.base/java.util.concurrent.ScheduledThreadPoolExecutor$ScheduledFutureTask.run(ScheduledThreadPoolExecutor.java:304)
	at java.base/java.util.concurrent.ThreadPoolExecutor.runWorker(ThreadPoolExecutor.java:1136)
	at java.base/java.util.concurrent.ThreadPoolExecutor$Worker.run(ThreadPoolExecutor.java:635)
	at java.base/java.lang.Thread.run(Thread.java:833)
Caused by: java.net.SocketException: Connection reset
	at java.base/sun.nio.ch.NioSocketImpl.implRead(NioSocketImpl.java:323)
	at java.base/sun.nio.ch.NioSocketImpl.read(NioSocketImpl.java:350)
	at java.base/sun.nio.ch.NioSocketImpl$1.read(NioSocketImpl.java:803)
	at java.base/java.net.Socket$SocketInputStream.read(Socket.java:966)
	at com.microsoft.sqlserver.jdbc.TDSChannel.read(IOBuffer.java:1981)
	... 45 common frames omitted
2024-12-12 15:22:01,476 INFO [scheduling-1] com.zaxxer.hikari.pool.ProxyLeakTask [91] Previously reported leaked connection ConnectionID:1 ClientConnectionId: aeda4133-5383-4a8a-8ac5-8987c22435d9 on thread scheduling-1 was returned to the pool (unleaked)
2024-12-12 15:26:01,028 WARN [scheduling-1] com.zaxxer.hikari.pool.PoolBase [179] mssql-zambia - Failed to validate connection ConnectionID:2 ClientConnectionId: be534f20-89c6-4f32-83e6-7714e716615c (The connection is closed.). Possibly consider using a shorter maxLifetime value.
2024-12-12 15:26:01,030 WARN [scheduling-1] com.zaxxer.hikari.pool.PoolBase [179] mssql-zambia - Failed to validate connection ConnectionID:3 ClientConnectionId: 0237eff9-85bb-4ad2-ba3d-b6289e0448f9 (The connection is closed.). Possibly consider using a shorter maxLifetime value.
2024-12-12 15:27:29,937 INFO [restartedMain] org.springframework.boot.StartupInfoLogger [51] Starting PullAndSavePOSTxnDataApplication using Java 17.0.2 with PID 13212 (E:\Projects\Zambia-Recon\PullPOSTxnData\target\classes started by vinayak more in E:\Projects\Zambia-Recon\PullPOSTxnData)
2024-12-12 15:27:29,940 INFO [restartedMain] org.springframework.boot.SpringApplication [634] No active profile set, falling back to 1 default profile: "default"
2024-12-12 15:27:30,009 INFO [restartedMain] org.springframework.boot.logging.DeferredLog [250] Devtools property defaults active! Set 'spring.devtools.add-properties' to 'false' to disable
2024-12-12 15:27:30,011 INFO [restartedMain] org.springframework.boot.logging.DeferredLog [250] For additional web related logging consider setting the 'logging.level.web' property to 'DEBUG'
2024-12-12 15:27:30,689 INFO [restartedMain] org.springframework.data.repository.config.RepositoryConfigurationDelegate [138] Bootstrapping Spring Data JPA repositories in DEFAULT mode.
2024-12-12 15:27:30,757 INFO [restartedMain] org.springframework.data.repository.config.RepositoryConfigurationDelegate [208] Finished Spring Data repository scanning in 57 ms. Found 2 JPA repository interfaces.
2024-12-12 15:27:31,544 INFO [restartedMain] org.springframework.boot.web.embedded.tomcat.TomcatWebServer [108] Tomcat initialized with port(s): 7175 (http)
2024-12-12 15:27:31,556 INFO [restartedMain] org.apache.juli.logging.DirectJDKLog [173] Initializing ProtocolHandler ["http-nio-7175"]
2024-12-12 15:27:31,559 INFO [restartedMain] org.apache.juli.logging.DirectJDKLog [173] Starting service [Tomcat]
2024-12-12 15:27:31,559 INFO [restartedMain] org.apache.juli.logging.DirectJDKLog [173] Starting Servlet engine: [Apache Tomcat/10.1.12]
2024-12-12 15:27:31,645 INFO [restartedMain] org.apache.juli.logging.DirectJDKLog [173] Initializing Spring embedded WebApplicationContext
2024-12-12 15:27:31,647 INFO [restartedMain] org.springframework.boot.web.servlet.context.ServletWebServerApplicationContext [291] Root WebApplicationContext: initialization completed in 1633 ms
2024-12-12 15:27:31,840 INFO [restartedMain] com.zaxxer.hikari.HikariDataSource [110] mssql-zambia - Starting...
2024-12-12 15:27:34,647 INFO [restartedMain] com.zaxxer.hikari.pool.HikariPool [565] mssql-zambia - Added connection ConnectionID:1 ClientConnectionId: 8d2392f9-3602-48ad-b96c-12987a38abe6
2024-12-12 15:27:34,649 INFO [restartedMain] com.zaxxer.hikari.HikariDataSource [123] mssql-zambia - Start completed.
2024-12-12 15:27:34,697 INFO [restartedMain] org.hibernate.jpa.internal.util.LogHelper [31] HHH000204: Processing PersistenceUnitInfo [name: default]
2024-12-12 15:27:34,746 INFO [restartedMain] org.hibernate.Version [44] HHH000412: Hibernate ORM core version 6.2.7.Final
2024-12-12 15:27:34,749 INFO [restartedMain] org.hibernate.cfg.Environment [191] HHH000406: Using bytecode reflection optimizer
2024-12-12 15:27:34,876 INFO [restartedMain] org.hibernate.bytecode.internal.BytecodeProviderInitiator [53] HHH000021: Bytecode provider name : bytebuddy
2024-12-12 15:27:34,990 INFO [restartedMain] org.springframework.orm.jpa.persistenceunit.SpringPersistenceUnitInfo [87] No LoadTimeWeaver setup: ignoring JPA class transformer
2024-12-12 15:27:35,024 WARN [restartedMain] org.hibernate.engine.jdbc.dialect.internal.DialectFactoryImpl [100] HHH90000026: SQLServer2012Dialect has been deprecated; use org.hibernate.dialect.SQLServerDialect instead
2024-12-12 15:27:36,070 INFO [restartedMain] org.hibernate.bytecode.internal.BytecodeProviderInitiator [53] HHH000021: Bytecode provider name : bytebuddy
2024-12-12 15:27:36,590 INFO [restartedMain] org.hibernate.engine.transaction.jta.platform.internal.JtaPlatformInitiator [51] HHH000490: Using JtaPlatform implementation: [org.hibernate.engine.transaction.jta.platform.internal.NoJtaPlatform]
2024-12-12 15:27:36,593 INFO [restartedMain] org.springframework.orm.jpa.AbstractEntityManagerFactoryBean [437] Initialized JPA EntityManagerFactory for persistence unit 'default'
2024-12-12 15:27:36,940 INFO [restartedMain] org.springframework.data.jpa.repository.query.QueryEnhancerFactory [47] Hibernate is in classpath; If applicable, HQL parser will be used.
2024-12-12 15:27:37,516 WARN [restartedMain] org.springframework.boot.autoconfigure.orm.jpa.JpaBaseConfiguration$JpaWebConfiguration [231] spring.jpa.open-in-view is enabled by default. Therefore, database queries may be performed during view rendering. Explicitly configure spring.jpa.open-in-view to disable this warning
2024-12-12 15:27:37,834 INFO [restartedMain] org.springframework.boot.devtools.autoconfigure.OptionalLiveReloadServer [59] LiveReload server is running on port 35729
2024-12-12 15:27:37,845 INFO [restartedMain] org.apache.juli.logging.DirectJDKLog [173] Starting ProtocolHandler ["http-nio-7175"]
2024-12-12 15:27:37,868 INFO [restartedMain] org.springframework.boot.web.embedded.tomcat.TomcatWebServer [220] Tomcat started on port(s): 7175 (http) with context path ''
2024-12-12 15:27:37,883 INFO [restartedMain] org.springframework.boot.StartupInfoLogger [57] Started PullAndSavePOSTxnDataApplication in 8.263 seconds (process running for 8.978)
