2024-12-08 00:52:09,228 INFO [restartedMain] org.springframework.boot.StartupInfoLogger [51] Starting PullAndSavePOSTxnDataApplication using Java 17.0.2 with PID 13820 (E:\Projects\Zambia-Recon\PullPOSTxnData\target\classes started by vinayak more in E:\Projects\Zambia-Recon\PullPOSTxnData)
2024-12-08 00:52:09,234 INFO [restartedMain] org.springframework.boot.SpringApplication [634] No active profile set, falling back to 1 default profile: "default"
2024-12-08 00:52:09,329 INFO [restartedMain] org.springframework.boot.logging.DeferredLog [250] Devtools property defaults active! Set 'spring.devtools.add-properties' to 'false' to disable
2024-12-08 00:52:09,331 INFO [restartedMain] org.springframework.boot.logging.DeferredLog [250] For additional web related logging consider setting the 'logging.level.web' property to 'DEBUG'
2024-12-08 00:52:10,076 INFO [restartedMain] org.springframework.data.repository.config.RepositoryConfigurationDelegate [138] Bootstrapping Spring Data JPA repositories in DEFAULT mode.
2024-12-08 00:52:34,172 INFO [restartedMain] org.springframework.boot.StartupInfoLogger [51] Starting PullAndSavePOSTxnDataApplication using Java 17.0.2 with PID 11252 (E:\Projects\Zambia-Recon\PullPOSTxnData\target\classes started by vinayak more in E:\Projects\Zambia-Recon\PullPOSTxnData)
2024-12-08 00:52:34,176 INFO [restartedMain] org.springframework.boot.SpringApplication [634] No active profile set, falling back to 1 default profile: "default"
2024-12-08 00:52:34,246 INFO [restartedMain] org.springframework.boot.logging.DeferredLog [250] Devtools property defaults active! Set 'spring.devtools.add-properties' to 'false' to disable
2024-12-08 00:52:34,246 INFO [restartedMain] org.springframework.boot.logging.DeferredLog [250] For additional web related logging consider setting the 'logging.level.web' property to 'DEBUG'
2024-12-08 00:52:34,880 INFO [restartedMain] org.springframework.data.repository.config.RepositoryConfigurationDelegate [138] Bootstrapping Spring Data JPA repositories in DEFAULT mode.
2024-12-08 00:52:34,937 INFO [restartedMain] org.springframework.data.repository.config.RepositoryConfigurationDelegate [208] Finished Spring Data repository scanning in 48 ms. Found 2 JPA repository interfaces.
2024-12-08 00:52:35,725 INFO [restartedMain] org.springframework.boot.web.embedded.tomcat.TomcatWebServer [108] Tomcat initialized with port(s): 7175 (http)
2024-12-08 00:52:35,736 INFO [restartedMain] org.apache.juli.logging.DirectJDKLog [173] Initializing ProtocolHandler ["http-nio-7175"]
2024-12-08 00:52:35,739 INFO [restartedMain] org.apache.juli.logging.DirectJDKLog [173] Starting service [Tomcat]
2024-12-08 00:52:35,739 INFO [restartedMain] org.apache.juli.logging.DirectJDKLog [173] Starting Servlet engine: [Apache Tomcat/10.1.12]
2024-12-08 00:52:35,823 INFO [restartedMain] org.apache.juli.logging.DirectJDKLog [173] Initializing Spring embedded WebApplicationContext
2024-12-08 00:52:35,824 INFO [restartedMain] org.springframework.boot.web.servlet.context.ServletWebServerApplicationContext [291] Root WebApplicationContext: initialization completed in 1575 ms
2024-12-08 00:52:35,990 INFO [restartedMain] com.zaxxer.hikari.HikariDataSource [110] mssql-zambia - Starting...
2024-12-08 00:52:38,316 INFO [restartedMain] com.zaxxer.hikari.pool.HikariPool [565] mssql-zambia - Added connection ConnectionID:1 ClientConnectionId: e6e2af3f-dc46-45e9-bd2c-97ca95bc2269
2024-12-08 00:52:38,319 INFO [restartedMain] com.zaxxer.hikari.HikariDataSource [123] mssql-zambia - Start completed.
2024-12-08 00:52:38,382 INFO [restartedMain] org.hibernate.jpa.internal.util.LogHelper [31] HHH000204: Processing PersistenceUnitInfo [name: default]
2024-12-08 00:52:38,457 INFO [restartedMain] org.hibernate.Version [44] HHH000412: Hibernate ORM core version 6.2.7.Final
2024-12-08 00:52:38,460 INFO [restartedMain] org.hibernate.cfg.Environment [191] HHH000406: Using bytecode reflection optimizer
2024-12-08 00:52:38,637 INFO [restartedMain] org.hibernate.bytecode.internal.BytecodeProviderInitiator [53] HHH000021: Bytecode provider name : bytebuddy
2024-12-08 00:52:38,846 INFO [restartedMain] org.springframework.orm.jpa.persistenceunit.SpringPersistenceUnitInfo [87] No LoadTimeWeaver setup: ignoring JPA class transformer
2024-12-08 00:52:39,213 WARN [restartedMain] org.hibernate.engine.jdbc.dialect.internal.DialectFactoryImpl [100] HHH90000026: SQLServer2012Dialect has been deprecated; use org.hibernate.dialect.SQLServerDialect instead
2024-12-08 00:52:40,017 INFO [restartedMain] org.hibernate.bytecode.internal.BytecodeProviderInitiator [53] HHH000021: Bytecode provider name : bytebuddy
2024-12-08 00:52:40,590 INFO [restartedMain] org.hibernate.engine.transaction.jta.platform.internal.JtaPlatformInitiator [51] HHH000490: Using JtaPlatform implementation: [org.hibernate.engine.transaction.jta.platform.internal.NoJtaPlatform]
2024-12-08 00:52:40,593 INFO [restartedMain] org.springframework.orm.jpa.AbstractEntityManagerFactoryBean [437] Initialized JPA EntityManagerFactory for persistence unit 'default'
2024-12-08 00:52:40,843 INFO [restartedMain] org.springframework.data.jpa.repository.query.QueryEnhancerFactory [47] Hibernate is in classpath; If applicable, HQL parser will be used.
2024-12-08 00:52:41,312 WARN [restartedMain] org.springframework.boot.autoconfigure.orm.jpa.JpaBaseConfiguration$JpaWebConfiguration [231] spring.jpa.open-in-view is enabled by default. Therefore, database queries may be performed during view rendering. Explicitly configure spring.jpa.open-in-view to disable this warning
2024-12-08 00:52:41,655 INFO [restartedMain] org.springframework.boot.devtools.autoconfigure.OptionalLiveReloadServer [59] LiveReload server is running on port 35729
2024-12-08 00:52:41,670 INFO [restartedMain] org.apache.juli.logging.DirectJDKLog [173] Starting ProtocolHandler ["http-nio-7175"]
2024-12-08 00:52:41,694 INFO [restartedMain] org.springframework.boot.web.embedded.tomcat.TomcatWebServer [220] Tomcat started on port(s): 7175 (http) with context path ''
2024-12-08 00:52:41,712 INFO [restartedMain] org.springframework.boot.StartupInfoLogger [57] Started PullAndSavePOSTxnDataApplication in 7.828 seconds (process running for 8.467)
2024-12-08 01:12:20,014 INFO [restartedMain] org.springframework.boot.StartupInfoLogger [51] Starting PullAndSavePOSTxnDataApplication using Java 17.0.2 with PID 1324 (E:\Projects\Zambia-Recon\PullPOSTxnData\target\classes started by vinayak more in E:\Projects\Zambia-Recon\PullPOSTxnData)
2024-12-08 01:12:20,015 INFO [restartedMain] org.springframework.boot.SpringApplication [634] No active profile set, falling back to 1 default profile: "default"
2024-12-08 01:12:20,076 INFO [restartedMain] org.springframework.boot.logging.DeferredLog [250] Devtools property defaults active! Set 'spring.devtools.add-properties' to 'false' to disable
2024-12-08 01:12:20,076 INFO [restartedMain] org.springframework.boot.logging.DeferredLog [250] For additional web related logging consider setting the 'logging.level.web' property to 'DEBUG'
2024-12-08 01:12:20,724 INFO [restartedMain] org.springframework.data.repository.config.RepositoryConfigurationDelegate [138] Bootstrapping Spring Data JPA repositories in DEFAULT mode.
2024-12-08 01:12:20,783 INFO [restartedMain] org.springframework.data.repository.config.RepositoryConfigurationDelegate [208] Finished Spring Data repository scanning in 50 ms. Found 2 JPA repository interfaces.
2024-12-08 01:12:21,534 INFO [restartedMain] org.springframework.boot.web.embedded.tomcat.TomcatWebServer [108] Tomcat initialized with port(s): 7175 (http)
2024-12-08 01:12:21,547 INFO [restartedMain] org.apache.juli.logging.DirectJDKLog [173] Initializing ProtocolHandler ["http-nio-7175"]
2024-12-08 01:12:21,550 INFO [restartedMain] org.apache.juli.logging.DirectJDKLog [173] Starting service [Tomcat]
2024-12-08 01:12:21,550 INFO [restartedMain] org.apache.juli.logging.DirectJDKLog [173] Starting Servlet engine: [Apache Tomcat/10.1.12]
2024-12-08 01:12:21,630 INFO [restartedMain] org.apache.juli.logging.DirectJDKLog [173] Initializing Spring embedded WebApplicationContext
2024-12-08 01:12:21,631 INFO [restartedMain] org.springframework.boot.web.servlet.context.ServletWebServerApplicationContext [291] Root WebApplicationContext: initialization completed in 1555 ms
2024-12-08 01:12:21,849 INFO [restartedMain] com.zaxxer.hikari.HikariDataSource [110] mssql-zambia - Starting...
2024-12-08 01:12:24,152 INFO [restartedMain] com.zaxxer.hikari.pool.HikariPool [565] mssql-zambia - Added connection ConnectionID:1 ClientConnectionId: 3c49745f-f906-4d4f-b345-e8b4be507d82
2024-12-08 01:12:24,154 INFO [restartedMain] com.zaxxer.hikari.HikariDataSource [123] mssql-zambia - Start completed.
2024-12-08 01:12:24,233 INFO [restartedMain] org.hibernate.jpa.internal.util.LogHelper [31] HHH000204: Processing PersistenceUnitInfo [name: default]
2024-12-08 01:12:24,300 INFO [restartedMain] org.hibernate.Version [44] HHH000412: Hibernate ORM core version 6.2.7.Final
2024-12-08 01:12:24,303 INFO [restartedMain] org.hibernate.cfg.Environment [191] HHH000406: Using bytecode reflection optimizer
2024-12-08 01:12:24,483 INFO [restartedMain] org.hibernate.bytecode.internal.BytecodeProviderInitiator [53] HHH000021: Bytecode provider name : bytebuddy
2024-12-08 01:12:24,670 INFO [restartedMain] org.springframework.orm.jpa.persistenceunit.SpringPersistenceUnitInfo [87] No LoadTimeWeaver setup: ignoring JPA class transformer
2024-12-08 01:12:25,201 WARN [restartedMain] org.hibernate.engine.jdbc.dialect.internal.DialectFactoryImpl [100] HHH90000026: SQLServer2012Dialect has been deprecated; use org.hibernate.dialect.SQLServerDialect instead
2024-12-08 01:12:26,051 INFO [restartedMain] org.hibernate.bytecode.internal.BytecodeProviderInitiator [53] HHH000021: Bytecode provider name : bytebuddy
2024-12-08 01:12:26,581 INFO [restartedMain] org.hibernate.engine.transaction.jta.platform.internal.JtaPlatformInitiator [51] HHH000490: Using JtaPlatform implementation: [org.hibernate.engine.transaction.jta.platform.internal.NoJtaPlatform]
2024-12-08 01:12:26,583 INFO [restartedMain] org.springframework.orm.jpa.AbstractEntityManagerFactoryBean [437] Initialized JPA EntityManagerFactory for persistence unit 'default'
2024-12-08 01:12:26,865 INFO [restartedMain] org.springframework.data.jpa.repository.query.QueryEnhancerFactory [47] Hibernate is in classpath; If applicable, HQL parser will be used.
2024-12-08 01:12:27,320 WARN [restartedMain] org.springframework.context.support.AbstractApplicationContext [616] Exception encountered during context initialization - cancelling refresh attempt: org.springframework.beans.factory.UnsatisfiedDependencyException: Error creating bean with name 'pullPOSTxnData': Unsatisfied dependency expressed through field 'pos_transactionNotificationRepository': Error creating bean with name 'POS_TRANSACTION_NOTIFICATIONRepository' defined in com.sil.repositories.POS_TRANSACTION_NOTIFICATIONRepository defined in @EnableJpaRepositories declared on JpaRepositoriesRegistrar.EnableJpaRepositoriesConfiguration: Could not create query for public abstract java.util.List com.sil.repositories.POS_TRANSACTION_NOTIFICATIONRepository.updateStatus(java.lang.String,java.lang.String); Reason: Validation failed for query for method public abstract java.util.List com.sil.repositories.POS_TRANSACTION_NOTIFICATIONRepository.updateStatus(java.lang.String,java.lang.String)
2024-12-08 01:12:27,322 INFO [restartedMain] org.springframework.orm.jpa.AbstractEntityManagerFactoryBean [650] Closing JPA EntityManagerFactory for persistence unit 'default'
2024-12-08 01:12:27,325 INFO [restartedMain] com.zaxxer.hikari.HikariDataSource [350] mssql-zambia - Shutdown initiated...
2024-12-08 01:12:27,328 INFO [restartedMain] com.zaxxer.hikari.HikariDataSource [352] mssql-zambia - Shutdown completed.
2024-12-08 01:12:27,331 INFO [restartedMain] org.apache.juli.logging.DirectJDKLog [173] Stopping service [Tomcat]
2024-12-08 01:12:27,346 INFO [restartedMain] org.springframework.boot.autoconfigure.logging.ConditionEvaluationReportLogger [82] 

Error starting ApplicationContext. To display the condition evaluation report re-run your application with 'debug' enabled.
2024-12-08 01:12:27,375 ERROR [restartedMain] org.springframework.boot.SpringApplication [824] Application run failed
org.springframework.beans.factory.UnsatisfiedDependencyException: Error creating bean with name 'pullPOSTxnData': Unsatisfied dependency expressed through field 'pos_transactionNotificationRepository': Error creating bean with name 'POS_TRANSACTION_NOTIFICATIONRepository' defined in com.sil.repositories.POS_TRANSACTION_NOTIFICATIONRepository defined in @EnableJpaRepositories declared on JpaRepositoriesRegistrar.EnableJpaRepositoriesConfiguration: Could not create query for public abstract java.util.List com.sil.repositories.POS_TRANSACTION_NOTIFICATIONRepository.updateStatus(java.lang.String,java.lang.String); Reason: Validation failed for query for method public abstract java.util.List com.sil.repositories.POS_TRANSACTION_NOTIFICATIONRepository.updateStatus(java.lang.String,java.lang.String)
	at org.springframework.beans.factory.annotation.AutowiredAnnotationBeanPostProcessor$AutowiredFieldElement.resolveFieldValue(AutowiredAnnotationBeanPostProcessor.java:716)
	at org.springframework.beans.factory.annotation.AutowiredAnnotationBeanPostProcessor$AutowiredFieldElement.inject(AutowiredAnnotationBeanPostProcessor.java:696)
	at org.springframework.beans.factory.annotation.InjectionMetadata.inject(InjectionMetadata.java:145)
	at org.springframework.beans.factory.annotation.AutowiredAnnotationBeanPostProcessor.postProcessProperties(AutowiredAnnotationBeanPostProcessor.java:483)
	at org.springframework.beans.factory.support.AbstractAutowireCapableBeanFactory.populateBean(AbstractAutowireCapableBeanFactory.java:1416)
	at org.springframework.beans.factory.support.AbstractAutowireCapableBeanFactory.doCreateBean(AbstractAutowireCapableBeanFactory.java:597)
	at org.springframework.beans.factory.support.AbstractAutowireCapableBeanFactory.createBean(AbstractAutowireCapableBeanFactory.java:520)
	at org.springframework.beans.factory.support.AbstractBeanFactory.lambda$doGetBean$0(AbstractBeanFactory.java:326)
	at org.springframework.beans.factory.support.DefaultSingletonBeanRegistry.getSingleton(DefaultSingletonBeanRegistry.java:234)
	at org.springframework.beans.factory.support.AbstractBeanFactory.doGetBean(AbstractBeanFactory.java:324)
	at org.springframework.beans.factory.support.AbstractBeanFactory.getBean(AbstractBeanFactory.java:200)
	at org.springframework.beans.factory.support.DefaultListableBeanFactory.preInstantiateSingletons(DefaultListableBeanFactory.java:973)
	at org.springframework.context.support.AbstractApplicationContext.finishBeanFactoryInitialization(AbstractApplicationContext.java:942)
	at org.springframework.context.support.AbstractApplicationContext.refresh(AbstractApplicationContext.java:608)
	at org.springframework.boot.web.servlet.context.ServletWebServerApplicationContext.refresh(ServletWebServerApplicationContext.java:146)
	at org.springframework.boot.SpringApplication.refresh(SpringApplication.java:734)
	at org.springframework.boot.SpringApplication.refreshContext(SpringApplication.java:436)
	at org.springframework.boot.SpringApplication.run(SpringApplication.java:312)
	at org.springframework.boot.SpringApplication.run(SpringApplication.java:1306)
	at org.springframework.boot.SpringApplication.run(SpringApplication.java:1295)
	at com.sil.PullAndSavePOSTxnDataApplication.main(PullAndSavePOSTxnDataApplication.java:17)
	at java.base/jdk.internal.reflect.NativeMethodAccessorImpl.invoke0(Native Method)
	at java.base/jdk.internal.reflect.NativeMethodAccessorImpl.invoke(NativeMethodAccessorImpl.java:77)
	at java.base/jdk.internal.reflect.DelegatingMethodAccessorImpl.invoke(DelegatingMethodAccessorImpl.java:43)
	at java.base/java.lang.reflect.Method.invoke(Method.java:568)
	at org.springframework.boot.devtools.restart.RestartLauncher.run(RestartLauncher.java:50)
Caused by: org.springframework.beans.factory.BeanCreationException: Error creating bean with name 'POS_TRANSACTION_NOTIFICATIONRepository' defined in com.sil.repositories.POS_TRANSACTION_NOTIFICATIONRepository defined in @EnableJpaRepositories declared on JpaRepositoriesRegistrar.EnableJpaRepositoriesConfiguration: Could not create query for public abstract java.util.List com.sil.repositories.POS_TRANSACTION_NOTIFICATIONRepository.updateStatus(java.lang.String,java.lang.String); Reason: Validation failed for query for method public abstract java.util.List com.sil.repositories.POS_TRANSACTION_NOTIFICATIONRepository.updateStatus(java.lang.String,java.lang.String)
	at org.springframework.beans.factory.support.AbstractAutowireCapableBeanFactory.initializeBean(AbstractAutowireCapableBeanFactory.java:1770)
	at org.springframework.beans.factory.support.AbstractAutowireCapableBeanFactory.doCreateBean(AbstractAutowireCapableBeanFactory.java:598)
	at org.springframework.beans.factory.support.AbstractAutowireCapableBeanFactory.createBean(AbstractAutowireCapableBeanFactory.java:520)
	at org.springframework.beans.factory.support.AbstractBeanFactory.lambda$doGetBean$0(AbstractBeanFactory.java:326)
	at org.springframework.beans.factory.support.DefaultSingletonBeanRegistry.getSingleton(DefaultSingletonBeanRegistry.java:234)
	at org.springframework.beans.factory.support.AbstractBeanFactory.doGetBean(AbstractBeanFactory.java:324)
	at org.springframework.beans.factory.support.AbstractBeanFactory.getBean(AbstractBeanFactory.java:200)
	at org.springframework.beans.factory.config.DependencyDescriptor.resolveCandidate(DependencyDescriptor.java:254)
	at org.springframework.beans.factory.support.DefaultListableBeanFactory.doResolveDependency(DefaultListableBeanFactory.java:1417)
	at org.springframework.beans.factory.support.DefaultListableBeanFactory.resolveDependency(DefaultListableBeanFactory.java:1337)
	at org.springframework.beans.factory.annotation.AutowiredAnnotationBeanPostProcessor$AutowiredFieldElement.resolveFieldValue(AutowiredAnnotationBeanPostProcessor.java:713)
	... 25 common frames omitted
Caused by: org.springframework.data.repository.query.QueryCreationException: Could not create query for public abstract java.util.List com.sil.repositories.POS_TRANSACTION_NOTIFICATIONRepository.updateStatus(java.lang.String,java.lang.String); Reason: Validation failed for query for method public abstract java.util.List com.sil.repositories.POS_TRANSACTION_NOTIFICATIONRepository.updateStatus(java.lang.String,java.lang.String)
	at org.springframework.data.repository.query.QueryCreationException.create(QueryCreationException.java:101)
	at org.springframework.data.repository.core.support.QueryExecutorMethodInterceptor.lookupQuery(QueryExecutorMethodInterceptor.java:115)
	at org.springframework.data.repository.core.support.QueryExecutorMethodInterceptor.mapMethodsToQuery(QueryExecutorMethodInterceptor.java:99)
	at org.springframework.data.repository.core.support.QueryExecutorMethodInterceptor.lambda$new$0(QueryExecutorMethodInterceptor.java:88)
	at java.base/java.util.Optional.map(Optional.java:260)
	at org.springframework.data.repository.core.support.QueryExecutorMethodInterceptor.<init>(QueryExecutorMethodInterceptor.java:88)
	at org.springframework.data.repository.core.support.RepositoryFactorySupport.getRepository(RepositoryFactorySupport.java:357)
	at org.springframework.data.repository.core.support.RepositoryFactoryBeanSupport.lambda$afterPropertiesSet$5(RepositoryFactoryBeanSupport.java:279)
	at org.springframework.data.util.Lazy.getNullable(Lazy.java:245)
	at org.springframework.data.util.Lazy.get(Lazy.java:114)
	at org.springframework.data.repository.core.support.RepositoryFactoryBeanSupport.afterPropertiesSet(RepositoryFactoryBeanSupport.java:285)
	at org.springframework.data.jpa.repository.support.JpaRepositoryFactoryBean.afterPropertiesSet(JpaRepositoryFactoryBean.java:132)
	at org.springframework.beans.factory.support.AbstractAutowireCapableBeanFactory.invokeInitMethods(AbstractAutowireCapableBeanFactory.java:1817)
	at org.springframework.beans.factory.support.AbstractAutowireCapableBeanFactory.initializeBean(AbstractAutowireCapableBeanFactory.java:1766)
	... 35 common frames omitted
Caused by: java.lang.IllegalArgumentException: Validation failed for query for method public abstract java.util.List com.sil.repositories.POS_TRANSACTION_NOTIFICATIONRepository.updateStatus(java.lang.String,java.lang.String)
	at org.springframework.data.jpa.repository.query.SimpleJpaQuery.validateQuery(SimpleJpaQuery.java:100)
	at org.springframework.data.jpa.repository.query.SimpleJpaQuery.<init>(SimpleJpaQuery.java:70)
	at org.springframework.data.jpa.repository.query.JpaQueryFactory.fromMethodWithQueryString(JpaQueryFactory.java:60)
	at org.springframework.data.jpa.repository.query.JpaQueryLookupStrategy$DeclaredQueryLookupStrategy.resolveQuery(JpaQueryLookupStrategy.java:170)
	at org.springframework.data.jpa.repository.query.JpaQueryLookupStrategy$CreateIfNotFoundQueryLookupStrategy.resolveQuery(JpaQueryLookupStrategy.java:252)
	at org.springframework.data.jpa.repository.query.JpaQueryLookupStrategy$AbstractQueryLookupStrategy.resolveQuery(JpaQueryLookupStrategy.java:95)
	at org.springframework.data.repository.core.support.QueryExecutorMethodInterceptor.lookupQuery(QueryExecutorMethodInterceptor.java:111)
	... 47 common frames omitted
Caused by: java.lang.IllegalArgumentException: org.hibernate.query.SemanticException: Could not interpret path expression 'o.STATUS'
	at org.hibernate.internal.ExceptionConverterImpl.convert(ExceptionConverterImpl.java:138)
	at org.hibernate.internal.ExceptionConverterImpl.convert(ExceptionConverterImpl.java:162)
	at org.hibernate.internal.ExceptionConverterImpl.convert(ExceptionConverterImpl.java:168)
	at org.hibernate.internal.AbstractSharedSessionContract.createQuery(AbstractSharedSessionContract.java:795)
	at org.hibernate.internal.AbstractSharedSessionContract.createQuery(AbstractSharedSessionContract.java:704)
	at org.hibernate.internal.AbstractSharedSessionContract.createQuery(AbstractSharedSessionContract.java:120)
	at java.base/jdk.internal.reflect.NativeMethodAccessorImpl.invoke0(Native Method)
	at java.base/jdk.internal.reflect.NativeMethodAccessorImpl.invoke(NativeMethodAccessorImpl.java:77)
	at java.base/jdk.internal.reflect.DelegatingMethodAccessorImpl.invoke(DelegatingMethodAccessorImpl.java:43)
	at java.base/java.lang.reflect.Method.invoke(Method.java:568)
	at org.springframework.orm.jpa.ExtendedEntityManagerCreator$ExtendedEntityManagerInvocationHandler.invoke(ExtendedEntityManagerCreator.java:360)
	at jdk.proxy4/jdk.proxy4.$Proxy104.createQuery(Unknown Source)
	at org.springframework.data.jpa.repository.query.SimpleJpaQuery.validateQuery(SimpleJpaQuery.java:94)
	... 53 common frames omitted
Caused by: org.hibernate.query.SemanticException: Could not interpret path expression 'o.STATUS'
	at org.hibernate.query.hql.internal.BasicDotIdentifierConsumer$BaseLocalSequencePart.resolvePathPart(BasicDotIdentifierConsumer.java:256)
	at org.hibernate.query.hql.internal.BasicDotIdentifierConsumer.consumeIdentifier(BasicDotIdentifierConsumer.java:91)
	at org.hibernate.query.hql.internal.SemanticQueryBuilder.visitSimplePath(SemanticQueryBuilder.java:5208)
	at org.hibernate.query.hql.internal.SemanticQueryBuilder.visitSimplePath(SemanticQueryBuilder.java:253)
	at org.hibernate.grammars.hql.HqlParser$SimplePathContext.accept(HqlParser.java:4197)
	at org.hibernate.query.hql.internal.SemanticQueryBuilder.consumeDomainPath(SemanticQueryBuilder.java:5454)
	at org.hibernate.query.hql.internal.SemanticQueryBuilder.visitUpdateStatement(SemanticQueryBuilder.java:577)
	at org.hibernate.query.hql.internal.SemanticQueryBuilder.visitStatement(SemanticQueryBuilder.java:385)
	at org.hibernate.query.hql.internal.SemanticQueryBuilder.buildSemanticModel(SemanticQueryBuilder.java:295)
	at org.hibernate.query.hql.internal.StandardHqlTranslator.translate(StandardHqlTranslator.java:81)
	at org.hibernate.internal.AbstractSharedSessionContract.lambda$interpretHql$2(AbstractSharedSessionContract.java:744)
	at org.hibernate.query.internal.QueryInterpretationCacheStandardImpl.createHqlInterpretation(QueryInterpretationCacheStandardImpl.java:141)
	at org.hibernate.query.internal.QueryInterpretationCacheStandardImpl.resolveHqlInterpretation(QueryInterpretationCacheStandardImpl.java:128)
	at org.hibernate.internal.AbstractSharedSessionContract.interpretHql(AbstractSharedSessionContract.java:741)
	at org.hibernate.internal.AbstractSharedSessionContract.createQuery(AbstractSharedSessionContract.java:786)
	... 62 common frames omitted
2024-12-08 01:13:54,837 INFO [restartedMain] org.springframework.boot.StartupInfoLogger [51] Starting PullAndSavePOSTxnDataApplication using Java 17.0.2 with PID 9516 (E:\Projects\Zambia-Recon\PullPOSTxnData\target\classes started by vinayak more in E:\Projects\Zambia-Recon\PullPOSTxnData)
2024-12-08 01:13:54,841 INFO [restartedMain] org.springframework.boot.SpringApplication [634] No active profile set, falling back to 1 default profile: "default"
2024-12-08 01:13:54,916 INFO [restartedMain] org.springframework.boot.logging.DeferredLog [250] Devtools property defaults active! Set 'spring.devtools.add-properties' to 'false' to disable
2024-12-08 01:13:54,916 INFO [restartedMain] org.springframework.boot.logging.DeferredLog [250] For additional web related logging consider setting the 'logging.level.web' property to 'DEBUG'
2024-12-08 01:13:55,569 INFO [restartedMain] org.springframework.data.repository.config.RepositoryConfigurationDelegate [138] Bootstrapping Spring Data JPA repositories in DEFAULT mode.
2024-12-08 01:13:55,621 INFO [restartedMain] org.springframework.data.repository.config.RepositoryConfigurationDelegate [208] Finished Spring Data repository scanning in 46 ms. Found 2 JPA repository interfaces.
2024-12-08 01:13:56,348 INFO [restartedMain] org.springframework.boot.web.embedded.tomcat.TomcatWebServer [108] Tomcat initialized with port(s): 7175 (http)
2024-12-08 01:13:56,358 INFO [restartedMain] org.apache.juli.logging.DirectJDKLog [173] Initializing ProtocolHandler ["http-nio-7175"]
2024-12-08 01:13:56,361 INFO [restartedMain] org.apache.juli.logging.DirectJDKLog [173] Starting service [Tomcat]
2024-12-08 01:13:56,361 INFO [restartedMain] org.apache.juli.logging.DirectJDKLog [173] Starting Servlet engine: [Apache Tomcat/10.1.12]
2024-12-08 01:13:56,447 INFO [restartedMain] org.apache.juli.logging.DirectJDKLog [173] Initializing Spring embedded WebApplicationContext
2024-12-08 01:13:56,448 INFO [restartedMain] org.springframework.boot.web.servlet.context.ServletWebServerApplicationContext [291] Root WebApplicationContext: initialization completed in 1530 ms
2024-12-08 01:13:56,626 INFO [restartedMain] com.zaxxer.hikari.HikariDataSource [110] mssql-zambia - Starting...
2024-12-08 01:13:58,948 INFO [restartedMain] com.zaxxer.hikari.pool.HikariPool [565] mssql-zambia - Added connection ConnectionID:1 ClientConnectionId: 8f46657c-4ad0-410b-bc1b-dfa5a4d8c4de
2024-12-08 01:13:58,949 INFO [restartedMain] com.zaxxer.hikari.HikariDataSource [123] mssql-zambia - Start completed.
2024-12-08 01:13:58,990 INFO [restartedMain] org.hibernate.jpa.internal.util.LogHelper [31] HHH000204: Processing PersistenceUnitInfo [name: default]
2024-12-08 01:13:59,041 INFO [restartedMain] org.hibernate.Version [44] HHH000412: Hibernate ORM core version 6.2.7.Final
2024-12-08 01:13:59,043 INFO [restartedMain] org.hibernate.cfg.Environment [191] HHH000406: Using bytecode reflection optimizer
2024-12-08 01:13:59,165 INFO [restartedMain] org.hibernate.bytecode.internal.BytecodeProviderInitiator [53] HHH000021: Bytecode provider name : bytebuddy
2024-12-08 01:13:59,280 INFO [restartedMain] org.springframework.orm.jpa.persistenceunit.SpringPersistenceUnitInfo [87] No LoadTimeWeaver setup: ignoring JPA class transformer
2024-12-08 01:13:59,310 WARN [restartedMain] org.hibernate.engine.jdbc.dialect.internal.DialectFactoryImpl [100] HHH90000026: SQLServer2012Dialect has been deprecated; use org.hibernate.dialect.SQLServerDialect instead
2024-12-08 01:14:00,154 INFO [restartedMain] org.hibernate.bytecode.internal.BytecodeProviderInitiator [53] HHH000021: Bytecode provider name : bytebuddy
2024-12-08 01:14:00,732 INFO [restartedMain] org.hibernate.engine.transaction.jta.platform.internal.JtaPlatformInitiator [51] HHH000490: Using JtaPlatform implementation: [org.hibernate.engine.transaction.jta.platform.internal.NoJtaPlatform]
2024-12-08 01:14:00,734 INFO [restartedMain] org.springframework.orm.jpa.AbstractEntityManagerFactoryBean [437] Initialized JPA EntityManagerFactory for persistence unit 'default'
2024-12-08 01:14:00,992 INFO [restartedMain] org.springframework.data.jpa.repository.query.QueryEnhancerFactory [47] Hibernate is in classpath; If applicable, HQL parser will be used.
2024-12-08 01:14:01,397 WARN [restartedMain] org.springframework.context.support.AbstractApplicationContext [616] Exception encountered during context initialization - cancelling refresh attempt: org.springframework.beans.factory.UnsatisfiedDependencyException: Error creating bean with name 'pullPOSTxnData': Unsatisfied dependency expressed through field 'pos_transactionNotificationRepository': Error creating bean with name 'POS_TRANSACTION_NOTIFICATIONRepository' defined in com.sil.repositories.POS_TRANSACTION_NOTIFICATIONRepository defined in @EnableJpaRepositories declared on JpaRepositoriesRegistrar.EnableJpaRepositoriesConfiguration: Could not create query for public abstract int com.sil.repositories.POS_TRANSACTION_NOTIFICATIONRepository.updateStatus(java.lang.String,java.lang.String); Reason: Validation failed for query for method public abstract int com.sil.repositories.POS_TRANSACTION_NOTIFICATIONRepository.updateStatus(java.lang.String,java.lang.String)
2024-12-08 01:14:01,398 INFO [restartedMain] org.springframework.orm.jpa.AbstractEntityManagerFactoryBean [650] Closing JPA EntityManagerFactory for persistence unit 'default'
2024-12-08 01:14:01,401 INFO [restartedMain] com.zaxxer.hikari.HikariDataSource [350] mssql-zambia - Shutdown initiated...
2024-12-08 01:14:01,404 INFO [restartedMain] com.zaxxer.hikari.HikariDataSource [352] mssql-zambia - Shutdown completed.
2024-12-08 01:14:01,407 INFO [restartedMain] org.apache.juli.logging.DirectJDKLog [173] Stopping service [Tomcat]
2024-12-08 01:14:01,422 INFO [restartedMain] org.springframework.boot.autoconfigure.logging.ConditionEvaluationReportLogger [82] 

Error starting ApplicationContext. To display the condition evaluation report re-run your application with 'debug' enabled.
2024-12-08 01:14:01,445 ERROR [restartedMain] org.springframework.boot.SpringApplication [824] Application run failed
org.springframework.beans.factory.UnsatisfiedDependencyException: Error creating bean with name 'pullPOSTxnData': Unsatisfied dependency expressed through field 'pos_transactionNotificationRepository': Error creating bean with name 'POS_TRANSACTION_NOTIFICATIONRepository' defined in com.sil.repositories.POS_TRANSACTION_NOTIFICATIONRepository defined in @EnableJpaRepositories declared on JpaRepositoriesRegistrar.EnableJpaRepositoriesConfiguration: Could not create query for public abstract int com.sil.repositories.POS_TRANSACTION_NOTIFICATIONRepository.updateStatus(java.lang.String,java.lang.String); Reason: Validation failed for query for method public abstract int com.sil.repositories.POS_TRANSACTION_NOTIFICATIONRepository.updateStatus(java.lang.String,java.lang.String)
	at org.springframework.beans.factory.annotation.AutowiredAnnotationBeanPostProcessor$AutowiredFieldElement.resolveFieldValue(AutowiredAnnotationBeanPostProcessor.java:716)
	at org.springframework.beans.factory.annotation.AutowiredAnnotationBeanPostProcessor$AutowiredFieldElement.inject(AutowiredAnnotationBeanPostProcessor.java:696)
	at org.springframework.beans.factory.annotation.InjectionMetadata.inject(InjectionMetadata.java:145)
	at org.springframework.beans.factory.annotation.AutowiredAnnotationBeanPostProcessor.postProcessProperties(AutowiredAnnotationBeanPostProcessor.java:483)
	at org.springframework.beans.factory.support.AbstractAutowireCapableBeanFactory.populateBean(AbstractAutowireCapableBeanFactory.java:1416)
	at org.springframework.beans.factory.support.AbstractAutowireCapableBeanFactory.doCreateBean(AbstractAutowireCapableBeanFactory.java:597)
	at org.springframework.beans.factory.support.AbstractAutowireCapableBeanFactory.createBean(AbstractAutowireCapableBeanFactory.java:520)
	at org.springframework.beans.factory.support.AbstractBeanFactory.lambda$doGetBean$0(AbstractBeanFactory.java:326)
	at org.springframework.beans.factory.support.DefaultSingletonBeanRegistry.getSingleton(DefaultSingletonBeanRegistry.java:234)
	at org.springframework.beans.factory.support.AbstractBeanFactory.doGetBean(AbstractBeanFactory.java:324)
	at org.springframework.beans.factory.support.AbstractBeanFactory.getBean(AbstractBeanFactory.java:200)
	at org.springframework.beans.factory.support.DefaultListableBeanFactory.preInstantiateSingletons(DefaultListableBeanFactory.java:973)
	at org.springframework.context.support.AbstractApplicationContext.finishBeanFactoryInitialization(AbstractApplicationContext.java:942)
	at org.springframework.context.support.AbstractApplicationContext.refresh(AbstractApplicationContext.java:608)
	at org.springframework.boot.web.servlet.context.ServletWebServerApplicationContext.refresh(ServletWebServerApplicationContext.java:146)
	at org.springframework.boot.SpringApplication.refresh(SpringApplication.java:734)
	at org.springframework.boot.SpringApplication.refreshContext(SpringApplication.java:436)
	at org.springframework.boot.SpringApplication.run(SpringApplication.java:312)
	at org.springframework.boot.SpringApplication.run(SpringApplication.java:1306)
	at org.springframework.boot.SpringApplication.run(SpringApplication.java:1295)
	at com.sil.PullAndSavePOSTxnDataApplication.main(PullAndSavePOSTxnDataApplication.java:17)
	at java.base/jdk.internal.reflect.NativeMethodAccessorImpl.invoke0(Native Method)
	at java.base/jdk.internal.reflect.NativeMethodAccessorImpl.invoke(NativeMethodAccessorImpl.java:77)
	at java.base/jdk.internal.reflect.DelegatingMethodAccessorImpl.invoke(DelegatingMethodAccessorImpl.java:43)
	at java.base/java.lang.reflect.Method.invoke(Method.java:568)
	at org.springframework.boot.devtools.restart.RestartLauncher.run(RestartLauncher.java:50)
Caused by: org.springframework.beans.factory.BeanCreationException: Error creating bean with name 'POS_TRANSACTION_NOTIFICATIONRepository' defined in com.sil.repositories.POS_TRANSACTION_NOTIFICATIONRepository defined in @EnableJpaRepositories declared on JpaRepositoriesRegistrar.EnableJpaRepositoriesConfiguration: Could not create query for public abstract int com.sil.repositories.POS_TRANSACTION_NOTIFICATIONRepository.updateStatus(java.lang.String,java.lang.String); Reason: Validation failed for query for method public abstract int com.sil.repositories.POS_TRANSACTION_NOTIFICATIONRepository.updateStatus(java.lang.String,java.lang.String)
	at org.springframework.beans.factory.support.AbstractAutowireCapableBeanFactory.initializeBean(AbstractAutowireCapableBeanFactory.java:1770)
	at org.springframework.beans.factory.support.AbstractAutowireCapableBeanFactory.doCreateBean(AbstractAutowireCapableBeanFactory.java:598)
	at org.springframework.beans.factory.support.AbstractAutowireCapableBeanFactory.createBean(AbstractAutowireCapableBeanFactory.java:520)
	at org.springframework.beans.factory.support.AbstractBeanFactory.lambda$doGetBean$0(AbstractBeanFactory.java:326)
	at org.springframework.beans.factory.support.DefaultSingletonBeanRegistry.getSingleton(DefaultSingletonBeanRegistry.java:234)
	at org.springframework.beans.factory.support.AbstractBeanFactory.doGetBean(AbstractBeanFactory.java:324)
	at org.springframework.beans.factory.support.AbstractBeanFactory.getBean(AbstractBeanFactory.java:200)
	at org.springframework.beans.factory.config.DependencyDescriptor.resolveCandidate(DependencyDescriptor.java:254)
	at org.springframework.beans.factory.support.DefaultListableBeanFactory.doResolveDependency(DefaultListableBeanFactory.java:1417)
	at org.springframework.beans.factory.support.DefaultListableBeanFactory.resolveDependency(DefaultListableBeanFactory.java:1337)
	at org.springframework.beans.factory.annotation.AutowiredAnnotationBeanPostProcessor$AutowiredFieldElement.resolveFieldValue(AutowiredAnnotationBeanPostProcessor.java:713)
	... 25 common frames omitted
Caused by: org.springframework.data.repository.query.QueryCreationException: Could not create query for public abstract int com.sil.repositories.POS_TRANSACTION_NOTIFICATIONRepository.updateStatus(java.lang.String,java.lang.String); Reason: Validation failed for query for method public abstract int com.sil.repositories.POS_TRANSACTION_NOTIFICATIONRepository.updateStatus(java.lang.String,java.lang.String)
	at org.springframework.data.repository.query.QueryCreationException.create(QueryCreationException.java:101)
	at org.springframework.data.repository.core.support.QueryExecutorMethodInterceptor.lookupQuery(QueryExecutorMethodInterceptor.java:115)
	at org.springframework.data.repository.core.support.QueryExecutorMethodInterceptor.mapMethodsToQuery(QueryExecutorMethodInterceptor.java:99)
	at org.springframework.data.repository.core.support.QueryExecutorMethodInterceptor.lambda$new$0(QueryExecutorMethodInterceptor.java:88)
	at java.base/java.util.Optional.map(Optional.java:260)
	at org.springframework.data.repository.core.support.QueryExecutorMethodInterceptor.<init>(QueryExecutorMethodInterceptor.java:88)
	at org.springframework.data.repository.core.support.RepositoryFactorySupport.getRepository(RepositoryFactorySupport.java:357)
	at org.springframework.data.repository.core.support.RepositoryFactoryBeanSupport.lambda$afterPropertiesSet$5(RepositoryFactoryBeanSupport.java:279)
	at org.springframework.data.util.Lazy.getNullable(Lazy.java:245)
	at org.springframework.data.util.Lazy.get(Lazy.java:114)
	at org.springframework.data.repository.core.support.RepositoryFactoryBeanSupport.afterPropertiesSet(RepositoryFactoryBeanSupport.java:285)
	at org.springframework.data.jpa.repository.support.JpaRepositoryFactoryBean.afterPropertiesSet(JpaRepositoryFactoryBean.java:132)
	at org.springframework.beans.factory.support.AbstractAutowireCapableBeanFactory.invokeInitMethods(AbstractAutowireCapableBeanFactory.java:1817)
	at org.springframework.beans.factory.support.AbstractAutowireCapableBeanFactory.initializeBean(AbstractAutowireCapableBeanFactory.java:1766)
	... 35 common frames omitted
Caused by: java.lang.IllegalArgumentException: Validation failed for query for method public abstract int com.sil.repositories.POS_TRANSACTION_NOTIFICATIONRepository.updateStatus(java.lang.String,java.lang.String)
	at org.springframework.data.jpa.repository.query.SimpleJpaQuery.validateQuery(SimpleJpaQuery.java:100)
	at org.springframework.data.jpa.repository.query.SimpleJpaQuery.<init>(SimpleJpaQuery.java:70)
	at org.springframework.data.jpa.repository.query.JpaQueryFactory.fromMethodWithQueryString(JpaQueryFactory.java:60)
	at org.springframework.data.jpa.repository.query.JpaQueryLookupStrategy$DeclaredQueryLookupStrategy.resolveQuery(JpaQueryLookupStrategy.java:170)
	at org.springframework.data.jpa.repository.query.JpaQueryLookupStrategy$CreateIfNotFoundQueryLookupStrategy.resolveQuery(JpaQueryLookupStrategy.java:252)
	at org.springframework.data.jpa.repository.query.JpaQueryLookupStrategy$AbstractQueryLookupStrategy.resolveQuery(JpaQueryLookupStrategy.java:95)
	at org.springframework.data.repository.core.support.QueryExecutorMethodInterceptor.lookupQuery(QueryExecutorMethodInterceptor.java:111)
	... 47 common frames omitted
Caused by: java.lang.IllegalArgumentException: org.hibernate.query.SemanticException: Could not interpret path expression 'o.STATUS'
	at org.hibernate.internal.ExceptionConverterImpl.convert(ExceptionConverterImpl.java:138)
	at org.hibernate.internal.ExceptionConverterImpl.convert(ExceptionConverterImpl.java:162)
	at org.hibernate.internal.ExceptionConverterImpl.convert(ExceptionConverterImpl.java:168)
	at org.hibernate.internal.AbstractSharedSessionContract.createQuery(AbstractSharedSessionContract.java:795)
	at org.hibernate.internal.AbstractSharedSessionContract.createQuery(AbstractSharedSessionContract.java:704)
	at org.hibernate.internal.AbstractSharedSessionContract.createQuery(AbstractSharedSessionContract.java:120)
	at java.base/jdk.internal.reflect.NativeMethodAccessorImpl.invoke0(Native Method)
	at java.base/jdk.internal.reflect.NativeMethodAccessorImpl.invoke(NativeMethodAccessorImpl.java:77)
	at java.base/jdk.internal.reflect.DelegatingMethodAccessorImpl.invoke(DelegatingMethodAccessorImpl.java:43)
	at java.base/java.lang.reflect.Method.invoke(Method.java:568)
	at org.springframework.orm.jpa.ExtendedEntityManagerCreator$ExtendedEntityManagerInvocationHandler.invoke(ExtendedEntityManagerCreator.java:360)
	at jdk.proxy4/jdk.proxy4.$Proxy104.createQuery(Unknown Source)
	at org.springframework.data.jpa.repository.query.SimpleJpaQuery.validateQuery(SimpleJpaQuery.java:94)
	... 53 common frames omitted
Caused by: org.hibernate.query.SemanticException: Could not interpret path expression 'o.STATUS'
	at org.hibernate.query.hql.internal.BasicDotIdentifierConsumer$BaseLocalSequencePart.resolvePathPart(BasicDotIdentifierConsumer.java:256)
	at org.hibernate.query.hql.internal.BasicDotIdentifierConsumer.consumeIdentifier(BasicDotIdentifierConsumer.java:91)
	at org.hibernate.query.hql.internal.SemanticQueryBuilder.visitSimplePath(SemanticQueryBuilder.java:5208)
	at org.hibernate.query.hql.internal.SemanticQueryBuilder.visitSimplePath(SemanticQueryBuilder.java:253)
	at org.hibernate.grammars.hql.HqlParser$SimplePathContext.accept(HqlParser.java:4197)
	at org.hibernate.query.hql.internal.SemanticQueryBuilder.consumeDomainPath(SemanticQueryBuilder.java:5454)
	at org.hibernate.query.hql.internal.SemanticQueryBuilder.visitUpdateStatement(SemanticQueryBuilder.java:577)
	at org.hibernate.query.hql.internal.SemanticQueryBuilder.visitStatement(SemanticQueryBuilder.java:385)
	at org.hibernate.query.hql.internal.SemanticQueryBuilder.buildSemanticModel(SemanticQueryBuilder.java:295)
	at org.hibernate.query.hql.internal.StandardHqlTranslator.translate(StandardHqlTranslator.java:81)
	at org.hibernate.internal.AbstractSharedSessionContract.lambda$interpretHql$2(AbstractSharedSessionContract.java:744)
	at org.hibernate.query.internal.QueryInterpretationCacheStandardImpl.createHqlInterpretation(QueryInterpretationCacheStandardImpl.java:141)
	at org.hibernate.query.internal.QueryInterpretationCacheStandardImpl.resolveHqlInterpretation(QueryInterpretationCacheStandardImpl.java:128)
	at org.hibernate.internal.AbstractSharedSessionContract.interpretHql(AbstractSharedSessionContract.java:741)
	at org.hibernate.internal.AbstractSharedSessionContract.createQuery(AbstractSharedSessionContract.java:786)
	... 62 common frames omitted
2024-12-08 01:14:48,588 INFO [restartedMain] org.springframework.boot.StartupInfoLogger [51] Starting PullAndSavePOSTxnDataApplication using Java 17.0.2 with PID 25080 (E:\Projects\Zambia-Recon\PullPOSTxnData\target\classes started by vinayak more in E:\Projects\Zambia-Recon\PullPOSTxnData)
2024-12-08 01:14:48,590 INFO [restartedMain] org.springframework.boot.SpringApplication [634] No active profile set, falling back to 1 default profile: "default"
2024-12-08 01:14:48,647 INFO [restartedMain] org.springframework.boot.logging.DeferredLog [250] Devtools property defaults active! Set 'spring.devtools.add-properties' to 'false' to disable
2024-12-08 01:14:48,647 INFO [restartedMain] org.springframework.boot.logging.DeferredLog [250] For additional web related logging consider setting the 'logging.level.web' property to 'DEBUG'
2024-12-08 01:14:49,224 INFO [restartedMain] org.springframework.data.repository.config.RepositoryConfigurationDelegate [138] Bootstrapping Spring Data JPA repositories in DEFAULT mode.
2024-12-08 01:14:49,277 INFO [restartedMain] org.springframework.data.repository.config.RepositoryConfigurationDelegate [208] Finished Spring Data repository scanning in 46 ms. Found 2 JPA repository interfaces.
2024-12-08 01:14:50,000 INFO [restartedMain] org.springframework.boot.web.embedded.tomcat.TomcatWebServer [108] Tomcat initialized with port(s): 7175 (http)
2024-12-08 01:14:50,011 INFO [restartedMain] org.apache.juli.logging.DirectJDKLog [173] Initializing ProtocolHandler ["http-nio-7175"]
2024-12-08 01:14:50,015 INFO [restartedMain] org.apache.juli.logging.DirectJDKLog [173] Starting service [Tomcat]
2024-12-08 01:14:50,015 INFO [restartedMain] org.apache.juli.logging.DirectJDKLog [173] Starting Servlet engine: [Apache Tomcat/10.1.12]
2024-12-08 01:14:50,098 INFO [restartedMain] org.apache.juli.logging.DirectJDKLog [173] Initializing Spring embedded WebApplicationContext
2024-12-08 01:14:50,100 INFO [restartedMain] org.springframework.boot.web.servlet.context.ServletWebServerApplicationContext [291] Root WebApplicationContext: initialization completed in 1450 ms
2024-12-08 01:14:50,266 INFO [restartedMain] com.zaxxer.hikari.HikariDataSource [110] mssql-zambia - Starting...
2024-12-08 01:14:52,549 INFO [restartedMain] com.zaxxer.hikari.pool.HikariPool [565] mssql-zambia - Added connection ConnectionID:1 ClientConnectionId: a8c87fb2-e097-41c8-9eb0-0d4fa42bbf02
2024-12-08 01:14:52,553 INFO [restartedMain] com.zaxxer.hikari.HikariDataSource [123] mssql-zambia - Start completed.
2024-12-08 01:14:52,594 INFO [restartedMain] org.hibernate.jpa.internal.util.LogHelper [31] HHH000204: Processing PersistenceUnitInfo [name: default]
2024-12-08 01:14:52,648 INFO [restartedMain] org.hibernate.Version [44] HHH000412: Hibernate ORM core version 6.2.7.Final
2024-12-08 01:14:52,651 INFO [restartedMain] org.hibernate.cfg.Environment [191] HHH000406: Using bytecode reflection optimizer
2024-12-08 01:14:52,760 INFO [restartedMain] org.hibernate.bytecode.internal.BytecodeProviderInitiator [53] HHH000021: Bytecode provider name : bytebuddy
2024-12-08 01:14:52,868 INFO [restartedMain] org.springframework.orm.jpa.persistenceunit.SpringPersistenceUnitInfo [87] No LoadTimeWeaver setup: ignoring JPA class transformer
2024-12-08 01:14:52,896 WARN [restartedMain] org.hibernate.engine.jdbc.dialect.internal.DialectFactoryImpl [100] HHH90000026: SQLServer2012Dialect has been deprecated; use org.hibernate.dialect.SQLServerDialect instead
2024-12-08 01:14:53,771 INFO [restartedMain] org.hibernate.bytecode.internal.BytecodeProviderInitiator [53] HHH000021: Bytecode provider name : bytebuddy
2024-12-08 01:14:54,534 INFO [restartedMain] org.hibernate.engine.transaction.jta.platform.internal.JtaPlatformInitiator [51] HHH000490: Using JtaPlatform implementation: [org.hibernate.engine.transaction.jta.platform.internal.NoJtaPlatform]
2024-12-08 01:14:54,538 INFO [restartedMain] org.springframework.orm.jpa.AbstractEntityManagerFactoryBean [437] Initialized JPA EntityManagerFactory for persistence unit 'default'
2024-12-08 01:14:54,929 INFO [restartedMain] org.springframework.data.jpa.repository.query.QueryEnhancerFactory [47] Hibernate is in classpath; If applicable, HQL parser will be used.
2024-12-08 01:14:55,589 WARN [restartedMain] org.springframework.boot.autoconfigure.orm.jpa.JpaBaseConfiguration$JpaWebConfiguration [231] spring.jpa.open-in-view is enabled by default. Therefore, database queries may be performed during view rendering. Explicitly configure spring.jpa.open-in-view to disable this warning
2024-12-08 01:14:55,885 INFO [restartedMain] org.springframework.boot.devtools.autoconfigure.OptionalLiveReloadServer [59] LiveReload server is running on port 35729
2024-12-08 01:14:55,899 INFO [restartedMain] org.apache.juli.logging.DirectJDKLog [173] Starting ProtocolHandler ["http-nio-7175"]
2024-12-08 01:14:55,922 INFO [restartedMain] org.springframework.boot.web.embedded.tomcat.TomcatWebServer [220] Tomcat started on port(s): 7175 (http) with context path ''
2024-12-08 01:14:55,940 INFO [restartedMain] org.springframework.boot.StartupInfoLogger [57] Started PullAndSavePOSTxnDataApplication in 7.645 seconds (process running for 8.302)
2024-12-08 01:16:57,962 INFO [File Watcher] org.springframework.boot.devtools.autoconfigure.LocalDevToolsAutoConfiguration$RestartingClassPathChangeChangedEventListener [211] Restarting due to 1 class path change (0 additions, 0 deletions, 1 modification)
2024-12-08 01:16:57,992 INFO [Thread-5] org.apache.juli.logging.DirectJDKLog [173] Pausing ProtocolHandler ["http-nio-7175"]
2024-12-08 01:16:57,993 INFO [Thread-5] org.apache.juli.logging.DirectJDKLog [173] Stopping service [Tomcat]
2024-12-08 01:16:57,998 INFO [Thread-5] org.apache.juli.logging.DirectJDKLog [173] Stopping ProtocolHandler ["http-nio-7175"]
2024-12-08 01:16:58,000 INFO [Thread-5] org.apache.juli.logging.DirectJDKLog [173] Destroying ProtocolHandler ["http-nio-7175"]
2024-12-08 01:16:58,004 INFO [Thread-5] org.springframework.orm.jpa.AbstractEntityManagerFactoryBean [650] Closing JPA EntityManagerFactory for persistence unit 'default'
2024-12-08 01:16:58,008 INFO [Thread-5] com.zaxxer.hikari.HikariDataSource [350] mssql-zambia - Shutdown initiated...
2024-12-08 01:16:58,010 INFO [Thread-5] com.zaxxer.hikari.HikariDataSource [352] mssql-zambia - Shutdown completed.
2024-12-08 01:16:58,101 INFO [restartedMain] org.springframework.boot.StartupInfoLogger [51] Starting PullAndSavePOSTxnDataApplication using Java 17.0.2 with PID 25080 (E:\Projects\Zambia-Recon\PullPOSTxnData\target\classes started by vinayak more in E:\Projects\Zambia-Recon\PullPOSTxnData)
2024-12-08 01:16:58,101 INFO [restartedMain] org.springframework.boot.SpringApplication [634] No active profile set, falling back to 1 default profile: "default"
2024-12-08 01:16:58,274 INFO [restartedMain] org.springframework.data.repository.config.RepositoryConfigurationDelegate [138] Bootstrapping Spring Data JPA repositories in DEFAULT mode.
2024-12-08 01:16:58,288 INFO [restartedMain] org.springframework.data.repository.config.RepositoryConfigurationDelegate [208] Finished Spring Data repository scanning in 13 ms. Found 2 JPA repository interfaces.
2024-12-08 01:16:58,406 INFO [restartedMain] org.springframework.boot.web.embedded.tomcat.TomcatWebServer [108] Tomcat initialized with port(s): 7175 (http)
2024-12-08 01:16:58,407 INFO [restartedMain] org.apache.juli.logging.DirectJDKLog [173] Initializing ProtocolHandler ["http-nio-7175"]
2024-12-08 01:16:58,407 INFO [restartedMain] org.apache.juli.logging.DirectJDKLog [173] Starting service [Tomcat]
2024-12-08 01:16:58,407 INFO [restartedMain] org.apache.juli.logging.DirectJDKLog [173] Starting Servlet engine: [Apache Tomcat/10.1.12]
2024-12-08 01:16:58,431 INFO [restartedMain] org.apache.juli.logging.DirectJDKLog [173] Initializing Spring embedded WebApplicationContext
2024-12-08 01:16:58,432 INFO [restartedMain] org.springframework.boot.web.servlet.context.ServletWebServerApplicationContext [291] Root WebApplicationContext: initialization completed in 327 ms
2024-12-08 01:16:58,474 INFO [restartedMain] com.zaxxer.hikari.HikariDataSource [110] mssql-zambia - Starting...
2024-12-08 01:17:00,500 INFO [restartedMain] com.zaxxer.hikari.pool.HikariPool [565] mssql-zambia - Added connection ConnectionID:3 ClientConnectionId: 44b90134-5b8a-4f27-87d3-8234fc522569
2024-12-08 01:17:00,501 INFO [restartedMain] com.zaxxer.hikari.HikariDataSource [123] mssql-zambia - Start completed.
2024-12-08 01:17:00,504 INFO [restartedMain] org.hibernate.jpa.internal.util.LogHelper [31] HHH000204: Processing PersistenceUnitInfo [name: default]
2024-12-08 01:17:00,508 INFO [restartedMain] org.hibernate.bytecode.internal.BytecodeProviderInitiator [53] HHH000021: Bytecode provider name : bytebuddy
2024-12-08 01:17:00,508 INFO [restartedMain] org.springframework.orm.jpa.persistenceunit.SpringPersistenceUnitInfo [87] No LoadTimeWeaver setup: ignoring JPA class transformer
2024-12-08 01:17:00,509 WARN [restartedMain] org.hibernate.engine.jdbc.dialect.internal.DialectFactoryImpl [100] HHH90000026: SQLServer2012Dialect has been deprecated; use org.hibernate.dialect.SQLServerDialect instead
2024-12-08 01:17:01,174 INFO [restartedMain] org.hibernate.bytecode.internal.BytecodeProviderInitiator [53] HHH000021: Bytecode provider name : bytebuddy
2024-12-08 01:17:01,218 INFO [restartedMain] org.hibernate.engine.transaction.jta.platform.internal.JtaPlatformInitiator [51] HHH000490: Using JtaPlatform implementation: [org.hibernate.engine.transaction.jta.platform.internal.NoJtaPlatform]
2024-12-08 01:17:01,218 INFO [restartedMain] org.springframework.orm.jpa.AbstractEntityManagerFactoryBean [437] Initialized JPA EntityManagerFactory for persistence unit 'default'
2024-12-08 01:17:01,308 WARN [restartedMain] org.springframework.context.support.AbstractApplicationContext [616] Exception encountered during context initialization - cancelling refresh attempt: org.springframework.beans.factory.UnsatisfiedDependencyException: Error creating bean with name 'pullPOSTxnData': Unsatisfied dependency expressed through field 'pos_transactionNotificationRepository': Error creating bean with name 'POS_TRANSACTION_NOTIFICATIONRepository' defined in com.sil.repositories.POS_TRANSACTION_NOTIFICATIONRepository defined in @EnableJpaRepositories declared on JpaRepositoriesRegistrar.EnableJpaRepositoriesConfiguration: Unresolved compilation problem: 
	Transactional cannot be resolved to a type

2024-12-08 01:17:01,308 INFO [restartedMain] org.springframework.orm.jpa.AbstractEntityManagerFactoryBean [650] Closing JPA EntityManagerFactory for persistence unit 'default'
2024-12-08 01:17:01,310 INFO [restartedMain] com.zaxxer.hikari.HikariDataSource [350] mssql-zambia - Shutdown initiated...
2024-12-08 01:17:02,286 INFO [restartedMain] com.zaxxer.hikari.HikariDataSource [352] mssql-zambia - Shutdown completed.
2024-12-08 01:17:02,287 INFO [restartedMain] org.apache.juli.logging.DirectJDKLog [173] Stopping service [Tomcat]
2024-12-08 01:17:02,292 INFO [restartedMain] org.springframework.boot.autoconfigure.logging.ConditionEvaluationReportLogger [82] 

Error starting ApplicationContext. To display the condition evaluation report re-run your application with 'debug' enabled.
2024-12-08 01:17:02,314 ERROR [restartedMain] org.springframework.boot.SpringApplication [824] Application run failed
org.springframework.beans.factory.UnsatisfiedDependencyException: Error creating bean with name 'pullPOSTxnData': Unsatisfied dependency expressed through field 'pos_transactionNotificationRepository': Error creating bean with name 'POS_TRANSACTION_NOTIFICATIONRepository' defined in com.sil.repositories.POS_TRANSACTION_NOTIFICATIONRepository defined in @EnableJpaRepositories declared on JpaRepositoriesRegistrar.EnableJpaRepositoriesConfiguration: Unresolved compilation problem: 
	Transactional cannot be resolved to a type

	at org.springframework.beans.factory.annotation.AutowiredAnnotationBeanPostProcessor$AutowiredFieldElement.resolveFieldValue(AutowiredAnnotationBeanPostProcessor.java:716)
	at org.springframework.beans.factory.annotation.AutowiredAnnotationBeanPostProcessor$AutowiredFieldElement.inject(AutowiredAnnotationBeanPostProcessor.java:696)
	at org.springframework.beans.factory.annotation.InjectionMetadata.inject(InjectionMetadata.java:145)
	at org.springframework.beans.factory.annotation.AutowiredAnnotationBeanPostProcessor.postProcessProperties(AutowiredAnnotationBeanPostProcessor.java:483)
	at org.springframework.beans.factory.support.AbstractAutowireCapableBeanFactory.populateBean(AbstractAutowireCapableBeanFactory.java:1416)
	at org.springframework.beans.factory.support.AbstractAutowireCapableBeanFactory.doCreateBean(AbstractAutowireCapableBeanFactory.java:597)
	at org.springframework.beans.factory.support.AbstractAutowireCapableBeanFactory.createBean(AbstractAutowireCapableBeanFactory.java:520)
	at org.springframework.beans.factory.support.AbstractBeanFactory.lambda$doGetBean$0(AbstractBeanFactory.java:326)
	at org.springframework.beans.factory.support.DefaultSingletonBeanRegistry.getSingleton(DefaultSingletonBeanRegistry.java:234)
	at org.springframework.beans.factory.support.AbstractBeanFactory.doGetBean(AbstractBeanFactory.java:324)
	at org.springframework.beans.factory.support.AbstractBeanFactory.getBean(AbstractBeanFactory.java:200)
	at org.springframework.beans.factory.support.DefaultListableBeanFactory.preInstantiateSingletons(DefaultListableBeanFactory.java:973)
	at org.springframework.context.support.AbstractApplicationContext.finishBeanFactoryInitialization(AbstractApplicationContext.java:942)
	at org.springframework.context.support.AbstractApplicationContext.refresh(AbstractApplicationContext.java:608)
	at org.springframework.boot.web.servlet.context.ServletWebServerApplicationContext.refresh(ServletWebServerApplicationContext.java:146)
	at org.springframework.boot.SpringApplication.refresh(SpringApplication.java:734)
	at org.springframework.boot.SpringApplication.refreshContext(SpringApplication.java:436)
	at org.springframework.boot.SpringApplication.run(SpringApplication.java:312)
	at org.springframework.boot.SpringApplication.run(SpringApplication.java:1306)
	at org.springframework.boot.SpringApplication.run(SpringApplication.java:1295)
	at com.sil.PullAndSavePOSTxnDataApplication.main(PullAndSavePOSTxnDataApplication.java:17)
	at java.base/jdk.internal.reflect.NativeMethodAccessorImpl.invoke0(Native Method)
	at java.base/jdk.internal.reflect.NativeMethodAccessorImpl.invoke(NativeMethodAccessorImpl.java:77)
	at java.base/jdk.internal.reflect.DelegatingMethodAccessorImpl.invoke(DelegatingMethodAccessorImpl.java:43)
	at java.base/java.lang.reflect.Method.invoke(Method.java:568)
	at org.springframework.boot.devtools.restart.RestartLauncher.run(RestartLauncher.java:50)
Caused by: org.springframework.beans.factory.BeanCreationException: Error creating bean with name 'POS_TRANSACTION_NOTIFICATIONRepository' defined in com.sil.repositories.POS_TRANSACTION_NOTIFICATIONRepository defined in @EnableJpaRepositories declared on JpaRepositoriesRegistrar.EnableJpaRepositoriesConfiguration: Unresolved compilation problem: 
	Transactional cannot be resolved to a type

	at org.springframework.beans.factory.support.AbstractAutowireCapableBeanFactory.initializeBean(AbstractAutowireCapableBeanFactory.java:1770)
	at org.springframework.beans.factory.support.AbstractAutowireCapableBeanFactory.doCreateBean(AbstractAutowireCapableBeanFactory.java:598)
	at org.springframework.beans.factory.support.AbstractAutowireCapableBeanFactory.createBean(AbstractAutowireCapableBeanFactory.java:520)
	at org.springframework.beans.factory.support.AbstractBeanFactory.lambda$doGetBean$0(AbstractBeanFactory.java:326)
	at org.springframework.beans.factory.support.DefaultSingletonBeanRegistry.getSingleton(DefaultSingletonBeanRegistry.java:234)
	at org.springframework.beans.factory.support.AbstractBeanFactory.doGetBean(AbstractBeanFactory.java:324)
	at org.springframework.beans.factory.support.AbstractBeanFactory.getBean(AbstractBeanFactory.java:200)
	at org.springframework.beans.factory.config.DependencyDescriptor.resolveCandidate(DependencyDescriptor.java:254)
	at org.springframework.beans.factory.support.DefaultListableBeanFactory.doResolveDependency(DefaultListableBeanFactory.java:1417)
	at org.springframework.beans.factory.support.DefaultListableBeanFactory.resolveDependency(DefaultListableBeanFactory.java:1337)
	at org.springframework.beans.factory.annotation.AutowiredAnnotationBeanPostProcessor$AutowiredFieldElement.resolveFieldValue(AutowiredAnnotationBeanPostProcessor.java:713)
	... 25 common frames omitted
Caused by: java.lang.Error: Unresolved compilation problem: 
	Transactional cannot be resolved to a type

	at com.sil.repositories.POS_TRANSACTION_NOTIFICATIONRepository.<clinit>(POS_TRANSACTION_NOTIFICATIONRepository.java:22)
	at java.base/java.lang.Class.forName0(Native Method)
	at java.base/java.lang.Class.forName(Class.java:375)
	at jdk.proxy5/jdk.proxy5.$Proxy132.<clinit>(Unknown Source)
	at java.base/jdk.internal.reflect.NativeConstructorAccessorImpl.newInstance0(Native Method)
	at java.base/jdk.internal.reflect.NativeConstructorAccessorImpl.newInstance(NativeConstructorAccessorImpl.java:77)
	at java.base/jdk.internal.reflect.DelegatingConstructorAccessorImpl.newInstance(DelegatingConstructorAccessorImpl.java:45)
	at java.base/java.lang.reflect.Constructor.newInstanceWithCaller(Constructor.java:499)
	at java.base/java.lang.reflect.Constructor.newInstance(Constructor.java:480)
	at java.base/java.lang.reflect.Proxy.newProxyInstance(Proxy.java:1053)
	at java.base/java.lang.reflect.Proxy.newProxyInstance(Proxy.java:1039)
	at org.springframework.aop.framework.JdkDynamicAopProxy.getProxy(JdkDynamicAopProxy.java:123)
	at org.springframework.aop.framework.ProxyFactory.getProxy(ProxyFactory.java:110)
	at org.springframework.data.repository.core.support.RepositoryFactorySupport.getRepository(RepositoryFactorySupport.java:363)
	at org.springframework.data.repository.core.support.RepositoryFactoryBeanSupport.lambda$afterPropertiesSet$5(RepositoryFactoryBeanSupport.java:279)
	at org.springframework.data.util.Lazy.getNullable(Lazy.java:245)
	at org.springframework.data.util.Lazy.get(Lazy.java:114)
	at org.springframework.data.repository.core.support.RepositoryFactoryBeanSupport.afterPropertiesSet(RepositoryFactoryBeanSupport.java:285)
	at org.springframework.data.jpa.repository.support.JpaRepositoryFactoryBean.afterPropertiesSet(JpaRepositoryFactoryBean.java:132)
	at org.springframework.beans.factory.support.AbstractAutowireCapableBeanFactory.invokeInitMethods(AbstractAutowireCapableBeanFactory.java:1817)
	at org.springframework.beans.factory.support.AbstractAutowireCapableBeanFactory.initializeBean(AbstractAutowireCapableBeanFactory.java:1766)
	... 35 common frames omitted
2024-12-08 01:17:37,165 INFO [restartedMain] org.springframework.boot.StartupInfoLogger [51] Starting PullAndSavePOSTxnDataApplication using Java 17.0.2 with PID 15532 (E:\Projects\Zambia-Recon\PullPOSTxnData\target\classes started by vinayak more in E:\Projects\Zambia-Recon\PullPOSTxnData)
2024-12-08 01:17:37,169 INFO [restartedMain] org.springframework.boot.SpringApplication [634] No active profile set, falling back to 1 default profile: "default"
2024-12-08 01:17:37,229 INFO [restartedMain] org.springframework.boot.logging.DeferredLog [250] Devtools property defaults active! Set 'spring.devtools.add-properties' to 'false' to disable
2024-12-08 01:17:37,230 INFO [restartedMain] org.springframework.boot.logging.DeferredLog [250] For additional web related logging consider setting the 'logging.level.web' property to 'DEBUG'
2024-12-08 01:17:37,811 INFO [restartedMain] org.springframework.data.repository.config.RepositoryConfigurationDelegate [138] Bootstrapping Spring Data JPA repositories in DEFAULT mode.
2024-12-08 01:17:37,870 INFO [restartedMain] org.springframework.data.repository.config.RepositoryConfigurationDelegate [208] Finished Spring Data repository scanning in 52 ms. Found 2 JPA repository interfaces.
2024-12-08 01:17:38,625 INFO [restartedMain] org.springframework.boot.web.embedded.tomcat.TomcatWebServer [108] Tomcat initialized with port(s): 7175 (http)
2024-12-08 01:17:38,636 INFO [restartedMain] org.apache.juli.logging.DirectJDKLog [173] Initializing ProtocolHandler ["http-nio-7175"]
2024-12-08 01:17:38,638 INFO [restartedMain] org.apache.juli.logging.DirectJDKLog [173] Starting service [Tomcat]
2024-12-08 01:17:38,638 INFO [restartedMain] org.apache.juli.logging.DirectJDKLog [173] Starting Servlet engine: [Apache Tomcat/10.1.12]
2024-12-08 01:17:38,721 INFO [restartedMain] org.apache.juli.logging.DirectJDKLog [173] Initializing Spring embedded WebApplicationContext
2024-12-08 01:17:38,723 INFO [restartedMain] org.springframework.boot.web.servlet.context.ServletWebServerApplicationContext [291] Root WebApplicationContext: initialization completed in 1491 ms
2024-12-08 01:17:38,931 INFO [restartedMain] com.zaxxer.hikari.HikariDataSource [110] mssql-zambia - Starting...
2024-12-08 01:17:41,220 INFO [restartedMain] com.zaxxer.hikari.pool.HikariPool [565] mssql-zambia - Added connection ConnectionID:1 ClientConnectionId: f9b00def-754c-4ebf-aa24-cabbf1fce7e1
2024-12-08 01:17:41,221 INFO [restartedMain] com.zaxxer.hikari.HikariDataSource [123] mssql-zambia - Start completed.
2024-12-08 01:17:41,273 INFO [restartedMain] org.hibernate.jpa.internal.util.LogHelper [31] HHH000204: Processing PersistenceUnitInfo [name: default]
2024-12-08 01:17:41,326 INFO [restartedMain] org.hibernate.Version [44] HHH000412: Hibernate ORM core version 6.2.7.Final
2024-12-08 01:17:41,328 INFO [restartedMain] org.hibernate.cfg.Environment [191] HHH000406: Using bytecode reflection optimizer
2024-12-08 01:17:41,449 INFO [restartedMain] org.hibernate.bytecode.internal.BytecodeProviderInitiator [53] HHH000021: Bytecode provider name : bytebuddy
2024-12-08 01:17:41,566 INFO [restartedMain] org.springframework.orm.jpa.persistenceunit.SpringPersistenceUnitInfo [87] No LoadTimeWeaver setup: ignoring JPA class transformer
2024-12-08 01:17:41,649 WARN [restartedMain] org.hibernate.engine.jdbc.dialect.internal.DialectFactoryImpl [100] HHH90000026: SQLServer2012Dialect has been deprecated; use org.hibernate.dialect.SQLServerDialect instead
2024-12-08 01:17:42,518 INFO [restartedMain] org.hibernate.bytecode.internal.BytecodeProviderInitiator [53] HHH000021: Bytecode provider name : bytebuddy
2024-12-08 01:17:43,035 INFO [restartedMain] org.hibernate.engine.transaction.jta.platform.internal.JtaPlatformInitiator [51] HHH000490: Using JtaPlatform implementation: [org.hibernate.engine.transaction.jta.platform.internal.NoJtaPlatform]
2024-12-08 01:17:43,037 INFO [restartedMain] org.springframework.orm.jpa.AbstractEntityManagerFactoryBean [437] Initialized JPA EntityManagerFactory for persistence unit 'default'
2024-12-08 01:17:43,296 INFO [restartedMain] org.springframework.data.jpa.repository.query.QueryEnhancerFactory [47] Hibernate is in classpath; If applicable, HQL parser will be used.
2024-12-08 01:17:43,777 WARN [restartedMain] org.springframework.boot.autoconfigure.orm.jpa.JpaBaseConfiguration$JpaWebConfiguration [231] spring.jpa.open-in-view is enabled by default. Therefore, database queries may be performed during view rendering. Explicitly configure spring.jpa.open-in-view to disable this warning
2024-12-08 01:17:44,070 INFO [restartedMain] org.springframework.boot.devtools.autoconfigure.OptionalLiveReloadServer [59] LiveReload server is running on port 35729
2024-12-08 01:17:44,083 INFO [restartedMain] org.apache.juli.logging.DirectJDKLog [173] Starting ProtocolHandler ["http-nio-7175"]
2024-12-08 01:17:44,107 INFO [restartedMain] org.springframework.boot.web.embedded.tomcat.TomcatWebServer [220] Tomcat started on port(s): 7175 (http) with context path ''
2024-12-08 01:17:44,124 INFO [restartedMain] org.springframework.boot.StartupInfoLogger [57] Started PullAndSavePOSTxnDataApplication in 7.266 seconds (process running for 7.921)
