2024-05-31 16:57:49,340 INFO [main] org.springframework.boot.StartupInfoLogger [50] Starting PustTxnFeedApplication using Java 17.0.2 with PID 26940 (E:\Projects\VAKRANGI\PustTxnFeed\target\classes started by vinayak more in E:\Projects\VAKRANGI\PustTxnFeed)
2024-05-31 16:57:49,343 INFO [main] org.springframework.boot.SpringApplication [654] No active profile set, falling back to 1 default profile: "default"
2024-05-31 16:57:50,029 INFO [main] org.springframework.data.repository.config.RepositoryConfigurationDelegate [139] Bootstrapping Spring Data JPA repositories in DEFAULT mode.
2024-05-31 16:57:50,089 INFO [main] org.springframework.data.repository.config.RepositoryConfigurationDelegate [208] Finished Spring Data repository scanning in 51 ms. Found 1 JPA repository interface.
2024-05-31 16:57:50,712 INFO [main] org.springframework.boot.web.embedded.tomcat.TomcatWebServer [109] Tomcat initialized with port 7175 (http)
2024-05-31 16:57:50,722 INFO [main] org.apache.juli.logging.DirectJDKLog [173] Initializing ProtocolHandler ["http-nio-7175"]
2024-05-31 16:57:50,724 INFO [main] org.apache.juli.logging.DirectJDKLog [173] Starting service [Tomcat]
2024-05-31 16:57:50,725 INFO [main] org.apache.juli.logging.DirectJDKLog [173] Starting Servlet engine: [Apache Tomcat/10.1.18]
2024-05-31 16:57:50,805 INFO [main] org.apache.juli.logging.DirectJDKLog [173] Initializing Spring embedded WebApplicationContext
2024-05-31 16:57:50,807 INFO [main] org.springframework.boot.web.servlet.context.ServletWebServerApplicationContext [296] Root WebApplicationContext: initialization completed in 1399 ms
2024-05-31 16:57:51,012 INFO [main] com.zaxxer.hikari.HikariDataSource [110] HikariPool-1 - Starting...
2024-05-31 16:57:51,348 INFO [main] com.zaxxer.hikari.pool.HikariPool [565] HikariPool-1 - Added connection ConnectionID:1 ClientConnectionId: f7a554a9-c330-4d43-9dc1-c5cf8e541791
2024-05-31 16:57:51,349 INFO [main] com.zaxxer.hikari.HikariDataSource [123] HikariPool-1 - Start completed.
2024-05-31 16:57:51,414 INFO [main] org.hibernate.jpa.internal.util.LogHelper [31] HHH000204: Processing PersistenceUnitInfo [name: default]
2024-05-31 16:57:51,475 INFO [main] org.hibernate.Version [44] HHH000412: Hibernate ORM core version 6.4.1.Final
2024-05-31 16:57:51,512 INFO [main] org.hibernate.cache.internal.RegionFactoryInitiator [50] HHH000026: Second-level cache disabled
2024-05-31 16:57:51,692 INFO [main] org.springframework.orm.jpa.persistenceunit.SpringPersistenceUnitInfo [87] No LoadTimeWeaver setup: ignoring JPA class transformer
2024-05-31 16:57:51,737 WARN [main] org.hibernate.engine.jdbc.dialect.internal.DialectFactoryImpl [153] HHH90000025: SQLServer2012Dialect does not need to be specified explicitly using 'hibernate.dialect' (remove the property setting and it will be selected by default)
2024-05-31 16:57:51,738 WARN [main] org.hibernate.engine.jdbc.dialect.internal.DialectFactoryImpl [101] HHH90000026: SQLServer2012Dialect has been deprecated; use org.hibernate.dialect.SQLServerDialect instead
2024-05-31 16:57:52,608 INFO [main] org.hibernate.engine.transaction.jta.platform.internal.JtaPlatformInitiator [58] HHH000489: No JTA platform available (set 'hibernate.transaction.jta.platform' to enable JTA platform integration)
2024-05-31 16:57:52,611 INFO [main] org.springframework.orm.jpa.AbstractEntityManagerFactoryBean [437] Initialized JPA EntityManagerFactory for persistence unit 'default'
2024-05-31 16:57:52,899 INFO [main] org.springframework.data.jpa.repository.query.QueryEnhancerFactory [49] Hibernate is in classpath; If applicable, HQL parser will be used.
2024-05-31 16:57:53,266 WARN [main] org.springframework.boot.autoconfigure.orm.jpa.JpaBaseConfiguration$JpaWebConfiguration [232] spring.jpa.open-in-view is enabled by default. Therefore, database queries may be performed during view rendering. Explicitly configure spring.jpa.open-in-view to disable this warning
2024-05-31 16:57:53,599 INFO [main] org.apache.juli.logging.DirectJDKLog [173] Starting ProtocolHandler ["http-nio-7175"]
2024-05-31 16:57:53,625 INFO [main] org.springframework.boot.web.embedded.tomcat.TomcatWebServer [241] Tomcat started on port 7175 (http) with context path ''
2024-05-31 16:57:53,641 INFO [main] org.springframework.boot.StartupInfoLogger [56] Started PustTxnFeedApplication in 4.603 seconds (process running for 5.164)
2024-05-31 16:58:00,010 INFO [scheduling-1] com.sil.scheduler.pushTxnService [39] 

==================== TRQ ===================
2024-05-31 16:58:00,399 INFO [scheduling-1] com.sil.scheduler.pushTxnService [50] Total Records Fetched : 10
2024-05-31 16:58:00,400 INFO [scheduling-1] com.sil.scheduler.pushTxnService [52] TXN NO : 2504
2024-05-31 16:58:00,400 INFO [scheduling-1] com.sil.scheduler.pushTxnService [53] LUNO : E39
2024-05-31 16:58:00,522 INFO [scheduling-1] com.sil.scheduler.pushTxnService [56] TXN LIST  3 : 10
2024-05-31 16:58:00,523 INFO [scheduling-1] com.sil.scheduler.pushTxnService [84] Data : 200|2024-05-31|6:42:35||cashwithdrawal|652294XXXXXX0624|415206002504|2504|20000|51|INSUFFICIENT BALANCE|199794
2024-05-31 16:58:00,527 INFO [scheduling-1] com.sil.client.AtmTxnClient [63] Request To Controller : {"TransactionID":"E39415206002504","FeedText":"200|2024-05-31|6:42:35||cashwithdrawal|652294XXXXXX0624|415206002504|2504|20000|51|INSUFFICIENT BALANCE|199794"}
2024-05-31 16:58:00,597 INFO [scheduling-1] com.sil.client.LoggingRequestInterceptor [30] =========================== Request Begin ===========================
2024-05-31 16:58:00,598 INFO [scheduling-1] com.sil.client.LoggingRequestInterceptor [31] URI          : http://apigateway.vakrangee.in:4443/pushtransactionfeed
2024-05-31 16:58:00,598 INFO [scheduling-1] com.sil.client.LoggingRequestInterceptor [32] Method       : POST
2024-05-31 16:58:00,599 INFO [scheduling-1] com.sil.client.LoggingRequestInterceptor [33] Headers      : [Accept:"application/json", username:"SilFeed", password:"S!lFeed@123", auth_key:"eyATMGciOiJIUzI1NiIsInR5cCI6IkpFEED24", Content-Type:"application/json", Content-Length:"159"]
2024-05-31 16:58:00,600 INFO [scheduling-1] com.sil.client.LoggingRequestInterceptor [34] Body : {"TransactionID":"E39415206002504","FeedText":"200|2024-05-31|6:42:35||cashwithdrawal|652294XXXXXX0624|415206002504|2504|20000|51|INSUFFICIENT BALANCE|199794"}
2024-05-31 16:58:00,600 INFO [scheduling-1] com.sil.client.LoggingRequestInterceptor [35] ============================ Request End ============================
2024-05-31 16:58:02,131 INFO [scheduling-1] com.sil.client.LoggingRequestInterceptor [47] =========================== Response Begin ===========================
2024-05-31 16:58:02,136 INFO [scheduling-1] com.sil.client.LoggingRequestInterceptor [48] Status code   : 200 OK
2024-05-31 16:58:02,137 INFO [scheduling-1] com.sil.client.LoggingRequestInterceptor [49] Status text   : OK
2024-05-31 16:58:02,137 INFO [scheduling-1] com.sil.client.LoggingRequestInterceptor [50] Headers       : [Date:"Fri, 31 May 2024 11:28:05 GMT", Server:"WSGIServer/0.2 CPython/3.12.2", Content-Type:"application/json", X-Frame-Options:"DENY", Content-Length:"76", X-Content-Type-Options:"nosniff", Referrer-Policy:"same-origin", Cross-Origin-Opener-Policy:"same-origin"]
2024-05-31 16:58:02,137 INFO [scheduling-1] com.sil.client.LoggingRequestInterceptor [51] Response Body : {"TransactionID": "E39415206002504", "code": "200", "Status": "Sucessfully"}
2024-05-31 16:58:02,138 INFO [scheduling-1] com.sil.client.LoggingRequestInterceptor [52] ============================ Response End ============================
2024-05-31 16:58:02,164 INFO [scheduling-1] com.sil.client.AtmTxnClient [87] Response from Controller : {"TransactionID": "E39415206002504", "code": "200", "Status": "Sucessfully"}
2024-05-31 16:58:02,164 INFO [scheduling-1] com.sil.scheduler.pushTxnService [93]  CONNECTION SUCCESS : 
2024-05-31 16:58:02,605 INFO [scheduling-1] com.sil.scheduler.pushTxnService [52] TXN NO : 339
2024-05-31 16:58:02,606 INFO [scheduling-1] com.sil.scheduler.pushTxnService [53] LUNO : A00
2024-05-31 16:58:02,703 INFO [scheduling-1] com.sil.scheduler.pushTxnService [56] TXN LIST  3 : 10
2024-05-31 16:58:02,703 INFO [scheduling-1] com.sil.scheduler.pushTxnService [84] Data : 200|2024-05-31|6:42:35||cashwithdrawal|652294XXXXXX0624|415206002504|2504|20000|51|INSUFFICIENT BALANCE|199794500|2024-05-31|6:43:17||cashwithdrawal|459156XXXXXX4037|415206000339|339|50000|906|AMOUNT CAN BE DISPENSED|213217
2024-05-31 16:58:02,703 INFO [scheduling-1] com.sil.client.AtmTxnClient [63] Request To Controller : {"TransactionID":"A00415206000339","FeedText":"200|2024-05-31|6:42:35||cashwithdrawal|652294XXXXXX0624|415206002504|2504|20000|51|INSUFFICIENT BALANCE|199794500|2024-05-31|6:43:17||cashwithdrawal|459156XXXXXX4037|415206000339|339|50000|906|AMOUNT CAN BE DISPENSED|213217"}
2024-05-31 16:58:02,705 INFO [scheduling-1] com.sil.client.LoggingRequestInterceptor [30] =========================== Request Begin ===========================
2024-05-31 16:58:02,705 INFO [scheduling-1] com.sil.client.LoggingRequestInterceptor [31] URI          : http://apigateway.vakrangee.in:4443/pushtransactionfeed
2024-05-31 16:58:02,705 INFO [scheduling-1] com.sil.client.LoggingRequestInterceptor [32] Method       : POST
2024-05-31 16:58:02,706 INFO [scheduling-1] com.sil.client.LoggingRequestInterceptor [33] Headers      : [Accept:"application/json", username:"SilFeed", password:"S!lFeed@123", auth_key:"eyATMGciOiJIUzI1NiIsInR5cCI6IkpFEED24", Content-Type:"application/json", Content-Length:"272"]
2024-05-31 16:58:02,706 INFO [scheduling-1] com.sil.client.LoggingRequestInterceptor [34] Body : {"TransactionID":"A00415206000339","FeedText":"200|2024-05-31|6:42:35||cashwithdrawal|652294XXXXXX0624|415206002504|2504|20000|51|INSUFFICIENT BALANCE|199794500|2024-05-31|6:43:17||cashwithdrawal|459156XXXXXX4037|415206000339|339|50000|906|AMOUNT CAN BE DISPENSED|213217"}
2024-05-31 16:58:02,706 INFO [scheduling-1] com.sil.client.LoggingRequestInterceptor [35] ============================ Request End ============================
2024-05-31 16:58:02,907 INFO [scheduling-1] com.sil.client.LoggingRequestInterceptor [47] =========================== Response Begin ===========================
2024-05-31 16:58:02,907 INFO [scheduling-1] com.sil.client.LoggingRequestInterceptor [48] Status code   : 200 OK
2024-05-31 16:58:02,908 INFO [scheduling-1] com.sil.client.LoggingRequestInterceptor [49] Status text   : OK
2024-05-31 16:58:02,908 INFO [scheduling-1] com.sil.client.LoggingRequestInterceptor [50] Headers       : [Date:"Fri, 31 May 2024 11:28:06 GMT", Server:"WSGIServer/0.2 CPython/3.12.2", Content-Type:"application/json", X-Frame-Options:"DENY", Content-Length:"76", X-Content-Type-Options:"nosniff", Referrer-Policy:"same-origin", Cross-Origin-Opener-Policy:"same-origin"]
2024-05-31 16:58:02,908 INFO [scheduling-1] com.sil.client.LoggingRequestInterceptor [51] Response Body : {"TransactionID": "A00415206000339", "code": "200", "Status": "Sucessfully"}
2024-05-31 16:58:02,908 INFO [scheduling-1] com.sil.client.LoggingRequestInterceptor [52] ============================ Response End ============================
2024-05-31 16:58:02,909 INFO [scheduling-1] com.sil.client.AtmTxnClient [87] Response from Controller : {"TransactionID": "A00415206000339", "code": "200", "Status": "Sucessfully"}
2024-05-31 16:58:02,909 INFO [scheduling-1] com.sil.scheduler.pushTxnService [93]  CONNECTION SUCCESS : 
2024-05-31 16:58:03,439 INFO [scheduling-1] com.sil.scheduler.pushTxnService [52] TXN NO : 6517
2024-05-31 16:58:03,440 INFO [scheduling-1] com.sil.scheduler.pushTxnService [53] LUNO : A84
2024-05-31 16:58:03,468 INFO [scheduling-1] com.sil.scheduler.pushTxnService [56] TXN LIST  3 : 10
2024-05-31 16:58:03,468 INFO [scheduling-1] com.sil.scheduler.pushTxnService [84] Data : 200|2024-05-31|6:42:35||cashwithdrawal|652294XXXXXX0624|415206002504|2504|20000|51|INSUFFICIENT BALANCE|199794500|2024-05-31|6:43:17||cashwithdrawal|459156XXXXXX4037|415206000339|339|50000|906|AMOUNT CAN BE DISPENSED|213217300|2024-05-31|6:44:58||cashwithdrawal|508873XXXXXX1080|415206006517|6517|30000|906|AMOUNT CAN BE DISPENSED|631573
2024-05-31 16:58:03,469 INFO [scheduling-1] com.sil.client.AtmTxnClient [63] Request To Controller : {"TransactionID":"A84415206006517","FeedText":"200|2024-05-31|6:42:35||cashwithdrawal|652294XXXXXX0624|415206002504|2504|20000|51|INSUFFICIENT BALANCE|199794500|2024-05-31|6:43:17||cashwithdrawal|459156XXXXXX4037|415206000339|339|50000|906|AMOUNT CAN BE DISPENSED|213217300|2024-05-31|6:44:58||cashwithdrawal|508873XXXXXX1080|415206006517|6517|30000|906|AMOUNT CAN BE DISPENSED|631573"}
2024-05-31 16:58:03,472 INFO [scheduling-1] com.sil.client.LoggingRequestInterceptor [30] =========================== Request Begin ===========================
2024-05-31 16:58:03,472 INFO [scheduling-1] com.sil.client.LoggingRequestInterceptor [31] URI          : http://apigateway.vakrangee.in:4443/pushtransactionfeed
2024-05-31 16:58:03,472 INFO [scheduling-1] com.sil.client.LoggingRequestInterceptor [32] Method       : POST
2024-05-31 16:58:03,473 INFO [scheduling-1] com.sil.client.LoggingRequestInterceptor [33] Headers      : [Accept:"application/json", username:"SilFeed", password:"S!lFeed@123", auth_key:"eyATMGciOiJIUzI1NiIsInR5cCI6IkpFEED24", Content-Type:"application/json", Content-Length:"386"]
2024-05-31 16:58:03,474 INFO [scheduling-1] com.sil.client.LoggingRequestInterceptor [34] Body : {"TransactionID":"A84415206006517","FeedText":"200|2024-05-31|6:42:35||cashwithdrawal|652294XXXXXX0624|415206002504|2504|20000|51|INSUFFICIENT BALANCE|199794500|2024-05-31|6:43:17||cashwithdrawal|459156XXXXXX4037|415206000339|339|50000|906|AMOUNT CAN BE DISPENSED|213217300|2024-05-31|6:44:58||cashwithdrawal|508873XXXXXX1080|415206006517|6517|30000|906|AMOUNT CAN BE DISPENSED|631573"}
2024-05-31 16:58:03,474 INFO [scheduling-1] com.sil.client.LoggingRequestInterceptor [35] ============================ Request End ============================
2024-05-31 16:58:03,717 INFO [scheduling-1] com.sil.client.LoggingRequestInterceptor [47] =========================== Response Begin ===========================
2024-05-31 16:58:03,717 INFO [scheduling-1] com.sil.client.LoggingRequestInterceptor [48] Status code   : 200 OK
2024-05-31 16:58:03,717 INFO [scheduling-1] com.sil.client.LoggingRequestInterceptor [49] Status text   : OK
2024-05-31 16:58:03,717 INFO [scheduling-1] com.sil.client.LoggingRequestInterceptor [50] Headers       : [Date:"Fri, 31 May 2024 11:28:07 GMT", Server:"WSGIServer/0.2 CPython/3.12.2", Content-Type:"application/json", X-Frame-Options:"DENY", Content-Length:"76", X-Content-Type-Options:"nosniff", Referrer-Policy:"same-origin", Cross-Origin-Opener-Policy:"same-origin"]
2024-05-31 16:58:03,717 INFO [scheduling-1] com.sil.client.LoggingRequestInterceptor [51] Response Body : {"TransactionID": "A84415206006517", "code": "200", "Status": "Sucessfully"}
2024-05-31 16:58:03,717 INFO [scheduling-1] com.sil.client.LoggingRequestInterceptor [52] ============================ Response End ============================
2024-05-31 16:58:03,718 INFO [scheduling-1] com.sil.client.AtmTxnClient [87] Response from Controller : {"TransactionID": "A84415206006517", "code": "200", "Status": "Sucessfully"}
2024-05-31 16:58:03,718 INFO [scheduling-1] com.sil.scheduler.pushTxnService [93]  CONNECTION SUCCESS : 
2024-05-31 16:58:03,770 INFO [scheduling-1] com.sil.scheduler.pushTxnService [52] TXN NO : 1899
2024-05-31 16:58:03,770 INFO [scheduling-1] com.sil.scheduler.pushTxnService [53] LUNO : B51
2024-05-31 16:58:03,857 INFO [scheduling-1] com.sil.scheduler.pushTxnService [56] TXN LIST  3 : 10
2024-05-31 16:58:03,858 INFO [scheduling-1] com.sil.scheduler.pushTxnService [84] Data : 200|2024-05-31|6:42:35||cashwithdrawal|652294XXXXXX0624|415206002504|2504|20000|51|INSUFFICIENT BALANCE|199794500|2024-05-31|6:43:17||cashwithdrawal|459156XXXXXX4037|415206000339|339|50000|906|AMOUNT CAN BE DISPENSED|213217300|2024-05-31|6:44:58||cashwithdrawal|508873XXXXXX1080|415206006517|6517|30000|906|AMOUNT CAN BE DISPENSED|6315730|2024-05-31|6:45:3||balanceEnquiry|606998XXXXXX3663|415206001899|1899|30000|00|SUCCESSFUL|001899
2024-05-31 16:58:03,858 INFO [scheduling-1] com.sil.client.AtmTxnClient [63] Request To Controller : {"TransactionID":"B51415206001899","FeedText":"200|2024-05-31|6:42:35||cashwithdrawal|652294XXXXXX0624|415206002504|2504|20000|51|INSUFFICIENT BALANCE|199794500|2024-05-31|6:43:17||cashwithdrawal|459156XXXXXX4037|415206000339|339|50000|906|AMOUNT CAN BE DISPENSED|213217300|2024-05-31|6:44:58||cashwithdrawal|508873XXXXXX1080|415206006517|6517|30000|906|AMOUNT CAN BE DISPENSED|6315730|2024-05-31|6:45:3||balanceEnquiry|606998XXXXXX3663|415206001899|1899|30000|00|SUCCESSFUL|001899"}
2024-05-31 16:58:03,859 INFO [scheduling-1] com.sil.client.LoggingRequestInterceptor [30] =========================== Request Begin ===========================
2024-05-31 16:58:03,859 INFO [scheduling-1] com.sil.client.LoggingRequestInterceptor [31] URI          : http://apigateway.vakrangee.in:4443/pushtransactionfeed
2024-05-31 16:58:03,859 INFO [scheduling-1] com.sil.client.LoggingRequestInterceptor [32] Method       : POST
2024-05-31 16:58:03,860 INFO [scheduling-1] com.sil.client.LoggingRequestInterceptor [33] Headers      : [Accept:"application/json", username:"SilFeed", password:"S!lFeed@123", auth_key:"eyATMGciOiJIUzI1NiIsInR5cCI6IkpFEED24", Content-Type:"application/json", Content-Length:"483"]
2024-05-31 16:58:03,860 INFO [scheduling-1] com.sil.client.LoggingRequestInterceptor [34] Body : {"TransactionID":"B51415206001899","FeedText":"200|2024-05-31|6:42:35||cashwithdrawal|652294XXXXXX0624|415206002504|2504|20000|51|INSUFFICIENT BALANCE|199794500|2024-05-31|6:43:17||cashwithdrawal|459156XXXXXX4037|415206000339|339|50000|906|AMOUNT CAN BE DISPENSED|213217300|2024-05-31|6:44:58||cashwithdrawal|508873XXXXXX1080|415206006517|6517|30000|906|AMOUNT CAN BE DISPENSED|6315730|2024-05-31|6:45:3||balanceEnquiry|606998XXXXXX3663|415206001899|1899|30000|00|SUCCESSFUL|001899"}
2024-05-31 16:58:03,860 INFO [scheduling-1] com.sil.client.LoggingRequestInterceptor [35] ============================ Request End ============================
2024-05-31 16:58:04,112 INFO [scheduling-1] com.sil.client.LoggingRequestInterceptor [47] =========================== Response Begin ===========================
2024-05-31 16:58:04,113 INFO [scheduling-1] com.sil.client.LoggingRequestInterceptor [48] Status code   : 200 OK
2024-05-31 16:58:04,113 INFO [scheduling-1] com.sil.client.LoggingRequestInterceptor [49] Status text   : OK
2024-05-31 16:58:04,113 INFO [scheduling-1] com.sil.client.LoggingRequestInterceptor [50] Headers       : [Date:"Fri, 31 May 2024 11:28:07 GMT", Server:"WSGIServer/0.2 CPython/3.12.2", Content-Type:"application/json", X-Frame-Options:"DENY", Content-Length:"76", X-Content-Type-Options:"nosniff", Referrer-Policy:"same-origin", Cross-Origin-Opener-Policy:"same-origin"]
2024-05-31 16:58:04,113 INFO [scheduling-1] com.sil.client.LoggingRequestInterceptor [51] Response Body : {"TransactionID": "B51415206001899", "code": "200", "Status": "Sucessfully"}
2024-05-31 16:58:04,113 INFO [scheduling-1] com.sil.client.LoggingRequestInterceptor [52] ============================ Response End ============================
2024-05-31 16:58:04,113 INFO [scheduling-1] com.sil.client.AtmTxnClient [87] Response from Controller : {"TransactionID": "B51415206001899", "code": "200", "Status": "Sucessfully"}
2024-05-31 16:58:04,113 INFO [scheduling-1] com.sil.scheduler.pushTxnService [93]  CONNECTION SUCCESS : 
2024-05-31 16:58:04,193 INFO [scheduling-1] com.sil.scheduler.pushTxnService [52] TXN NO : 1960
2024-05-31 16:58:04,193 INFO [scheduling-1] com.sil.scheduler.pushTxnService [53] LUNO : D63
2024-05-31 16:58:04,272 INFO [scheduling-1] com.sil.scheduler.pushTxnService [56] TXN LIST  3 : 10
2024-05-31 16:58:04,273 INFO [scheduling-1] com.sil.scheduler.pushTxnService [84] Data : 200|2024-05-31|6:42:35||cashwithdrawal|652294XXXXXX0624|415206002504|2504|20000|51|INSUFFICIENT BALANCE|199794500|2024-05-31|6:43:17||cashwithdrawal|459156XXXXXX4037|415206000339|339|50000|906|AMOUNT CAN BE DISPENSED|213217300|2024-05-31|6:44:58||cashwithdrawal|508873XXXXXX1080|415206006517|6517|30000|906|AMOUNT CAN BE DISPENSED|6315730|2024-05-31|6:45:3||balanceEnquiry|606998XXXXXX3663|415206001899|1899|30000|00|SUCCESSFUL|0018995000|2024-05-31|6:47:48||cashwithdrawal|508992XXXXXX4615|415206001960|1960|500000|906|AMOUNT CAN BE DISPENSED|093963
2024-05-31 16:58:04,273 INFO [scheduling-1] com.sil.client.AtmTxnClient [63] Request To Controller : {"TransactionID":"D63415206001960","FeedText":"200|2024-05-31|6:42:35||cashwithdrawal|652294XXXXXX0624|415206002504|2504|20000|51|INSUFFICIENT BALANCE|199794500|2024-05-31|6:43:17||cashwithdrawal|459156XXXXXX4037|415206000339|339|50000|906|AMOUNT CAN BE DISPENSED|213217300|2024-05-31|6:44:58||cashwithdrawal|508873XXXXXX1080|415206006517|6517|30000|906|AMOUNT CAN BE DISPENSED|6315730|2024-05-31|6:45:3||balanceEnquiry|606998XXXXXX3663|415206001899|1899|30000|00|SUCCESSFUL|0018995000|2024-05-31|6:47:48||cashwithdrawal|508992XXXXXX4615|415206001960|1960|500000|906|AMOUNT CAN BE DISPENSED|093963"}
2024-05-31 16:58:04,275 INFO [scheduling-1] com.sil.client.LoggingRequestInterceptor [30] =========================== Request Begin ===========================
2024-05-31 16:58:04,275 INFO [scheduling-1] com.sil.client.LoggingRequestInterceptor [31] URI          : http://apigateway.vakrangee.in:4443/pushtransactionfeed
2024-05-31 16:58:04,275 INFO [scheduling-1] com.sil.client.LoggingRequestInterceptor [32] Method       : POST
2024-05-31 16:58:04,275 INFO [scheduling-1] com.sil.client.LoggingRequestInterceptor [33] Headers      : [Accept:"application/json", username:"SilFeed", password:"S!lFeed@123", auth_key:"eyATMGciOiJIUzI1NiIsInR5cCI6IkpFEED24", Content-Type:"application/json", Content-Length:"599"]
2024-05-31 16:58:04,275 INFO [scheduling-1] com.sil.client.LoggingRequestInterceptor [34] Body : {"TransactionID":"D63415206001960","FeedText":"200|2024-05-31|6:42:35||cashwithdrawal|652294XXXXXX0624|415206002504|2504|20000|51|INSUFFICIENT BALANCE|199794500|2024-05-31|6:43:17||cashwithdrawal|459156XXXXXX4037|415206000339|339|50000|906|AMOUNT CAN BE DISPENSED|213217300|2024-05-31|6:44:58||cashwithdrawal|508873XXXXXX1080|415206006517|6517|30000|906|AMOUNT CAN BE DISPENSED|6315730|2024-05-31|6:45:3||balanceEnquiry|606998XXXXXX3663|415206001899|1899|30000|00|SUCCESSFUL|0018995000|2024-05-31|6:47:48||cashwithdrawal|508992XXXXXX4615|415206001960|1960|500000|906|AMOUNT CAN BE DISPENSED|093963"}
2024-05-31 16:58:04,275 INFO [scheduling-1] com.sil.client.LoggingRequestInterceptor [35] ============================ Request End ============================
2024-05-31 16:58:04,453 INFO [scheduling-1] com.sil.client.LoggingRequestInterceptor [47] =========================== Response Begin ===========================
2024-05-31 16:58:04,453 INFO [scheduling-1] com.sil.client.LoggingRequestInterceptor [48] Status code   : 200 OK
2024-05-31 16:58:04,455 INFO [scheduling-1] com.sil.client.LoggingRequestInterceptor [49] Status text   : OK
2024-05-31 16:58:04,455 INFO [scheduling-1] com.sil.client.LoggingRequestInterceptor [50] Headers       : [Date:"Fri, 31 May 2024 11:28:07 GMT", Server:"WSGIServer/0.2 CPython/3.12.2", Content-Type:"application/json", X-Frame-Options:"DENY", Content-Length:"76", X-Content-Type-Options:"nosniff", Referrer-Policy:"same-origin", Cross-Origin-Opener-Policy:"same-origin"]
2024-05-31 16:58:04,455 INFO [scheduling-1] com.sil.client.LoggingRequestInterceptor [51] Response Body : {"TransactionID": "D63415206001960", "code": "200", "Status": "Sucessfully"}
2024-05-31 16:58:04,455 INFO [scheduling-1] com.sil.client.LoggingRequestInterceptor [52] ============================ Response End ============================
2024-05-31 16:58:04,455 INFO [scheduling-1] com.sil.client.AtmTxnClient [87] Response from Controller : {"TransactionID": "D63415206001960", "code": "200", "Status": "Sucessfully"}
2024-05-31 16:58:04,455 INFO [scheduling-1] com.sil.scheduler.pushTxnService [93]  CONNECTION SUCCESS : 
2024-05-31 16:58:04,565 INFO [scheduling-1] com.sil.scheduler.pushTxnService [52] TXN NO : 2243
2024-05-31 16:58:04,565 INFO [scheduling-1] com.sil.scheduler.pushTxnService [53] LUNO : B80
2024-05-31 16:58:04,682 INFO [scheduling-1] com.sil.scheduler.pushTxnService [56] TXN LIST  3 : 10
2024-05-31 16:58:04,682 INFO [scheduling-1] com.sil.scheduler.pushTxnService [84] Data : 200|2024-05-31|6:42:35||cashwithdrawal|652294XXXXXX0624|415206002504|2504|20000|51|INSUFFICIENT BALANCE|199794500|2024-05-31|6:43:17||cashwithdrawal|459156XXXXXX4037|415206000339|339|50000|906|AMOUNT CAN BE DISPENSED|213217300|2024-05-31|6:44:58||cashwithdrawal|508873XXXXXX1080|415206006517|6517|30000|906|AMOUNT CAN BE DISPENSED|6315730|2024-05-31|6:45:3||balanceEnquiry|606998XXXXXX3663|415206001899|1899|30000|00|SUCCESSFUL|0018995000|2024-05-31|6:47:48||cashwithdrawal|508992XXXXXX4615|415206001960|1960|500000|906|AMOUNT CAN BE DISPENSED|0939630|2024-05-31|6:47:52||balanceEnquiry|607716XXXXXX7564|415206002243|2243|500000|52|INVALID CHECKING ACCOUNT|
2024-05-31 16:58:04,682 INFO [scheduling-1] com.sil.client.AtmTxnClient [63] Request To Controller : {"TransactionID":"B80415206002243","FeedText":"200|2024-05-31|6:42:35||cashwithdrawal|652294XXXXXX0624|415206002504|2504|20000|51|INSUFFICIENT BALANCE|199794500|2024-05-31|6:43:17||cashwithdrawal|459156XXXXXX4037|415206000339|339|50000|906|AMOUNT CAN BE DISPENSED|213217300|2024-05-31|6:44:58||cashwithdrawal|508873XXXXXX1080|415206006517|6517|30000|906|AMOUNT CAN BE DISPENSED|6315730|2024-05-31|6:45:3||balanceEnquiry|606998XXXXXX3663|415206001899|1899|30000|00|SUCCESSFUL|0018995000|2024-05-31|6:47:48||cashwithdrawal|508992XXXXXX4615|415206001960|1960|500000|906|AMOUNT CAN BE DISPENSED|0939630|2024-05-31|6:47:52||balanceEnquiry|607716XXXXXX7564|415206002243|2243|500000|52|INVALID CHECKING ACCOUNT|"}
2024-05-31 16:58:04,683 INFO [scheduling-1] com.sil.client.LoggingRequestInterceptor [30] =========================== Request Begin ===========================
2024-05-31 16:58:04,684 INFO [scheduling-1] com.sil.client.LoggingRequestInterceptor [31] URI          : http://apigateway.vakrangee.in:4443/pushtransactionfeed
2024-05-31 16:58:04,684 INFO [scheduling-1] com.sil.client.LoggingRequestInterceptor [32] Method       : POST
2024-05-31 16:58:04,684 INFO [scheduling-1] com.sil.client.LoggingRequestInterceptor [33] Headers      : [Accept:"application/json", username:"SilFeed", password:"S!lFeed@123", auth_key:"eyATMGciOiJIUzI1NiIsInR5cCI6IkpFEED24", Content-Type:"application/json", Content-Length:"706"]
2024-05-31 16:58:04,684 INFO [scheduling-1] com.sil.client.LoggingRequestInterceptor [34] Body : {"TransactionID":"B80415206002243","FeedText":"200|2024-05-31|6:42:35||cashwithdrawal|652294XXXXXX0624|415206002504|2504|20000|51|INSUFFICIENT BALANCE|199794500|2024-05-31|6:43:17||cashwithdrawal|459156XXXXXX4037|415206000339|339|50000|906|AMOUNT CAN BE DISPENSED|213217300|2024-05-31|6:44:58||cashwithdrawal|508873XXXXXX1080|415206006517|6517|30000|906|AMOUNT CAN BE DISPENSED|6315730|2024-05-31|6:45:3||balanceEnquiry|606998XXXXXX3663|415206001899|1899|30000|00|SUCCESSFUL|0018995000|2024-05-31|6:47:48||cashwithdrawal|508992XXXXXX4615|415206001960|1960|500000|906|AMOUNT CAN BE DISPENSED|0939630|2024-05-31|6:47:52||balanceEnquiry|607716XXXXXX7564|415206002243|2243|500000|52|INVALID CHECKING ACCOUNT|"}
2024-05-31 16:58:04,684 INFO [scheduling-1] com.sil.client.LoggingRequestInterceptor [35] ============================ Request End ============================
2024-05-31 16:58:04,853 INFO [scheduling-1] com.sil.client.LoggingRequestInterceptor [47] =========================== Response Begin ===========================
2024-05-31 16:58:04,853 INFO [scheduling-1] com.sil.client.LoggingRequestInterceptor [48] Status code   : 200 OK
2024-05-31 16:58:04,853 INFO [scheduling-1] com.sil.client.LoggingRequestInterceptor [49] Status text   : OK
2024-05-31 16:58:04,853 INFO [scheduling-1] com.sil.client.LoggingRequestInterceptor [50] Headers       : [Date:"Fri, 31 May 2024 11:28:08 GMT", Server:"WSGIServer/0.2 CPython/3.12.2", Content-Type:"application/json", X-Frame-Options:"DENY", Content-Length:"76", X-Content-Type-Options:"nosniff", Referrer-Policy:"same-origin", Cross-Origin-Opener-Policy:"same-origin"]
2024-05-31 16:58:04,854 INFO [scheduling-1] com.sil.client.LoggingRequestInterceptor [51] Response Body : {"TransactionID": "B80415206002243", "code": "200", "Status": "Sucessfully"}
2024-05-31 16:58:04,854 INFO [scheduling-1] com.sil.client.LoggingRequestInterceptor [52] ============================ Response End ============================
2024-05-31 16:58:04,855 INFO [scheduling-1] com.sil.client.AtmTxnClient [87] Response from Controller : {"TransactionID": "B80415206002243", "code": "200", "Status": "Sucessfully"}
2024-05-31 16:58:04,856 INFO [scheduling-1] com.sil.scheduler.pushTxnService [93]  CONNECTION SUCCESS : 
2024-05-31 16:58:04,955 INFO [scheduling-1] com.sil.scheduler.pushTxnService [52] TXN NO : 1408
2024-05-31 16:58:04,955 INFO [scheduling-1] com.sil.scheduler.pushTxnService [53] LUNO : C87
2024-05-31 16:58:05,021 INFO [scheduling-1] com.sil.scheduler.pushTxnService [56] TXN LIST  3 : 10
2024-05-31 16:58:05,021 INFO [scheduling-1] com.sil.scheduler.pushTxnService [84] Data : 200|2024-05-31|6:42:35||cashwithdrawal|652294XXXXXX0624|415206002504|2504|20000|51|INSUFFICIENT BALANCE|199794500|2024-05-31|6:43:17||cashwithdrawal|459156XXXXXX4037|415206000339|339|50000|906|AMOUNT CAN BE DISPENSED|213217300|2024-05-31|6:44:58||cashwithdrawal|508873XXXXXX1080|415206006517|6517|30000|906|AMOUNT CAN BE DISPENSED|6315730|2024-05-31|6:45:3||balanceEnquiry|606998XXXXXX3663|415206001899|1899|30000|00|SUCCESSFUL|0018995000|2024-05-31|6:47:48||cashwithdrawal|508992XXXXXX4615|415206001960|1960|500000|906|AMOUNT CAN BE DISPENSED|0939630|2024-05-31|6:47:52||balanceEnquiry|607716XXXXXX7564|415206002243|2243|500000|52|INVALID CHECKING ACCOUNT|0|2024-05-31|6:48:0||balanceEnquiry|459200XXXXXX3960|415206001408|1408|500000|00|SUCCESSFUL|759737
2024-05-31 16:58:05,021 INFO [scheduling-1] com.sil.client.AtmTxnClient [63] Request To Controller : {"TransactionID":"C87415206001408","FeedText":"200|2024-05-31|6:42:35||cashwithdrawal|652294XXXXXX0624|415206002504|2504|20000|51|INSUFFICIENT BALANCE|199794500|2024-05-31|6:43:17||cashwithdrawal|459156XXXXXX4037|415206000339|339|50000|906|AMOUNT CAN BE DISPENSED|213217300|2024-05-31|6:44:58||cashwithdrawal|508873XXXXXX1080|415206006517|6517|30000|906|AMOUNT CAN BE DISPENSED|6315730|2024-05-31|6:45:3||balanceEnquiry|606998XXXXXX3663|415206001899|1899|30000|00|SUCCESSFUL|0018995000|2024-05-31|6:47:48||cashwithdrawal|508992XXXXXX4615|415206001960|1960|500000|906|AMOUNT CAN BE DISPENSED|0939630|2024-05-31|6:47:52||balanceEnquiry|607716XXXXXX7564|415206002243|2243|500000|52|INVALID CHECKING ACCOUNT|0|2024-05-31|6:48:0||balanceEnquiry|459200XXXXXX3960|415206001408|1408|500000|00|SUCCESSFUL|759737"}
2024-05-31 16:58:05,024 INFO [scheduling-1] com.sil.client.LoggingRequestInterceptor [30] =========================== Request Begin ===========================
2024-05-31 16:58:05,025 INFO [scheduling-1] com.sil.client.LoggingRequestInterceptor [31] URI          : http://apigateway.vakrangee.in:4443/pushtransactionfeed
2024-05-31 16:58:05,025 INFO [scheduling-1] com.sil.client.LoggingRequestInterceptor [32] Method       : POST
2024-05-31 16:58:05,025 INFO [scheduling-1] com.sil.client.LoggingRequestInterceptor [33] Headers      : [Accept:"application/json", username:"SilFeed", password:"S!lFeed@123", auth_key:"eyATMGciOiJIUzI1NiIsInR5cCI6IkpFEED24", Content-Type:"application/json", Content-Length:"804"]
2024-05-31 16:58:05,025 INFO [scheduling-1] com.sil.client.LoggingRequestInterceptor [34] Body : {"TransactionID":"C87415206001408","FeedText":"200|2024-05-31|6:42:35||cashwithdrawal|652294XXXXXX0624|415206002504|2504|20000|51|INSUFFICIENT BALANCE|199794500|2024-05-31|6:43:17||cashwithdrawal|459156XXXXXX4037|415206000339|339|50000|906|AMOUNT CAN BE DISPENSED|213217300|2024-05-31|6:44:58||cashwithdrawal|508873XXXXXX1080|415206006517|6517|30000|906|AMOUNT CAN BE DISPENSED|6315730|2024-05-31|6:45:3||balanceEnquiry|606998XXXXXX3663|415206001899|1899|30000|00|SUCCESSFUL|0018995000|2024-05-31|6:47:48||cashwithdrawal|508992XXXXXX4615|415206001960|1960|500000|906|AMOUNT CAN BE DISPENSED|0939630|2024-05-31|6:47:52||balanceEnquiry|607716XXXXXX7564|415206002243|2243|500000|52|INVALID CHECKING ACCOUNT|0|2024-05-31|6:48:0||balanceEnquiry|459200XXXXXX3960|415206001408|1408|500000|00|SUCCESSFUL|759737"}
2024-05-31 16:58:05,025 INFO [scheduling-1] com.sil.client.LoggingRequestInterceptor [35] ============================ Request End ============================
2024-05-31 16:58:05,139 INFO [scheduling-1] com.sil.client.LoggingRequestInterceptor [47] =========================== Response Begin ===========================
2024-05-31 16:58:05,140 INFO [scheduling-1] com.sil.client.LoggingRequestInterceptor [48] Status code   : 200 OK
2024-05-31 16:58:05,140 INFO [scheduling-1] com.sil.client.LoggingRequestInterceptor [49] Status text   : OK
2024-05-31 16:58:05,140 INFO [scheduling-1] com.sil.client.LoggingRequestInterceptor [50] Headers       : [Date:"Fri, 31 May 2024 11:28:08 GMT", Server:"WSGIServer/0.2 CPython/3.12.2", Content-Type:"application/json", X-Frame-Options:"DENY", Content-Length:"76", X-Content-Type-Options:"nosniff", Referrer-Policy:"same-origin", Cross-Origin-Opener-Policy:"same-origin"]
2024-05-31 16:58:05,140 INFO [scheduling-1] com.sil.client.LoggingRequestInterceptor [51] Response Body : {"TransactionID": "C87415206001408", "code": "200", "Status": "Sucessfully"}
2024-05-31 16:58:05,140 INFO [scheduling-1] com.sil.client.LoggingRequestInterceptor [52] ============================ Response End ============================
2024-05-31 16:58:05,141 INFO [scheduling-1] com.sil.client.AtmTxnClient [87] Response from Controller : {"TransactionID": "C87415206001408", "code": "200", "Status": "Sucessfully"}
2024-05-31 16:58:05,141 INFO [scheduling-1] com.sil.scheduler.pushTxnService [93]  CONNECTION SUCCESS : 
2024-05-31 16:58:05,188 INFO [scheduling-1] com.sil.scheduler.pushTxnService [52] TXN NO : 1961
2024-05-31 16:58:05,189 INFO [scheduling-1] com.sil.scheduler.pushTxnService [53] LUNO : D63
2024-05-31 16:58:05,233 INFO [scheduling-1] com.sil.scheduler.pushTxnService [56] TXN LIST  3 : 10
2024-05-31 16:58:05,233 INFO [scheduling-1] com.sil.scheduler.pushTxnService [84] Data : 200|2024-05-31|6:42:35||cashwithdrawal|652294XXXXXX0624|415206002504|2504|20000|51|INSUFFICIENT BALANCE|199794500|2024-05-31|6:43:17||cashwithdrawal|459156XXXXXX4037|415206000339|339|50000|906|AMOUNT CAN BE DISPENSED|213217300|2024-05-31|6:44:58||cashwithdrawal|508873XXXXXX1080|415206006517|6517|30000|906|AMOUNT CAN BE DISPENSED|6315730|2024-05-31|6:45:3||balanceEnquiry|606998XXXXXX3663|415206001899|1899|30000|00|SUCCESSFUL|0018995000|2024-05-31|6:47:48||cashwithdrawal|508992XXXXXX4615|415206001960|1960|500000|906|AMOUNT CAN BE DISPENSED|0939630|2024-05-31|6:47:52||balanceEnquiry|607716XXXXXX7564|415206002243|2243|500000|52|INVALID CHECKING ACCOUNT|0|2024-05-31|6:48:0||balanceEnquiry|459200XXXXXX3960|415206001408|1408|500000|00|SUCCESSFUL|7597371000|2024-05-31|6:48:50||cashwithdrawal|508992XXXXXX4615|415206001961|1961|100000|906|AMOUNT CAN BE DISPENSED|093978
2024-05-31 16:58:05,233 INFO [scheduling-1] com.sil.client.AtmTxnClient [63] Request To Controller : {"TransactionID":"D63415206001961","FeedText":"200|2024-05-31|6:42:35||cashwithdrawal|652294XXXXXX0624|415206002504|2504|20000|51|INSUFFICIENT BALANCE|199794500|2024-05-31|6:43:17||cashwithdrawal|459156XXXXXX4037|415206000339|339|50000|906|AMOUNT CAN BE DISPENSED|213217300|2024-05-31|6:44:58||cashwithdrawal|508873XXXXXX1080|415206006517|6517|30000|906|AMOUNT CAN BE DISPENSED|6315730|2024-05-31|6:45:3||balanceEnquiry|606998XXXXXX3663|415206001899|1899|30000|00|SUCCESSFUL|0018995000|2024-05-31|6:47:48||cashwithdrawal|508992XXXXXX4615|415206001960|1960|500000|906|AMOUNT CAN BE DISPENSED|0939630|2024-05-31|6:47:52||balanceEnquiry|607716XXXXXX7564|415206002243|2243|500000|52|INVALID CHECKING ACCOUNT|0|2024-05-31|6:48:0||balanceEnquiry|459200XXXXXX3960|415206001408|1408|500000|00|SUCCESSFUL|7597371000|2024-05-31|6:48:50||cashwithdrawal|508992XXXXXX4615|415206001961|1961|100000|906|AMOUNT CAN BE DISPENSED|093978"}
2024-05-31 16:58:05,236 INFO [scheduling-1] com.sil.client.LoggingRequestInterceptor [30] =========================== Request Begin ===========================
2024-05-31 16:58:05,236 INFO [scheduling-1] com.sil.client.LoggingRequestInterceptor [31] URI          : http://apigateway.vakrangee.in:4443/pushtransactionfeed
2024-05-31 16:58:05,236 INFO [scheduling-1] com.sil.client.LoggingRequestInterceptor [32] Method       : POST
2024-05-31 16:58:05,236 INFO [scheduling-1] com.sil.client.LoggingRequestInterceptor [33] Headers      : [Accept:"application/json", username:"SilFeed", password:"S!lFeed@123", auth_key:"eyATMGciOiJIUzI1NiIsInR5cCI6IkpFEED24", Content-Type:"application/json", Content-Length:"920"]
2024-05-31 16:58:05,236 INFO [scheduling-1] com.sil.client.LoggingRequestInterceptor [34] Body : {"TransactionID":"D63415206001961","FeedText":"200|2024-05-31|6:42:35||cashwithdrawal|652294XXXXXX0624|415206002504|2504|20000|51|INSUFFICIENT BALANCE|199794500|2024-05-31|6:43:17||cashwithdrawal|459156XXXXXX4037|415206000339|339|50000|906|AMOUNT CAN BE DISPENSED|213217300|2024-05-31|6:44:58||cashwithdrawal|508873XXXXXX1080|415206006517|6517|30000|906|AMOUNT CAN BE DISPENSED|6315730|2024-05-31|6:45:3||balanceEnquiry|606998XXXXXX3663|415206001899|1899|30000|00|SUCCESSFUL|0018995000|2024-05-31|6:47:48||cashwithdrawal|508992XXXXXX4615|415206001960|1960|500000|906|AMOUNT CAN BE DISPENSED|0939630|2024-05-31|6:47:52||balanceEnquiry|607716XXXXXX7564|415206002243|2243|500000|52|INVALID CHECKING ACCOUNT|0|2024-05-31|6:48:0||balanceEnquiry|459200XXXXXX3960|415206001408|1408|500000|00|SUCCESSFUL|7597371000|2024-05-31|6:48:50||cashwithdrawal|508992XXXXXX4615|415206001961|1961|100000|906|AMOUNT CAN BE DISPENSED|093978"}
2024-05-31 16:58:05,236 INFO [scheduling-1] com.sil.client.LoggingRequestInterceptor [35] ============================ Request End ============================
2024-05-31 16:58:05,307 INFO [scheduling-1] com.sil.client.LoggingRequestInterceptor [47] =========================== Response Begin ===========================
2024-05-31 16:58:05,307 INFO [scheduling-1] com.sil.client.LoggingRequestInterceptor [48] Status code   : 200 OK
2024-05-31 16:58:05,308 INFO [scheduling-1] com.sil.client.LoggingRequestInterceptor [49] Status text   : OK
2024-05-31 16:58:05,308 INFO [scheduling-1] com.sil.client.LoggingRequestInterceptor [50] Headers       : [Date:"Fri, 31 May 2024 11:28:08 GMT", Server:"WSGIServer/0.2 CPython/3.12.2", Content-Type:"application/json", X-Frame-Options:"DENY", Content-Length:"76", X-Content-Type-Options:"nosniff", Referrer-Policy:"same-origin", Cross-Origin-Opener-Policy:"same-origin"]
2024-05-31 16:58:05,308 INFO [scheduling-1] com.sil.client.LoggingRequestInterceptor [51] Response Body : {"TransactionID": "D63415206001961", "code": "200", "Status": "Sucessfully"}
2024-05-31 16:58:05,308 INFO [scheduling-1] com.sil.client.LoggingRequestInterceptor [52] ============================ Response End ============================
2024-05-31 16:58:05,308 INFO [scheduling-1] com.sil.client.AtmTxnClient [87] Response from Controller : {"TransactionID": "D63415206001961", "code": "200", "Status": "Sucessfully"}
2024-05-31 16:58:05,308 INFO [scheduling-1] com.sil.scheduler.pushTxnService [93]  CONNECTION SUCCESS : 
2024-05-31 16:58:05,335 INFO [scheduling-1] com.sil.scheduler.pushTxnService [52] TXN NO : 2244
2024-05-31 16:58:05,335 INFO [scheduling-1] com.sil.scheduler.pushTxnService [53] LUNO : B80
2024-05-31 16:58:05,365 INFO [scheduling-1] com.sil.scheduler.pushTxnService [56] TXN LIST  3 : 10
2024-05-31 16:58:05,365 INFO [scheduling-1] com.sil.scheduler.pushTxnService [84] Data : 200|2024-05-31|6:42:35||cashwithdrawal|652294XXXXXX0624|415206002504|2504|20000|51|INSUFFICIENT BALANCE|199794500|2024-05-31|6:43:17||cashwithdrawal|459156XXXXXX4037|415206000339|339|50000|906|AMOUNT CAN BE DISPENSED|213217300|2024-05-31|6:44:58||cashwithdrawal|508873XXXXXX1080|415206006517|6517|30000|906|AMOUNT CAN BE DISPENSED|6315730|2024-05-31|6:45:3||balanceEnquiry|606998XXXXXX3663|415206001899|1899|30000|00|SUCCESSFUL|0018995000|2024-05-31|6:47:48||cashwithdrawal|508992XXXXXX4615|415206001960|1960|500000|906|AMOUNT CAN BE DISPENSED|0939630|2024-05-31|6:47:52||balanceEnquiry|607716XXXXXX7564|415206002243|2243|500000|52|INVALID CHECKING ACCOUNT|0|2024-05-31|6:48:0||balanceEnquiry|459200XXXXXX3960|415206001408|1408|500000|00|SUCCESSFUL|7597371000|2024-05-31|6:48:50||cashwithdrawal|508992XXXXXX4615|415206001961|1961|100000|906|AMOUNT CAN BE DISPENSED|0939780|2024-05-31|6:48:58||balanceEnquiry|607716XXXXXX7564|415206002244|2244|100000|52|INVALID CHECKING ACCOUNT|
2024-05-31 16:58:05,365 INFO [scheduling-1] com.sil.client.AtmTxnClient [63] Request To Controller : {"TransactionID":"B80415206002244","FeedText":"200|2024-05-31|6:42:35||cashwithdrawal|652294XXXXXX0624|415206002504|2504|20000|51|INSUFFICIENT BALANCE|199794500|2024-05-31|6:43:17||cashwithdrawal|459156XXXXXX4037|415206000339|339|50000|906|AMOUNT CAN BE DISPENSED|213217300|2024-05-31|6:44:58||cashwithdrawal|508873XXXXXX1080|415206006517|6517|30000|906|AMOUNT CAN BE DISPENSED|6315730|2024-05-31|6:45:3||balanceEnquiry|606998XXXXXX3663|415206001899|1899|30000|00|SUCCESSFUL|0018995000|2024-05-31|6:47:48||cashwithdrawal|508992XXXXXX4615|415206001960|1960|500000|906|AMOUNT CAN BE DISPENSED|0939630|2024-05-31|6:47:52||balanceEnquiry|607716XXXXXX7564|415206002243|2243|500000|52|INVALID CHECKING ACCOUNT|0|2024-05-31|6:48:0||balanceEnquiry|459200XXXXXX3960|415206001408|1408|500000|00|SUCCESSFUL|7597371000|2024-05-31|6:48:50||cashwithdrawal|508992XXXXXX4615|415206001961|1961|100000|906|AMOUNT CAN BE DISPENSED|0939780|2024-05-31|6:48:58||balanceEnquiry|607716XXXXXX7564|415206002244|2244|100000|52|INVALID CHECKING ACCOUNT|"}
2024-05-31 16:58:05,367 INFO [scheduling-1] com.sil.client.LoggingRequestInterceptor [30] =========================== Request Begin ===========================
2024-05-31 16:58:05,367 INFO [scheduling-1] com.sil.client.LoggingRequestInterceptor [31] URI          : http://apigateway.vakrangee.in:4443/pushtransactionfeed
2024-05-31 16:58:05,367 INFO [scheduling-1] com.sil.client.LoggingRequestInterceptor [32] Method       : POST
2024-05-31 16:58:05,367 INFO [scheduling-1] com.sil.client.LoggingRequestInterceptor [33] Headers      : [Accept:"application/json", username:"SilFeed", password:"S!lFeed@123", auth_key:"eyATMGciOiJIUzI1NiIsInR5cCI6IkpFEED24", Content-Type:"application/json", Content-Length:"1027"]
2024-05-31 16:58:05,367 INFO [scheduling-1] com.sil.client.LoggingRequestInterceptor [34] Body : {"TransactionID":"B80415206002244","FeedText":"200|2024-05-31|6:42:35||cashwithdrawal|652294XXXXXX0624|415206002504|2504|20000|51|INSUFFICIENT BALANCE|199794500|2024-05-31|6:43:17||cashwithdrawal|459156XXXXXX4037|415206000339|339|50000|906|AMOUNT CAN BE DISPENSED|213217300|2024-05-31|6:44:58||cashwithdrawal|508873XXXXXX1080|415206006517|6517|30000|906|AMOUNT CAN BE DISPENSED|6315730|2024-05-31|6:45:3||balanceEnquiry|606998XXXXXX3663|415206001899|1899|30000|00|SUCCESSFUL|0018995000|2024-05-31|6:47:48||cashwithdrawal|508992XXXXXX4615|415206001960|1960|500000|906|AMOUNT CAN BE DISPENSED|0939630|2024-05-31|6:47:52||balanceEnquiry|607716XXXXXX7564|415206002243|2243|500000|52|INVALID CHECKING ACCOUNT|0|2024-05-31|6:48:0||balanceEnquiry|459200XXXXXX3960|415206001408|1408|500000|00|SUCCESSFUL|7597371000|2024-05-31|6:48:50||cashwithdrawal|508992XXXXXX4615|415206001961|1961|100000|906|AMOUNT CAN BE DISPENSED|0939780|2024-05-31|6:48:58||balanceEnquiry|607716XXXXXX7564|415206002244|2244|100000|52|INVALID CHECKING ACCOUNT|"}
2024-05-31 16:58:05,367 INFO [scheduling-1] com.sil.client.LoggingRequestInterceptor [35] ============================ Request End ============================
2024-05-31 16:58:05,486 INFO [scheduling-1] com.sil.client.LoggingRequestInterceptor [47] =========================== Response Begin ===========================
2024-05-31 16:58:05,487 INFO [scheduling-1] com.sil.client.LoggingRequestInterceptor [48] Status code   : 200 OK
2024-05-31 16:58:05,487 INFO [scheduling-1] com.sil.client.LoggingRequestInterceptor [49] Status text   : OK
2024-05-31 16:58:05,488 INFO [scheduling-1] com.sil.client.LoggingRequestInterceptor [50] Headers       : [Date:"Fri, 31 May 2024 11:28:08 GMT", Server:"WSGIServer/0.2 CPython/3.12.2", Content-Type:"application/json", X-Frame-Options:"DENY", Content-Length:"76", X-Content-Type-Options:"nosniff", Referrer-Policy:"same-origin", Cross-Origin-Opener-Policy:"same-origin"]
2024-05-31 16:58:05,488 INFO [scheduling-1] com.sil.client.LoggingRequestInterceptor [51] Response Body : {"TransactionID": "B80415206002244", "code": "200", "Status": "Sucessfully"}
2024-05-31 16:58:05,488 INFO [scheduling-1] com.sil.client.LoggingRequestInterceptor [52] ============================ Response End ============================
2024-05-31 16:58:05,489 INFO [scheduling-1] com.sil.client.AtmTxnClient [87] Response from Controller : {"TransactionID": "B80415206002244", "code": "200", "Status": "Sucessfully"}
2024-05-31 16:58:05,490 INFO [scheduling-1] com.sil.scheduler.pushTxnService [93]  CONNECTION SUCCESS : 
2024-05-31 16:58:05,590 INFO [scheduling-1] com.sil.scheduler.pushTxnService [52] TXN NO : 1409
2024-05-31 16:58:05,591 INFO [scheduling-1] com.sil.scheduler.pushTxnService [53] LUNO : C87
2024-05-31 16:58:05,633 INFO [scheduling-1] com.sil.scheduler.pushTxnService [56] TXN LIST  3 : 10
2024-05-31 16:58:05,634 INFO [scheduling-1] com.sil.scheduler.pushTxnService [84] Data : 200|2024-05-31|6:42:35||cashwithdrawal|652294XXXXXX0624|415206002504|2504|20000|51|INSUFFICIENT BALANCE|199794500|2024-05-31|6:43:17||cashwithdrawal|459156XXXXXX4037|415206000339|339|50000|906|AMOUNT CAN BE DISPENSED|213217300|2024-05-31|6:44:58||cashwithdrawal|508873XXXXXX1080|415206006517|6517|30000|906|AMOUNT CAN BE DISPENSED|6315730|2024-05-31|6:45:3||balanceEnquiry|606998XXXXXX3663|415206001899|1899|30000|00|SUCCESSFUL|0018995000|2024-05-31|6:47:48||cashwithdrawal|508992XXXXXX4615|415206001960|1960|500000|906|AMOUNT CAN BE DISPENSED|0939630|2024-05-31|6:47:52||balanceEnquiry|607716XXXXXX7564|415206002243|2243|500000|52|INVALID CHECKING ACCOUNT|0|2024-05-31|6:48:0||balanceEnquiry|459200XXXXXX3960|415206001408|1408|500000|00|SUCCESSFUL|7597371000|2024-05-31|6:48:50||cashwithdrawal|508992XXXXXX4615|415206001961|1961|100000|906|AMOUNT CAN BE DISPENSED|0939780|2024-05-31|6:48:58||balanceEnquiry|607716XXXXXX7564|415206002244|2244|100000|52|INVALID CHECKING ACCOUNT|100|2024-05-31|6:49:3||cashwithdrawal|459200XXXXXX3960|415206001409|1409|10000|906|AMOUNT CAN BE DISPENSED|241205
2024-05-31 16:58:05,634 INFO [scheduling-1] com.sil.client.AtmTxnClient [63] Request To Controller : {"TransactionID":"C87415206001409","FeedText":"200|2024-05-31|6:42:35||cashwithdrawal|652294XXXXXX0624|415206002504|2504|20000|51|INSUFFICIENT BALANCE|199794500|2024-05-31|6:43:17||cashwithdrawal|459156XXXXXX4037|415206000339|339|50000|906|AMOUNT CAN BE DISPENSED|213217300|2024-05-31|6:44:58||cashwithdrawal|508873XXXXXX1080|415206006517|6517|30000|906|AMOUNT CAN BE DISPENSED|6315730|2024-05-31|6:45:3||balanceEnquiry|606998XXXXXX3663|415206001899|1899|30000|00|SUCCESSFUL|0018995000|2024-05-31|6:47:48||cashwithdrawal|508992XXXXXX4615|415206001960|1960|500000|906|AMOUNT CAN BE DISPENSED|0939630|2024-05-31|6:47:52||balanceEnquiry|607716XXXXXX7564|415206002243|2243|500000|52|INVALID CHECKING ACCOUNT|0|2024-05-31|6:48:0||balanceEnquiry|459200XXXXXX3960|415206001408|1408|500000|00|SUCCESSFUL|7597371000|2024-05-31|6:48:50||cashwithdrawal|508992XXXXXX4615|415206001961|1961|100000|906|AMOUNT CAN BE DISPENSED|0939780|2024-05-31|6:48:58||balanceEnquiry|607716XXXXXX7564|415206002244|2244|100000|52|INVALID CHECKING ACCOUNT|100|2024-05-31|6:49:3||cashwithdrawal|459200XXXXXX3960|415206001409|1409|10000|906|AMOUNT CAN BE DISPENSED|241205"}
2024-05-31 16:58:05,635 INFO [scheduling-1] com.sil.client.LoggingRequestInterceptor [30] =========================== Request Begin ===========================
2024-05-31 16:58:05,635 INFO [scheduling-1] com.sil.client.LoggingRequestInterceptor [31] URI          : http://apigateway.vakrangee.in:4443/pushtransactionfeed
2024-05-31 16:58:05,636 INFO [scheduling-1] com.sil.client.LoggingRequestInterceptor [32] Method       : POST
2024-05-31 16:58:05,636 INFO [scheduling-1] com.sil.client.LoggingRequestInterceptor [33] Headers      : [Accept:"application/json", username:"SilFeed", password:"S!lFeed@123", auth_key:"eyATMGciOiJIUzI1NiIsInR5cCI6IkpFEED24", Content-Type:"application/json", Content-Length:"1140"]
2024-05-31 16:58:05,636 INFO [scheduling-1] com.sil.client.LoggingRequestInterceptor [34] Body : {"TransactionID":"C87415206001409","FeedText":"200|2024-05-31|6:42:35||cashwithdrawal|652294XXXXXX0624|415206002504|2504|20000|51|INSUFFICIENT BALANCE|199794500|2024-05-31|6:43:17||cashwithdrawal|459156XXXXXX4037|415206000339|339|50000|906|AMOUNT CAN BE DISPENSED|213217300|2024-05-31|6:44:58||cashwithdrawal|508873XXXXXX1080|415206006517|6517|30000|906|AMOUNT CAN BE DISPENSED|6315730|2024-05-31|6:45:3||balanceEnquiry|606998XXXXXX3663|415206001899|1899|30000|00|SUCCESSFUL|0018995000|2024-05-31|6:47:48||cashwithdrawal|508992XXXXXX4615|415206001960|1960|500000|906|AMOUNT CAN BE DISPENSED|0939630|2024-05-31|6:47:52||balanceEnquiry|607716XXXXXX7564|415206002243|2243|500000|52|INVALID CHECKING ACCOUNT|0|2024-05-31|6:48:0||balanceEnquiry|459200XXXXXX3960|415206001408|1408|500000|00|SUCCESSFUL|7597371000|2024-05-31|6:48:50||cashwithdrawal|508992XXXXXX4615|415206001961|1961|100000|906|AMOUNT CAN BE DISPENSED|0939780|2024-05-31|6:48:58||balanceEnquiry|607716XXXXXX7564|415206002244|2244|100000|52|INVALID CHECKING ACCOUNT|100|2024-05-31|6:49:3||cashwithdrawal|459200XXXXXX3960|415206001409|1409|10000|906|AMOUNT CAN BE DISPENSED|241205"}
2024-05-31 16:58:05,636 INFO [scheduling-1] com.sil.client.LoggingRequestInterceptor [35] ============================ Request End ============================
2024-05-31 16:58:05,733 INFO [scheduling-1] com.sil.client.LoggingRequestInterceptor [47] =========================== Response Begin ===========================
2024-05-31 16:58:05,733 INFO [scheduling-1] com.sil.client.LoggingRequestInterceptor [48] Status code   : 200 OK
2024-05-31 16:58:05,733 INFO [scheduling-1] com.sil.client.LoggingRequestInterceptor [49] Status text   : OK
2024-05-31 16:58:05,733 INFO [scheduling-1] com.sil.client.LoggingRequestInterceptor [50] Headers       : [Date:"Fri, 31 May 2024 11:28:09 GMT", Server:"WSGIServer/0.2 CPython/3.12.2", Content-Type:"application/json", X-Frame-Options:"DENY", Content-Length:"76", X-Content-Type-Options:"nosniff", Referrer-Policy:"same-origin", Cross-Origin-Opener-Policy:"same-origin"]
2024-05-31 16:58:05,733 INFO [scheduling-1] com.sil.client.LoggingRequestInterceptor [51] Response Body : {"TransactionID": "C87415206001409", "code": "200", "Status": "Sucessfully"}
2024-05-31 16:58:05,733 INFO [scheduling-1] com.sil.client.LoggingRequestInterceptor [52] ============================ Response End ============================
2024-05-31 16:58:05,734 INFO [scheduling-1] com.sil.client.AtmTxnClient [87] Response from Controller : {"TransactionID": "C87415206001409", "code": "200", "Status": "Sucessfully"}
2024-05-31 16:58:05,734 INFO [scheduling-1] com.sil.scheduler.pushTxnService [93]  CONNECTION SUCCESS : 
