2024-12-03 23:46:12,984 INFO [restartedMain] org.springframework.boot.StartupInfoLogger [51] Starting PullAndSavePOSTxnDataApplication using Java 17.0.2 with PID 7868 (E:\Projects\Zambia-Recon\PullPOSTxnData\target\classes started by vinayak more in E:\Projects\Zambia-Recon\PullPOSTxnData)
2024-12-03 23:46:12,989 INFO [restartedMain] org.springframework.boot.SpringApplication [634] No active profile set, falling back to 1 default profile: "default"
2024-12-03 23:46:13,051 INFO [restartedMain] org.springframework.boot.logging.DeferredLog [250] Devtools property defaults active! Set 'spring.devtools.add-properties' to 'false' to disable
2024-12-03 23:46:13,052 INFO [restartedMain] org.springframework.boot.logging.DeferredLog [250] For additional web related logging consider setting the 'logging.level.web' property to 'DEBUG'
2024-12-03 23:46:13,661 INFO [restartedMain] org.springframework.data.repository.config.RepositoryConfigurationDelegate [138] Bootstrapping Spring Data JPA repositories in DEFAULT mode.
2024-12-03 23:46:13,721 INFO [restartedMain] org.springframework.data.repository.config.RepositoryConfigurationDelegate [208] Finished Spring Data repository scanning in 49 ms. Found 1 JPA repository interfaces.
2024-12-03 23:46:14,421 INFO [restartedMain] org.springframework.boot.web.embedded.tomcat.TomcatWebServer [108] Tomcat initialized with port(s): 7175 (http)
2024-12-03 23:46:14,428 INFO [restartedMain] org.apache.juli.logging.DirectJDKLog [173] Initializing ProtocolHandler ["http-nio-7175"]
2024-12-03 23:46:14,431 INFO [restartedMain] org.apache.juli.logging.DirectJDKLog [173] Starting service [Tomcat]
2024-12-03 23:46:14,431 INFO [restartedMain] org.apache.juli.logging.DirectJDKLog [173] Starting Servlet engine: [Apache Tomcat/10.1.12]
2024-12-03 23:46:14,518 INFO [restartedMain] org.apache.juli.logging.DirectJDKLog [173] Initializing Spring embedded WebApplicationContext
2024-12-03 23:46:14,520 INFO [restartedMain] org.springframework.boot.web.servlet.context.ServletWebServerApplicationContext [291] Root WebApplicationContext: initialization completed in 1465 ms
2024-12-03 23:46:14,669 INFO [restartedMain] com.zaxxer.hikari.HikariDataSource [110] mssql-zambia - Starting...
2024-12-03 23:46:17,562 INFO [restartedMain] com.zaxxer.hikari.pool.HikariPool [565] mssql-zambia - Added connection ConnectionID:1 ClientConnectionId: bf8ac8cb-2037-4b03-9986-a857d64dbf81
2024-12-03 23:46:17,563 INFO [restartedMain] com.zaxxer.hikari.HikariDataSource [123] mssql-zambia - Start completed.
2024-12-03 23:46:17,616 INFO [restartedMain] org.hibernate.jpa.internal.util.LogHelper [31] HHH000204: Processing PersistenceUnitInfo [name: default]
2024-12-03 23:46:17,665 INFO [restartedMain] org.hibernate.Version [44] HHH000412: Hibernate ORM core version 6.2.7.Final
2024-12-03 23:46:17,667 INFO [restartedMain] org.hibernate.cfg.Environment [191] HHH000406: Using bytecode reflection optimizer
2024-12-03 23:46:17,802 INFO [restartedMain] org.hibernate.bytecode.internal.BytecodeProviderInitiator [53] HHH000021: Bytecode provider name : bytebuddy
2024-12-03 23:46:17,920 INFO [restartedMain] org.springframework.orm.jpa.persistenceunit.SpringPersistenceUnitInfo [87] No LoadTimeWeaver setup: ignoring JPA class transformer
2024-12-03 23:46:17,952 WARN [restartedMain] org.hibernate.engine.jdbc.dialect.internal.DialectFactoryImpl [100] HHH90000026: SQLServer2012Dialect has been deprecated; use org.hibernate.dialect.SQLServerDialect instead
2024-12-03 23:46:18,926 INFO [restartedMain] org.hibernate.bytecode.internal.BytecodeProviderInitiator [53] HHH000021: Bytecode provider name : bytebuddy
2024-12-03 23:46:19,564 INFO [restartedMain] org.hibernate.engine.transaction.jta.platform.internal.JtaPlatformInitiator [51] HHH000490: Using JtaPlatform implementation: [org.hibernate.engine.transaction.jta.platform.internal.NoJtaPlatform]
2024-12-03 23:46:19,566 INFO [restartedMain] org.springframework.orm.jpa.AbstractEntityManagerFactoryBean [437] Initialized JPA EntityManagerFactory for persistence unit 'default'
2024-12-03 23:46:19,834 INFO [restartedMain] org.springframework.data.jpa.repository.query.QueryEnhancerFactory [47] Hibernate is in classpath; If applicable, HQL parser will be used.
2024-12-03 23:46:20,258 WARN [restartedMain] org.springframework.boot.autoconfigure.orm.jpa.JpaBaseConfiguration$JpaWebConfiguration [231] spring.jpa.open-in-view is enabled by default. Therefore, database queries may be performed during view rendering. Explicitly configure spring.jpa.open-in-view to disable this warning
2024-12-03 23:46:20,550 INFO [restartedMain] org.springframework.boot.devtools.autoconfigure.OptionalLiveReloadServer [59] LiveReload server is running on port 35729
2024-12-03 23:46:20,565 INFO [restartedMain] org.apache.juli.logging.DirectJDKLog [173] Starting ProtocolHandler ["http-nio-7175"]
2024-12-03 23:46:20,587 INFO [restartedMain] org.springframework.boot.web.embedded.tomcat.TomcatWebServer [220] Tomcat started on port(s): 7175 (http) with context path ''
2024-12-03 23:46:20,602 INFO [restartedMain] org.springframework.boot.StartupInfoLogger [57] Started PullAndSavePOSTxnDataApplication in 7.985 seconds (process running for 8.726)
2024-12-03 23:50:19,772 INFO [restartedMain] org.springframework.boot.StartupInfoLogger [51] Starting PullAndSavePOSTxnDataApplication using Java 17.0.2 with PID 12376 (E:\Projects\Zambia-Recon\PullPOSTxnData\target\classes started by vinayak more in E:\Projects\Zambia-Recon\PullPOSTxnData)
2024-12-03 23:50:19,774 INFO [restartedMain] org.springframework.boot.SpringApplication [634] No active profile set, falling back to 1 default profile: "default"
2024-12-03 23:50:19,838 INFO [restartedMain] org.springframework.boot.logging.DeferredLog [250] Devtools property defaults active! Set 'spring.devtools.add-properties' to 'false' to disable
2024-12-03 23:50:19,838 INFO [restartedMain] org.springframework.boot.logging.DeferredLog [250] For additional web related logging consider setting the 'logging.level.web' property to 'DEBUG'
2024-12-03 23:50:20,402 INFO [restartedMain] org.springframework.data.repository.config.RepositoryConfigurationDelegate [138] Bootstrapping Spring Data JPA repositories in DEFAULT mode.
2024-12-03 23:50:20,465 INFO [restartedMain] org.springframework.data.repository.config.RepositoryConfigurationDelegate [208] Finished Spring Data repository scanning in 53 ms. Found 1 JPA repository interfaces.
2024-12-03 23:50:21,150 INFO [restartedMain] org.springframework.boot.web.embedded.tomcat.TomcatWebServer [108] Tomcat initialized with port(s): 7175 (http)
2024-12-03 23:50:21,158 INFO [restartedMain] org.apache.juli.logging.DirectJDKLog [173] Initializing ProtocolHandler ["http-nio-7175"]
2024-12-03 23:50:21,161 INFO [restartedMain] org.apache.juli.logging.DirectJDKLog [173] Starting service [Tomcat]
2024-12-03 23:50:21,161 INFO [restartedMain] org.apache.juli.logging.DirectJDKLog [173] Starting Servlet engine: [Apache Tomcat/10.1.12]
2024-12-03 23:50:21,235 INFO [restartedMain] org.apache.juli.logging.DirectJDKLog [173] Initializing Spring embedded WebApplicationContext
2024-12-03 23:50:21,236 INFO [restartedMain] org.springframework.boot.web.servlet.context.ServletWebServerApplicationContext [291] Root WebApplicationContext: initialization completed in 1397 ms
2024-12-03 23:50:21,400 INFO [restartedMain] com.zaxxer.hikari.HikariDataSource [110] mssql-zambia - Starting...
2024-12-03 23:50:23,882 INFO [restartedMain] com.zaxxer.hikari.pool.HikariPool [565] mssql-zambia - Added connection ConnectionID:1 ClientConnectionId: 7e9eba7a-5c6d-4bab-a3ef-63d3624ed32d
2024-12-03 23:50:23,889 INFO [restartedMain] com.zaxxer.hikari.HikariDataSource [123] mssql-zambia - Start completed.
2024-12-03 23:50:23,944 INFO [restartedMain] org.hibernate.jpa.internal.util.LogHelper [31] HHH000204: Processing PersistenceUnitInfo [name: default]
2024-12-03 23:50:23,999 INFO [restartedMain] org.hibernate.Version [44] HHH000412: Hibernate ORM core version 6.2.7.Final
2024-12-03 23:50:24,004 INFO [restartedMain] org.hibernate.cfg.Environment [191] HHH000406: Using bytecode reflection optimizer
2024-12-03 23:50:24,128 INFO [restartedMain] org.hibernate.bytecode.internal.BytecodeProviderInitiator [53] HHH000021: Bytecode provider name : bytebuddy
2024-12-03 23:50:24,258 INFO [restartedMain] org.springframework.orm.jpa.persistenceunit.SpringPersistenceUnitInfo [87] No LoadTimeWeaver setup: ignoring JPA class transformer
2024-12-03 23:50:24,292 WARN [restartedMain] org.hibernate.engine.jdbc.dialect.internal.DialectFactoryImpl [100] HHH90000026: SQLServer2012Dialect has been deprecated; use org.hibernate.dialect.SQLServerDialect instead
2024-12-03 23:50:25,281 INFO [restartedMain] org.hibernate.bytecode.internal.BytecodeProviderInitiator [53] HHH000021: Bytecode provider name : bytebuddy
2024-12-03 23:50:25,833 INFO [restartedMain] org.hibernate.engine.transaction.jta.platform.internal.JtaPlatformInitiator [51] HHH000490: Using JtaPlatform implementation: [org.hibernate.engine.transaction.jta.platform.internal.NoJtaPlatform]
2024-12-03 23:50:25,836 INFO [restartedMain] org.springframework.orm.jpa.AbstractEntityManagerFactoryBean [437] Initialized JPA EntityManagerFactory for persistence unit 'default'
2024-12-03 23:50:26,132 INFO [restartedMain] org.springframework.data.jpa.repository.query.QueryEnhancerFactory [47] Hibernate is in classpath; If applicable, HQL parser will be used.
2024-12-03 23:50:26,570 WARN [restartedMain] org.springframework.boot.autoconfigure.orm.jpa.JpaBaseConfiguration$JpaWebConfiguration [231] spring.jpa.open-in-view is enabled by default. Therefore, database queries may be performed during view rendering. Explicitly configure spring.jpa.open-in-view to disable this warning
2024-12-03 23:50:26,882 INFO [restartedMain] org.springframework.boot.devtools.autoconfigure.OptionalLiveReloadServer [59] LiveReload server is running on port 35729
2024-12-03 23:50:26,895 INFO [restartedMain] org.apache.juli.logging.DirectJDKLog [173] Starting ProtocolHandler ["http-nio-7175"]
2024-12-03 23:50:26,921 INFO [restartedMain] org.springframework.boot.web.embedded.tomcat.TomcatWebServer [220] Tomcat started on port(s): 7175 (http) with context path ''
2024-12-03 23:50:26,938 INFO [restartedMain] org.springframework.boot.StartupInfoLogger [57] Started PullAndSavePOSTxnDataApplication in 7.505 seconds (process running for 8.223)
