2024-11-04 21:43:09,427 INFO [restartedMain] org.springframework.boot.StartupInfoLogger [51] Starting PullAndSavePOSTxnDataApplication using Java 17.0.2 with PID 27076 (E:\Projects\Zambia Recon\PullPOSTxnData\target\classes started by vinayak more in E:\Projects\Zambia Recon\PullPOSTxnData)
2024-11-04 21:43:09,431 INFO [restartedMain] org.springframework.boot.SpringApplication [634] No active profile set, falling back to 1 default profile: "default"
2024-11-04 21:43:09,493 INFO [restartedMain] org.springframework.boot.logging.DeferredLog [250] Devtools property defaults active! Set 'spring.devtools.add-properties' to 'false' to disable
2024-11-04 21:43:09,494 INFO [restartedMain] org.springframework.boot.logging.DeferredLog [250] For additional web related logging consider setting the 'logging.level.web' property to 'DEBUG'
2024-11-04 21:43:10,048 INFO [restartedMain] org.springframework.data.repository.config.RepositoryConfigurationDelegate [138] Bootstrapping Spring Data JPA repositories in DEFAULT mode.
2024-11-04 21:43:10,103 INFO [restartedMain] org.springframework.data.repository.config.RepositoryConfigurationDelegate [208] Finished Spring Data repository scanning in 48 ms. Found 1 JPA repository interfaces.
2024-11-04 21:43:10,961 INFO [restartedMain] org.springframework.boot.web.embedded.tomcat.TomcatWebServer [108] Tomcat initialized with port(s): 7175 (http)
2024-11-04 21:43:10,978 INFO [restartedMain] org.apache.juli.logging.DirectJDKLog [173] Initializing ProtocolHandler ["http-nio-7175"]
2024-11-04 21:43:10,982 INFO [restartedMain] org.apache.juli.logging.DirectJDKLog [173] Starting service [Tomcat]
2024-11-04 21:43:10,982 INFO [restartedMain] org.apache.juli.logging.DirectJDKLog [173] Starting Servlet engine: [Apache Tomcat/10.1.12]
2024-11-04 21:43:11,129 INFO [restartedMain] org.apache.juli.logging.DirectJDKLog [173] Initializing Spring embedded WebApplicationContext
2024-11-04 21:43:11,133 INFO [restartedMain] org.springframework.boot.web.servlet.context.ServletWebServerApplicationContext [291] Root WebApplicationContext: initialization completed in 1635 ms
2024-11-04 21:43:11,401 INFO [restartedMain] com.zaxxer.hikari.HikariDataSource [110] mssql-zambia - Starting...
2024-11-04 21:43:13,762 INFO [restartedMain] com.zaxxer.hikari.pool.HikariPool [565] mssql-zambia - Added connection ConnectionID:1 ClientConnectionId: e5b1fe06-4314-4e6b-be8b-522800dd1afe
2024-11-04 21:43:13,764 INFO [restartedMain] com.zaxxer.hikari.HikariDataSource [123] mssql-zambia - Start completed.
2024-11-04 21:43:13,817 INFO [restartedMain] org.hibernate.jpa.internal.util.LogHelper [31] HHH000204: Processing PersistenceUnitInfo [name: default]
2024-11-04 21:43:13,866 INFO [restartedMain] org.hibernate.Version [44] HHH000412: Hibernate ORM core version 6.2.7.Final
2024-11-04 21:43:13,868 INFO [restartedMain] org.hibernate.cfg.Environment [191] HHH000406: Using bytecode reflection optimizer
2024-11-04 21:43:13,997 INFO [restartedMain] org.hibernate.bytecode.internal.BytecodeProviderInitiator [53] HHH000021: Bytecode provider name : bytebuddy
2024-11-04 21:43:14,132 INFO [restartedMain] org.springframework.orm.jpa.persistenceunit.SpringPersistenceUnitInfo [87] No LoadTimeWeaver setup: ignoring JPA class transformer
2024-11-04 21:43:14,167 WARN [restartedMain] org.hibernate.engine.jdbc.dialect.internal.DialectFactoryImpl [100] HHH90000026: SQLServer2012Dialect has been deprecated; use org.hibernate.dialect.SQLServerDialect instead
2024-11-04 21:43:15,047 INFO [restartedMain] org.hibernate.bytecode.internal.BytecodeProviderInitiator [53] HHH000021: Bytecode provider name : bytebuddy
2024-11-04 21:43:15,582 INFO [restartedMain] org.hibernate.engine.transaction.jta.platform.internal.JtaPlatformInitiator [51] HHH000490: Using JtaPlatform implementation: [org.hibernate.engine.transaction.jta.platform.internal.NoJtaPlatform]
2024-11-04 21:43:15,585 INFO [restartedMain] org.springframework.orm.jpa.AbstractEntityManagerFactoryBean [437] Initialized JPA EntityManagerFactory for persistence unit 'default'
2024-11-04 21:43:15,878 INFO [restartedMain] org.springframework.data.jpa.repository.query.QueryEnhancerFactory [47] Hibernate is in classpath; If applicable, HQL parser will be used.
2024-11-04 21:43:16,349 WARN [restartedMain] org.springframework.boot.autoconfigure.orm.jpa.JpaBaseConfiguration$JpaWebConfiguration [231] spring.jpa.open-in-view is enabled by default. Therefore, database queries may be performed during view rendering. Explicitly configure spring.jpa.open-in-view to disable this warning
2024-11-04 21:43:16,641 INFO [restartedMain] org.springframework.boot.devtools.autoconfigure.OptionalLiveReloadServer [59] LiveReload server is running on port 35729
2024-11-04 21:43:16,653 INFO [restartedMain] org.apache.juli.logging.DirectJDKLog [173] Starting ProtocolHandler ["http-nio-7175"]
2024-11-04 21:43:16,676 INFO [restartedMain] org.springframework.boot.web.embedded.tomcat.TomcatWebServer [220] Tomcat started on port(s): 7175 (http) with context path ''
2024-11-04 21:43:16,695 INFO [restartedMain] org.springframework.boot.StartupInfoLogger [57] Started PullAndSavePOSTxnDataApplication in 7.616 seconds (process running for 8.323)
2024-11-04 21:44:04,060 WARN [scheduling-1] org.hibernate.engine.jdbc.spi.SqlExceptionHelper [145] SQL Error: 208, SQLState: S0002
2024-11-04 21:44:04,061 ERROR [scheduling-1] org.hibernate.engine.jdbc.spi.SqlExceptionHelper [150] Invalid object name 'POS_TRANSACTION_RECON'.
2024-11-04 21:44:04,064 INFO [scheduling-1] org.hibernate.event.internal.DefaultLoadEventListener [112] HHH000327: Error performing load command
org.hibernate.exception.SQLGrammarException: JDBC exception executing SQL [select p1_0.RETRIEVALREFERENCENUMBER,p1_0.AMOUNT,p1_0.MERCHANT_ID,p1_0.MSIDN,p1_0.PAN,p1_0.POS_ID,p1_0.PROCESSING_CODE,p1_0.REASON,p1_0.RESPONSECODE,p1_0.SYSTEMTRACENUMBER,p1_0.TIPAMOUNT,p1_0.TRANSACTION_DATE,p1_0.TRANSACTION_DT,p1_0.TRANSACTION_NUMBER,p1_0.TRANSACTION_TYPE,p1_0.TXAMOUNT,p1_0.USERNAME from POS_TRANSACTION_RECON p1_0 where p1_0.RETRIEVALREFERENCENUMBER=?] [Invalid object name 'POS_TRANSACTION_RECON'.] [n/a]
	at org.hibernate.exception.internal.SQLStateConversionDelegate.convert(SQLStateConversionDelegate.java:89)
	at org.hibernate.exception.internal.StandardSQLExceptionConverter.convert(StandardSQLExceptionConverter.java:56)
	at org.hibernate.engine.jdbc.spi.SqlExceptionHelper.convert(SqlExceptionHelper.java:108)
	at org.hibernate.engine.jdbc.spi.SqlExceptionHelper.convert(SqlExceptionHelper.java:94)
	at org.hibernate.sql.results.jdbc.internal.DeferredResultSetAccess.executeQuery(DeferredResultSetAccess.java:257)
	at org.hibernate.sql.results.jdbc.internal.DeferredResultSetAccess.getResultSet(DeferredResultSetAccess.java:163)
	at org.hibernate.sql.results.jdbc.internal.JdbcValuesResultSetImpl.advanceNext(JdbcValuesResultSetImpl.java:254)
	at org.hibernate.sql.results.jdbc.internal.JdbcValuesResultSetImpl.processNext(JdbcValuesResultSetImpl.java:134)
	at org.hibernate.sql.results.jdbc.internal.AbstractJdbcValues.next(AbstractJdbcValues.java:19)
	at org.hibernate.sql.results.internal.RowProcessingStateStandardImpl.next(RowProcessingStateStandardImpl.java:66)
	at org.hibernate.sql.results.spi.ListResultsConsumer.consume(ListResultsConsumer.java:184)
	at org.hibernate.sql.results.spi.ListResultsConsumer.consume(ListResultsConsumer.java:33)
	at org.hibernate.sql.exec.internal.JdbcSelectExecutorStandardImpl.doExecuteQuery(JdbcSelectExecutorStandardImpl.java:361)
	at org.hibernate.sql.exec.internal.JdbcSelectExecutorStandardImpl.executeQuery(JdbcSelectExecutorStandardImpl.java:168)
	at org.hibernate.sql.exec.internal.JdbcSelectExecutorStandardImpl.list(JdbcSelectExecutorStandardImpl.java:93)
	at org.hibernate.sql.exec.spi.JdbcSelectExecutor.list(JdbcSelectExecutor.java:31)
	at org.hibernate.loader.ast.internal.SingleIdLoadPlan.load(SingleIdLoadPlan.java:146)
	at org.hibernate.loader.ast.internal.SingleIdLoadPlan.load(SingleIdLoadPlan.java:118)
	at org.hibernate.loader.ast.internal.SingleIdEntityLoaderStandardImpl.load(SingleIdEntityLoaderStandardImpl.java:73)
	at org.hibernate.persister.entity.AbstractEntityPersister.doLoad(AbstractEntityPersister.java:3482)
	at org.hibernate.persister.entity.AbstractEntityPersister.load(AbstractEntityPersister.java:3472)
	at org.hibernate.event.internal.DefaultLoadEventListener.loadFromDatasource(DefaultLoadEventListener.java:581)
	at org.hibernate.event.internal.DefaultLoadEventListener.loadFromCacheOrDatasource(DefaultLoadEventListener.java:567)
	at org.hibernate.event.internal.DefaultLoadEventListener.load(DefaultLoadEventListener.java:536)
	at org.hibernate.event.internal.DefaultLoadEventListener.doLoad(DefaultLoadEventListener.java:529)
	at org.hibernate.event.internal.DefaultLoadEventListener.load(DefaultLoadEventListener.java:202)
	at org.hibernate.event.internal.DefaultLoadEventListener.loadWithRegularProxy(DefaultLoadEventListener.java:282)
	at org.hibernate.event.internal.DefaultLoadEventListener.proxyOrLoad(DefaultLoadEventListener.java:237)
	at org.hibernate.event.internal.DefaultLoadEventListener.doOnLoad(DefaultLoadEventListener.java:106)
	at org.hibernate.event.internal.DefaultLoadEventListener.onLoad(DefaultLoadEventListener.java:78)
	at org.hibernate.event.service.internal.EventListenerGroupImpl.fireEventOnEachListener(EventListenerGroupImpl.java:138)
	at org.hibernate.internal.SessionImpl.fireLoadNoChecks(SessionImpl.java:1231)
	at org.hibernate.internal.SessionImpl.fireLoad(SessionImpl.java:1219)
	at org.hibernate.loader.internal.IdentifierLoadAccessImpl.doLoad(IdentifierLoadAccessImpl.java:194)
	at org.hibernate.loader.internal.IdentifierLoadAccessImpl.lambda$load$1(IdentifierLoadAccessImpl.java:160)
	at org.hibernate.loader.internal.IdentifierLoadAccessImpl.perform(IdentifierLoadAccessImpl.java:107)
	at org.hibernate.loader.internal.IdentifierLoadAccessImpl.load(IdentifierLoadAccessImpl.java:160)
	at org.hibernate.internal.SessionImpl.get(SessionImpl.java:1024)
	at org.hibernate.event.internal.DefaultMergeEventListener.lambda$entityIsDetached$0(DefaultMergeEventListener.java:334)
	at org.hibernate.engine.spi.LoadQueryInfluencers.fromInternalFetchProfile(LoadQueryInfluencers.java:79)
	at org.hibernate.event.internal.DefaultMergeEventListener.entityIsDetached(DefaultMergeEventListener.java:332)
	at org.hibernate.event.internal.DefaultMergeEventListener.merge(DefaultMergeEventListener.java:149)
	at org.hibernate.event.internal.DefaultMergeEventListener.doMerge(DefaultMergeEventListener.java:142)
	at org.hibernate.event.internal.DefaultMergeEventListener.onMerge(DefaultMergeEventListener.java:126)
	at org.hibernate.event.internal.DefaultMergeEventListener.onMerge(DefaultMergeEventListener.java:80)
	at org.hibernate.event.service.internal.EventListenerGroupImpl.fireEventOnEachListener(EventListenerGroupImpl.java:127)
	at org.hibernate.internal.SessionImpl.fireMerge(SessionImpl.java:848)
	at org.hibernate.internal.SessionImpl.merge(SessionImpl.java:834)
	at java.base/jdk.internal.reflect.NativeMethodAccessorImpl.invoke0(Native Method)
	at java.base/jdk.internal.reflect.NativeMethodAccessorImpl.invoke(NativeMethodAccessorImpl.java:77)
	at java.base/jdk.internal.reflect.DelegatingMethodAccessorImpl.invoke(DelegatingMethodAccessorImpl.java:43)
	at java.base/java.lang.reflect.Method.invoke(Method.java:568)
	at org.springframework.orm.jpa.SharedEntityManagerCreator$SharedEntityManagerInvocationHandler.invoke(SharedEntityManagerCreator.java:311)
	at jdk.proxy4/jdk.proxy4.$Proxy104.merge(Unknown Source)
	at org.springframework.data.jpa.repository.support.SimpleJpaRepository.save(SimpleJpaRepository.java:620)
	at java.base/jdk.internal.reflect.NativeMethodAccessorImpl.invoke0(Native Method)
	at java.base/jdk.internal.reflect.NativeMethodAccessorImpl.invoke(NativeMethodAccessorImpl.java:77)
	at java.base/jdk.internal.reflect.DelegatingMethodAccessorImpl.invoke(DelegatingMethodAccessorImpl.java:43)
	at java.base/java.lang.reflect.Method.invoke(Method.java:568)
	at org.springframework.data.repository.core.support.RepositoryMethodInvoker$RepositoryFragmentMethodInvoker.lambda$new$0(RepositoryMethodInvoker.java:288)
	at org.springframework.data.repository.core.support.RepositoryMethodInvoker.doInvoke(RepositoryMethodInvoker.java:136)
	at org.springframework.data.repository.core.support.RepositoryMethodInvoker.invoke(RepositoryMethodInvoker.java:120)
	at org.springframework.data.repository.core.support.RepositoryComposition$RepositoryFragments.invoke(RepositoryComposition.java:516)
	at org.springframework.data.repository.core.support.RepositoryComposition.invoke(RepositoryComposition.java:285)
	at org.springframework.data.repository.core.support.RepositoryFactorySupport$ImplementationMethodExecutionInterceptor.invoke(RepositoryFactorySupport.java:628)
	at org.springframework.aop.framework.ReflectiveMethodInvocation.proceed(ReflectiveMethodInvocation.java:184)
	at org.springframework.data.repository.core.support.QueryExecutorMethodInterceptor.doInvoke(QueryExecutorMethodInterceptor.java:168)
	at org.springframework.data.repository.core.support.QueryExecutorMethodInterceptor.invoke(QueryExecutorMethodInterceptor.java:143)
	at org.springframework.aop.framework.ReflectiveMethodInvocation.proceed(ReflectiveMethodInvocation.java:184)
	at org.springframework.data.projection.DefaultMethodInvokingMethodInterceptor.invoke(DefaultMethodInvokingMethodInterceptor.java:72)
	at org.springframework.aop.framework.ReflectiveMethodInvocation.proceed(ReflectiveMethodInvocation.java:184)
	at org.springframework.transaction.interceptor.TransactionInterceptor$1.proceedWithInvocation(TransactionInterceptor.java:123)
	at org.springframework.transaction.interceptor.TransactionAspectSupport.invokeWithinTransaction(TransactionAspectSupport.java:391)
	at org.springframework.transaction.interceptor.TransactionInterceptor.invoke(TransactionInterceptor.java:119)
	at org.springframework.aop.framework.ReflectiveMethodInvocation.proceed(ReflectiveMethodInvocation.java:184)
	at org.springframework.dao.support.PersistenceExceptionTranslationInterceptor.invoke(PersistenceExceptionTranslationInterceptor.java:137)
	at org.springframework.aop.framework.ReflectiveMethodInvocation.proceed(ReflectiveMethodInvocation.java:184)
	at org.springframework.data.jpa.repository.support.CrudMethodMetadataPostProcessor$CrudMethodMetadataPopulatingMethodInterceptor.invoke(CrudMethodMetadataPostProcessor.java:164)
	at org.springframework.aop.framework.ReflectiveMethodInvocation.proceed(ReflectiveMethodInvocation.java:184)
	at org.springframework.aop.interceptor.ExposeInvocationInterceptor.invoke(ExposeInvocationInterceptor.java:97)
	at org.springframework.aop.framework.ReflectiveMethodInvocation.proceed(ReflectiveMethodInvocation.java:184)
	at org.springframework.aop.framework.JdkDynamicAopProxy.invoke(JdkDynamicAopProxy.java:244)
	at jdk.proxy4/jdk.proxy4.$Proxy109.save(Unknown Source)
	at com.sil.services.pullPOSTxnData.fetchAndStoreTransactions(pullPOSTxnData.java:55)
	at com.sil.services.ScheduledTasks.runDailyTask(ScheduledTasks.java:24)
	at java.base/jdk.internal.reflect.NativeMethodAccessorImpl.invoke0(Native Method)
	at java.base/jdk.internal.reflect.NativeMethodAccessorImpl.invoke(NativeMethodAccessorImpl.java:77)
	at java.base/jdk.internal.reflect.DelegatingMethodAccessorImpl.invoke(DelegatingMethodAccessorImpl.java:43)
	at java.base/java.lang.reflect.Method.invoke(Method.java:568)
	at org.springframework.scheduling.support.ScheduledMethodRunnable.run(ScheduledMethodRunnable.java:84)
	at org.springframework.scheduling.support.DelegatingErrorHandlingRunnable.run(DelegatingErrorHandlingRunnable.java:54)
	at org.springframework.scheduling.concurrent.ReschedulingRunnable.run(ReschedulingRunnable.java:96)
	at java.base/java.util.concurrent.Executors$RunnableAdapter.call(Executors.java:539)
	at java.base/java.util.concurrent.FutureTask.run(FutureTask.java:264)
	at java.base/java.util.concurrent.ScheduledThreadPoolExecutor$ScheduledFutureTask.run(ScheduledThreadPoolExecutor.java:304)
	at java.base/java.util.concurrent.ThreadPoolExecutor.runWorker(ThreadPoolExecutor.java:1136)
	at java.base/java.util.concurrent.ThreadPoolExecutor$Worker.run(ThreadPoolExecutor.java:635)
	at java.base/java.lang.Thread.run(Thread.java:833)
Caused by: com.microsoft.sqlserver.jdbc.SQLServerException: Invalid object name 'POS_TRANSACTION_RECON'.
	at com.microsoft.sqlserver.jdbc.SQLServerException.makeFromDatabaseError(SQLServerException.java:258)
	at com.microsoft.sqlserver.jdbc.SQLServerStatement.getNextResult(SQLServerStatement.java:1535)
	at com.microsoft.sqlserver.jdbc.SQLServerPreparedStatement.doExecutePreparedStatement(SQLServerPreparedStatement.java:467)
	at com.microsoft.sqlserver.jdbc.SQLServerPreparedStatement$PrepStmtExecCmd.doExecute(SQLServerPreparedStatement.java:409)
	at com.microsoft.sqlserver.jdbc.TDSCommand.execute(IOBuffer.java:7151)
	at com.microsoft.sqlserver.jdbc.SQLServerConnection.executeCommand(SQLServerConnection.java:2478)
	at com.microsoft.sqlserver.jdbc.SQLServerStatement.executeCommand(SQLServerStatement.java:219)
	at com.microsoft.sqlserver.jdbc.SQLServerStatement.executeStatement(SQLServerStatement.java:199)
	at com.microsoft.sqlserver.jdbc.SQLServerPreparedStatement.executeQuery(SQLServerPreparedStatement.java:331)
	at com.zaxxer.hikari.pool.ProxyPreparedStatement.executeQuery(ProxyPreparedStatement.java:52)
	at com.zaxxer.hikari.pool.HikariProxyPreparedStatement.executeQuery(HikariProxyPreparedStatement.java)
	at org.hibernate.sql.results.jdbc.internal.DeferredResultSetAccess.executeQuery(DeferredResultSetAccess.java:239)
	... 93 common frames omitted
2024-11-04 21:46:25,514 INFO [restartedMain] org.springframework.boot.StartupInfoLogger [51] Starting PullAndSavePOSTxnDataApplication using Java 17.0.2 with PID 10600 (E:\Projects\Zambia Recon\PullPOSTxnData\target\classes started by vinayak more in E:\Projects\Zambia Recon\PullPOSTxnData)
2024-11-04 21:46:25,517 INFO [restartedMain] org.springframework.boot.SpringApplication [634] No active profile set, falling back to 1 default profile: "default"
2024-11-04 21:46:25,575 INFO [restartedMain] org.springframework.boot.logging.DeferredLog [250] Devtools property defaults active! Set 'spring.devtools.add-properties' to 'false' to disable
2024-11-04 21:46:25,575 INFO [restartedMain] org.springframework.boot.logging.DeferredLog [250] For additional web related logging consider setting the 'logging.level.web' property to 'DEBUG'
2024-11-04 21:46:26,286 INFO [restartedMain] org.springframework.data.repository.config.RepositoryConfigurationDelegate [138] Bootstrapping Spring Data JPA repositories in DEFAULT mode.
2024-11-04 21:46:26,368 INFO [restartedMain] org.springframework.data.repository.config.RepositoryConfigurationDelegate [208] Finished Spring Data repository scanning in 70 ms. Found 1 JPA repository interfaces.
2024-11-04 21:46:27,393 INFO [restartedMain] org.springframework.boot.web.embedded.tomcat.TomcatWebServer [108] Tomcat initialized with port(s): 7175 (http)
2024-11-04 21:46:27,403 INFO [restartedMain] org.apache.juli.logging.DirectJDKLog [173] Initializing ProtocolHandler ["http-nio-7175"]
2024-11-04 21:46:27,406 INFO [restartedMain] org.apache.juli.logging.DirectJDKLog [173] Starting service [Tomcat]
2024-11-04 21:46:27,406 INFO [restartedMain] org.apache.juli.logging.DirectJDKLog [173] Starting Servlet engine: [Apache Tomcat/10.1.12]
2024-11-04 21:46:27,498 INFO [restartedMain] org.apache.juli.logging.DirectJDKLog [173] Initializing Spring embedded WebApplicationContext
2024-11-04 21:46:27,500 INFO [restartedMain] org.springframework.boot.web.servlet.context.ServletWebServerApplicationContext [291] Root WebApplicationContext: initialization completed in 1922 ms
2024-11-04 21:46:27,668 INFO [restartedMain] com.zaxxer.hikari.HikariDataSource [110] mssql-zambia - Starting...
2024-11-04 21:46:30,048 INFO [restartedMain] com.zaxxer.hikari.pool.HikariPool [565] mssql-zambia - Added connection ConnectionID:1 ClientConnectionId: b1c7bfd5-9f2f-4951-8001-375562854fc9
2024-11-04 21:46:30,050 INFO [restartedMain] com.zaxxer.hikari.HikariDataSource [123] mssql-zambia - Start completed.
2024-11-04 21:46:30,101 INFO [restartedMain] org.hibernate.jpa.internal.util.LogHelper [31] HHH000204: Processing PersistenceUnitInfo [name: default]
2024-11-04 21:46:30,147 INFO [restartedMain] org.hibernate.Version [44] HHH000412: Hibernate ORM core version 6.2.7.Final
2024-11-04 21:46:30,150 INFO [restartedMain] org.hibernate.cfg.Environment [191] HHH000406: Using bytecode reflection optimizer
2024-11-04 21:46:30,271 INFO [restartedMain] org.hibernate.bytecode.internal.BytecodeProviderInitiator [53] HHH000021: Bytecode provider name : bytebuddy
2024-11-04 21:46:30,382 INFO [restartedMain] org.springframework.orm.jpa.persistenceunit.SpringPersistenceUnitInfo [87] No LoadTimeWeaver setup: ignoring JPA class transformer
2024-11-04 21:46:30,412 WARN [restartedMain] org.hibernate.engine.jdbc.dialect.internal.DialectFactoryImpl [100] HHH90000026: SQLServer2012Dialect has been deprecated; use org.hibernate.dialect.SQLServerDialect instead
2024-11-04 21:46:31,264 INFO [restartedMain] org.hibernate.bytecode.internal.BytecodeProviderInitiator [53] HHH000021: Bytecode provider name : bytebuddy
2024-11-04 21:46:31,835 INFO [restartedMain] org.hibernate.engine.transaction.jta.platform.internal.JtaPlatformInitiator [51] HHH000490: Using JtaPlatform implementation: [org.hibernate.engine.transaction.jta.platform.internal.NoJtaPlatform]
2024-11-04 21:46:31,839 INFO [restartedMain] org.springframework.orm.jpa.AbstractEntityManagerFactoryBean [437] Initialized JPA EntityManagerFactory for persistence unit 'default'
2024-11-04 21:46:32,134 INFO [restartedMain] org.springframework.data.jpa.repository.query.QueryEnhancerFactory [47] Hibernate is in classpath; If applicable, HQL parser will be used.
2024-11-04 21:46:32,650 WARN [restartedMain] org.springframework.boot.autoconfigure.orm.jpa.JpaBaseConfiguration$JpaWebConfiguration [231] spring.jpa.open-in-view is enabled by default. Therefore, database queries may be performed during view rendering. Explicitly configure spring.jpa.open-in-view to disable this warning
2024-11-04 21:46:33,006 INFO [restartedMain] org.springframework.boot.devtools.autoconfigure.OptionalLiveReloadServer [59] LiveReload server is running on port 35729
2024-11-04 21:46:33,021 INFO [restartedMain] org.apache.juli.logging.DirectJDKLog [173] Starting ProtocolHandler ["http-nio-7175"]
2024-11-04 21:46:33,048 INFO [restartedMain] org.springframework.boot.web.embedded.tomcat.TomcatWebServer [220] Tomcat started on port(s): 7175 (http) with context path ''
2024-11-04 21:46:33,067 INFO [restartedMain] org.springframework.boot.StartupInfoLogger [57] Started PullAndSavePOSTxnDataApplication in 7.866 seconds (process running for 8.606)
